[ 2017-09-01T10:29:07+08:00 ] 127.0.0.1 /Gifts/saveObookSum
INFO: [ app_init ] --START--
INFO: Run Behavior\BuildLiteBehavior [ RunTime:0.000000s ]
INFO: [ app_init ] --END-- [ RunTime:0.001000s ]
INFO: [ app_begin ] --START--
INFO: Run Behavior\ReadHtmlCacheBehavior [ RunTime:0.000000s ]
INFO: [ app_begin ] --END-- [ RunTime:0.000000s ]
NOTIC: [8] Undefined index: usercode D:\xampp\htdocs\mobilebook\Application\Mobile\Controller\MobileBaseController.class.php 第 96 行.
ERR: 1064:You have an error in your SQL syntax; check the manual that corresponds to your MariaDB server version for the right syntax to use near ') ) LIMIT 1' at line 1
 [ SQL语句 ] : SELECT COUNT(*) AS tp_count FROM `jieqi_distribution_comment` WHERE ( articleid=22 AND (ischeck=1 OR userid=) ) LIMIT 1  
ERR: 1064:You have an error in your SQL syntax; check the manual that corresponds to your MariaDB server version for the right syntax to use near ') ) LIMIT 1' at line 1
 [ SQL语句 ] : SELECT COUNT(*) AS tp_count FROM `jieqi_distribution_comment` WHERE ( articleid=24 AND (ischeck=1 OR userid=) ) LIMIT 1  
ERR: 1064:You have an error in your SQL syntax; check the manual that corresponds to your MariaDB server version for the right syntax to use near ') ) LIMIT 1' at line 1
 [ SQL语句 ] : SELECT COUNT(*) AS tp_count FROM `jieqi_distribution_comment` WHERE ( articleid=30 AND (ischeck=1 OR userid=) ) LIMIT 1  
ERR: 1064:You have an error in your SQL syntax; check the manual that corresponds to your MariaDB server version for the right syntax to use near ') ) LIMIT 1' at line 1
 [ SQL语句 ] : SELECT COUNT(*) AS tp_count FROM `jieqi_distribution_comment` WHERE ( articleid=38 AND (ischeck=1 OR userid=) ) LIMIT 1  
ERR: 1064:You have an error in your SQL syntax; check the manual that corresponds to your MariaDB server version for the right syntax to use near ') ) LIMIT 1' at line 1
 [ SQL语句 ] : SELECT COUNT(*) AS tp_count FROM `jieqi_distribution_comment` WHERE ( articleid=512 AND (ischeck=1 OR userid=) ) LIMIT 1  
ERR: 1064:You have an error in your SQL syntax; check the manual that corresponds to your MariaDB server version for the right syntax to use near ') ) LIMIT 1' at line 1
 [ SQL语句 ] : SELECT COUNT(*) AS tp_count FROM `jieqi_distribution_comment` WHERE ( articleid=1710 AND (ischeck=1 OR userid=) ) LIMIT 1  
ERR: 1064:You have an error in your SQL syntax; check the manual that corresponds to your MariaDB server version for the right syntax to use near ') ) LIMIT 1' at line 1
 [ SQL语句 ] : SELECT COUNT(*) AS tp_count FROM `jieqi_distribution_comment` WHERE ( articleid=1750 AND (ischeck=1 OR userid=) ) LIMIT 1  
ERR: 1064:You have an error in your SQL syntax; check the manual that corresponds to your MariaDB server version for the right syntax to use near ') ) LIMIT 1' at line 1
 [ SQL语句 ] : SELECT COUNT(*) AS tp_count FROM `jieqi_distribution_comment` WHERE ( articleid=1751 AND (ischeck=1 OR userid=) ) LIMIT 1  
ERR: 1064:You have an error in your SQL syntax; check the manual that corresponds to your MariaDB server version for the right syntax to use near ') ) LIMIT 1' at line 1
 [ SQL语句 ] : SELECT COUNT(*) AS tp_count FROM `jieqi_distribution_comment` WHERE ( articleid=1754 AND (ischeck=1 OR userid=) ) LIMIT 1  
ERR: 1064:You have an error in your SQL syntax; check the manual that corresponds to your MariaDB server version for the right syntax to use near ') ) LIMIT 1' at line 1
 [ SQL语句 ] : SELECT COUNT(*) AS tp_count FROM `jieqi_distribution_comment` WHERE ( articleid=1755 AND (ischeck=1 OR userid=) ) LIMIT 1  
ERR: 1064:You have an error in your SQL syntax; check the manual that corresponds to your MariaDB server version for the right syntax to use near ') ) LIMIT 1' at line 1
 [ SQL语句 ] : SELECT COUNT(*) AS tp_count FROM `jieqi_distribution_comment` WHERE ( articleid=1756 AND (ischeck=1 OR userid=) ) LIMIT 1  
ERR: 1064:You have an error in your SQL syntax; check the manual that corresponds to your MariaDB server version for the right syntax to use near ') ) LIMIT 1' at line 1
 [ SQL语句 ] : SELECT COUNT(*) AS tp_count FROM `jieqi_distribution_comment` WHERE ( articleid=1757 AND (ischeck=1 OR userid=) ) LIMIT 1  
ERR: 1064:You have an error in your SQL syntax; check the manual that corresponds to your MariaDB server version for the right syntax to use near ') ) LIMIT 1' at line 1
 [ SQL语句 ] : SELECT COUNT(*) AS tp_count FROM `jieqi_distribution_comment` WHERE ( articleid=1758 AND (ischeck=1 OR userid=) ) LIMIT 1  
ERR: 1064:You have an error in your SQL syntax; check the manual that corresponds to your MariaDB server version for the right syntax to use near ') ) LIMIT 1' at line 1
 [ SQL语句 ] : SELECT COUNT(*) AS tp_count FROM `jieqi_distribution_comment` WHERE ( articleid=1759 AND (ischeck=1 OR userid=) ) LIMIT 1  
ERR: 1064:You have an error in your SQL syntax; check the manual that corresponds to your MariaDB server version for the right syntax to use near ') ) LIMIT 1' at line 1
 [ SQL语句 ] : SELECT COUNT(*) AS tp_count FROM `jieqi_distribution_comment` WHERE ( articleid=1760 AND (ischeck=1 OR userid=) ) LIMIT 1  
ERR: 1064:You have an error in your SQL syntax; check the manual that corresponds to your MariaDB server version for the right syntax to use near ') ) LIMIT 1' at line 1
 [ SQL语句 ] : SELECT COUNT(*) AS tp_count FROM `jieqi_distribution_comment` WHERE ( articleid=1768 AND (ischeck=1 OR userid=) ) LIMIT 1  
ERR: 1064:You have an error in your SQL syntax; check the manual that corresponds to your MariaDB server version for the right syntax to use near ') ) LIMIT 1' at line 1
 [ SQL语句 ] : SELECT COUNT(*) AS tp_count FROM `jieqi_distribution_comment` WHERE ( articleid=1769 AND (ischeck=1 OR userid=) ) LIMIT 1  
ERR: 1064:You have an error in your SQL syntax; check the manual that corresponds to your MariaDB server version for the right syntax to use near ') ) LIMIT 1' at line 1
 [ SQL语句 ] : SELECT COUNT(*) AS tp_count FROM `jieqi_distribution_comment` WHERE ( articleid=1770 AND (ischeck=1 OR userid=) ) LIMIT 1  
ERR: 1064:You have an error in your SQL syntax; check the manual that corresponds to your MariaDB server version for the right syntax to use near ') ) LIMIT 1' at line 1
 [ SQL语句 ] : SELECT COUNT(*) AS tp_count FROM `jieqi_distribution_comment` WHERE ( articleid=1771 AND (ischeck=1 OR userid=) ) LIMIT 1  
ERR: 1064:You have an error in your SQL syntax; check the manual that corresponds to your MariaDB server version for the right syntax to use near ') ) LIMIT 1' at line 1
 [ SQL语句 ] : SELECT COUNT(*) AS tp_count FROM `jieqi_distribution_comment` WHERE ( articleid=1772 AND (ischeck=1 OR userid=) ) LIMIT 1  
ERR: 1064:You have an error in your SQL syntax; check the manual that corresponds to your MariaDB server version for the right syntax to use near ') ) LIMIT 1' at line 1
 [ SQL语句 ] : SELECT COUNT(*) AS tp_count FROM `jieqi_distribution_comment` WHERE ( articleid=1774 AND (ischeck=1 OR userid=) ) LIMIT 1  
ERR: 1064:You have an error in your SQL syntax; check the manual that corresponds to your MariaDB server version for the right syntax to use near ') ) LIMIT 1' at line 1
 [ SQL语句 ] : SELECT COUNT(*) AS tp_count FROM `jieqi_distribution_comment` WHERE ( articleid=1775 AND (ischeck=1 OR userid=) ) LIMIT 1  
ERR: 1064:You have an error in your SQL syntax; check the manual that corresponds to your MariaDB server version for the right syntax to use near ') ) LIMIT 1' at line 1
 [ SQL语句 ] : SELECT COUNT(*) AS tp_count FROM `jieqi_distribution_comment` WHERE ( articleid=1776 AND (ischeck=1 OR userid=) ) LIMIT 1  
ERR: 1064:You have an error in your SQL syntax; check the manual that corresponds to your MariaDB server version for the right syntax to use near ') ) LIMIT 1' at line 1
 [ SQL语句 ] : SELECT COUNT(*) AS tp_count FROM `jieqi_distribution_comment` WHERE ( articleid=1777 AND (ischeck=1 OR userid=) ) LIMIT 1  
ERR: 1064:You have an error in your SQL syntax; check the manual that corresponds to your MariaDB server version for the right syntax to use near ') ) LIMIT 1' at line 1
 [ SQL语句 ] : SELECT COUNT(*) AS tp_count FROM `jieqi_distribution_comment` WHERE ( articleid=1779 AND (ischeck=1 OR userid=) ) LIMIT 1  
ERR: 1064:You have an error in your SQL syntax; check the manual that corresponds to your MariaDB server version for the right syntax to use near ') ) LIMIT 1' at line 1
 [ SQL语句 ] : SELECT COUNT(*) AS tp_count FROM `jieqi_distribution_comment` WHERE ( articleid=1780 AND (ischeck=1 OR userid=) ) LIMIT 1  
ERR: 1064:You have an error in your SQL syntax; check the manual that corresponds to your MariaDB server version for the right syntax to use near ') ) LIMIT 1' at line 1
 [ SQL语句 ] : SELECT COUNT(*) AS tp_count FROM `jieqi_distribution_comment` WHERE ( articleid=1781 AND (ischeck=1 OR userid=) ) LIMIT 1  
ERR: 1064:You have an error in your SQL syntax; check the manual that corresponds to your MariaDB server version for the right syntax to use near ') ) LIMIT 1' at line 1
 [ SQL语句 ] : SELECT COUNT(*) AS tp_count FROM `jieqi_distribution_comment` WHERE ( articleid=1782 AND (ischeck=1 OR userid=) ) LIMIT 1  
ERR: 1064:You have an error in your SQL syntax; check the manual that corresponds to your MariaDB server version for the right syntax to use near ') ) LIMIT 1' at line 1
 [ SQL语句 ] : SELECT COUNT(*) AS tp_count FROM `jieqi_distribution_comment` WHERE ( articleid=1783 AND (ischeck=1 OR userid=) ) LIMIT 1  
ERR: 1064:You have an error in your SQL syntax; check the manual that corresponds to your MariaDB server version for the right syntax to use near ') ) LIMIT 1' at line 1
 [ SQL语句 ] : SELECT COUNT(*) AS tp_count FROM `jieqi_distribution_comment` WHERE ( articleid=1784 AND (ischeck=1 OR userid=) ) LIMIT 1  
ERR: 1064:You have an error in your SQL syntax; check the manual that corresponds to your MariaDB server version for the right syntax to use near ') ) LIMIT 1' at line 1
 [ SQL语句 ] : SELECT COUNT(*) AS tp_count FROM `jieqi_distribution_comment` WHERE ( articleid=1785 AND (ischeck=1 OR userid=) ) LIMIT 1  
ERR: 1064:You have an error in your SQL syntax; check the manual that corresponds to your MariaDB server version for the right syntax to use near ') ) LIMIT 1' at line 1
 [ SQL语句 ] : SELECT COUNT(*) AS tp_count FROM `jieqi_distribution_comment` WHERE ( articleid=1786 AND (ischeck=1 OR userid=) ) LIMIT 1  
ERR: 1064:You have an error in your SQL syntax; check the manual that corresponds to your MariaDB server version for the right syntax to use near ') ) LIMIT 1' at line 1
 [ SQL语句 ] : SELECT COUNT(*) AS tp_count FROM `jieqi_distribution_comment` WHERE ( articleid=1787 AND (ischeck=1 OR userid=) ) LIMIT 1  
ERR: 1064:You have an error in your SQL syntax; check the manual that corresponds to your MariaDB server version for the right syntax to use near ') ) LIMIT 1' at line 1
 [ SQL语句 ] : SELECT COUNT(*) AS tp_count FROM `jieqi_distribution_comment` WHERE ( articleid=1788 AND (ischeck=1 OR userid=) ) LIMIT 1  
ERR: 1064:You have an error in your SQL syntax; check the manual that corresponds to your MariaDB server version for the right syntax to use near ') ) LIMIT 1' at line 1
 [ SQL语句 ] : SELECT COUNT(*) AS tp_count FROM `jieqi_distribution_comment` WHERE ( articleid=1789 AND (ischeck=1 OR userid=) ) LIMIT 1  
ERR: 1064:You have an error in your SQL syntax; check the manual that corresponds to your MariaDB server version for the right syntax to use near ') ) LIMIT 1' at line 1
 [ SQL语句 ] : SELECT COUNT(*) AS tp_count FROM `jieqi_distribution_comment` WHERE ( articleid=1790 AND (ischeck=1 OR userid=) ) LIMIT 1  
ERR: 1064:You have an error in your SQL syntax; check the manual that corresponds to your MariaDB server version for the right syntax to use near ') ) LIMIT 1' at line 1
 [ SQL语句 ] : SELECT COUNT(*) AS tp_count FROM `jieqi_distribution_comment` WHERE ( articleid=1791 AND (ischeck=1 OR userid=) ) LIMIT 1  
ERR: 1064:You have an error in your SQL syntax; check the manual that corresponds to your MariaDB server version for the right syntax to use near ') ) LIMIT 1' at line 1
 [ SQL语句 ] : SELECT COUNT(*) AS tp_count FROM `jieqi_distribution_comment` WHERE ( articleid=1792 AND (ischeck=1 OR userid=) ) LIMIT 1  
ERR: 1064:You have an error in your SQL syntax; check the manual that corresponds to your MariaDB server version for the right syntax to use near ') ) LIMIT 1' at line 1
 [ SQL语句 ] : SELECT COUNT(*) AS tp_count FROM `jieqi_distribution_comment` WHERE ( articleid=1793 AND (ischeck=1 OR userid=) ) LIMIT 1  
ERR: 1064:You have an error in your SQL syntax; check the manual that corresponds to your MariaDB server version for the right syntax to use near ') ) LIMIT 1' at line 1
 [ SQL语句 ] : SELECT COUNT(*) AS tp_count FROM `jieqi_distribution_comment` WHERE ( articleid=1794 AND (ischeck=1 OR userid=) ) LIMIT 1  
ERR: 1064:You have an error in your SQL syntax; check the manual that corresponds to your MariaDB server version for the right syntax to use near ') ) LIMIT 1' at line 1
 [ SQL语句 ] : SELECT COUNT(*) AS tp_count FROM `jieqi_distribution_comment` WHERE ( articleid=1795 AND (ischeck=1 OR userid=) ) LIMIT 1  
ERR: 1064:You have an error in your SQL syntax; check the manual that corresponds to your MariaDB server version for the right syntax to use near ') ) LIMIT 1' at line 1
 [ SQL语句 ] : SELECT COUNT(*) AS tp_count FROM `jieqi_distribution_comment` WHERE ( articleid=1796 AND (ischeck=1 OR userid=) ) LIMIT 1  
ERR: 1064:You have an error in your SQL syntax; check the manual that corresponds to your MariaDB server version for the right syntax to use near ') ) LIMIT 1' at line 1
 [ SQL语句 ] : SELECT COUNT(*) AS tp_count FROM `jieqi_distribution_comment` WHERE ( articleid=1797 AND (ischeck=1 OR userid=) ) LIMIT 1  
ERR: 1064:You have an error in your SQL syntax; check the manual that corresponds to your MariaDB server version for the right syntax to use near ') ) LIMIT 1' at line 1
 [ SQL语句 ] : SELECT COUNT(*) AS tp_count FROM `jieqi_distribution_comment` WHERE ( articleid=1798 AND (ischeck=1 OR userid=) ) LIMIT 1  
ERR: 1064:You have an error in your SQL syntax; check the manual that corresponds to your MariaDB server version for the right syntax to use near ') ) LIMIT 1' at line 1
 [ SQL语句 ] : SELECT COUNT(*) AS tp_count FROM `jieqi_distribution_comment` WHERE ( articleid=1799 AND (ischeck=1 OR userid=) ) LIMIT 1  
ERR: 1064:You have an error in your SQL syntax; check the manual that corresponds to your MariaDB server version for the right syntax to use near ') ) LIMIT 1' at line 1
 [ SQL语句 ] : SELECT COUNT(*) AS tp_count FROM `jieqi_distribution_comment` WHERE ( articleid=1800 AND (ischeck=1 OR userid=) ) LIMIT 1  
ERR: 1064:You have an error in your SQL syntax; check the manual that corresponds to your MariaDB server version for the right syntax to use near ') ) LIMIT 1' at line 1
 [ SQL语句 ] : SELECT COUNT(*) AS tp_count FROM `jieqi_distribution_comment` WHERE ( articleid=1801 AND (ischeck=1 OR userid=) ) LIMIT 1  
ERR: 1064:You have an error in your SQL syntax; check the manual that corresponds to your MariaDB server version for the right syntax to use near ') ) LIMIT 1' at line 1
 [ SQL语句 ] : SELECT COUNT(*) AS tp_count FROM `jieqi_distribution_comment` WHERE ( articleid=1803 AND (ischeck=1 OR userid=) ) LIMIT 1  
ERR: 1064:You have an error in your SQL syntax; check the manual that corresponds to your MariaDB server version for the right syntax to use near ') ) LIMIT 1' at line 1
 [ SQL语句 ] : SELECT COUNT(*) AS tp_count FROM `jieqi_distribution_comment` WHERE ( articleid=1804 AND (ischeck=1 OR userid=) ) LIMIT 1  
ERR: 1064:You have an error in your SQL syntax; check the manual that corresponds to your MariaDB server version for the right syntax to use near ') ) LIMIT 1' at line 1
 [ SQL语句 ] : SELECT COUNT(*) AS tp_count FROM `jieqi_distribution_comment` WHERE ( articleid=1805 AND (ischeck=1 OR userid=) ) LIMIT 1  
ERR: 1064:You have an error in your SQL syntax; check the manual that corresponds to your MariaDB server version for the right syntax to use near ') ) LIMIT 1' at line 1
 [ SQL语句 ] : SELECT COUNT(*) AS tp_count FROM `jieqi_distribution_comment` WHERE ( articleid=1806 AND (ischeck=1 OR userid=) ) LIMIT 1  
ERR: 1064:You have an error in your SQL syntax; check the manual that corresponds to your MariaDB server version for the right syntax to use near ') ) LIMIT 1' at line 1
 [ SQL语句 ] : SELECT COUNT(*) AS tp_count FROM `jieqi_distribution_comment` WHERE ( articleid=1807 AND (ischeck=1 OR userid=) ) LIMIT 1  
ERR: 1064:You have an error in your SQL syntax; check the manual that corresponds to your MariaDB server version for the right syntax to use near ') ) LIMIT 1' at line 1
 [ SQL语句 ] : SELECT COUNT(*) AS tp_count FROM `jieqi_distribution_comment` WHERE ( articleid=1808 AND (ischeck=1 OR userid=) ) LIMIT 1  
ERR: 1064:You have an error in your SQL syntax; check the manual that corresponds to your MariaDB server version for the right syntax to use near ') ) LIMIT 1' at line 1
 [ SQL语句 ] : SELECT COUNT(*) AS tp_count FROM `jieqi_distribution_comment` WHERE ( articleid=1810 AND (ischeck=1 OR userid=) ) LIMIT 1  
ERR: 1064:You have an error in your SQL syntax; check the manual that corresponds to your MariaDB server version for the right syntax to use near ') ) LIMIT 1' at line 1
 [ SQL语句 ] : SELECT COUNT(*) AS tp_count FROM `jieqi_distribution_comment` WHERE ( articleid=1811 AND (ischeck=1 OR userid=) ) LIMIT 1  
ERR: 1064:You have an error in your SQL syntax; check the manual that corresponds to your MariaDB server version for the right syntax to use near ') ) LIMIT 1' at line 1
 [ SQL语句 ] : SELECT COUNT(*) AS tp_count FROM `jieqi_distribution_comment` WHERE ( articleid=1812 AND (ischeck=1 OR userid=) ) LIMIT 1  
ERR: 1064:You have an error in your SQL syntax; check the manual that corresponds to your MariaDB server version for the right syntax to use near ') ) LIMIT 1' at line 1
 [ SQL语句 ] : SELECT COUNT(*) AS tp_count FROM `jieqi_distribution_comment` WHERE ( articleid=1813 AND (ischeck=1 OR userid=) ) LIMIT 1  
ERR: 1064:You have an error in your SQL syntax; check the manual that corresponds to your MariaDB server version for the right syntax to use near ') ) LIMIT 1' at line 1
 [ SQL语句 ] : SELECT COUNT(*) AS tp_count FROM `jieqi_distribution_comment` WHERE ( articleid=1815 AND (ischeck=1 OR userid=) ) LIMIT 1  
ERR: 1064:You have an error in your SQL syntax; check the manual that corresponds to your MariaDB server version for the right syntax to use near ') ) LIMIT 1' at line 1
 [ SQL语句 ] : SELECT COUNT(*) AS tp_count FROM `jieqi_distribution_comment` WHERE ( articleid=1851 AND (ischeck=1 OR userid=) ) LIMIT 1  
ERR: 1064:You have an error in your SQL syntax; check the manual that corresponds to your MariaDB server version for the right syntax to use near ') ) LIMIT 1' at line 1
 [ SQL语句 ] : SELECT COUNT(*) AS tp_count FROM `jieqi_distribution_comment` WHERE ( articleid=1852 AND (ischeck=1 OR userid=) ) LIMIT 1  
ERR: 1064:You have an error in your SQL syntax; check the manual that corresponds to your MariaDB server version for the right syntax to use near ') ) LIMIT 1' at line 1
 [ SQL语句 ] : SELECT COUNT(*) AS tp_count FROM `jieqi_distribution_comment` WHERE ( articleid=1853 AND (ischeck=1 OR userid=) ) LIMIT 1  
ERR: 1064:You have an error in your SQL syntax; check the manual that corresponds to your MariaDB server version for the right syntax to use near ') ) LIMIT 1' at line 1
 [ SQL语句 ] : SELECT COUNT(*) AS tp_count FROM `jieqi_distribution_comment` WHERE ( articleid=1854 AND (ischeck=1 OR userid=) ) LIMIT 1  
ERR: 1064:You have an error in your SQL syntax; check the manual that corresponds to your MariaDB server version for the right syntax to use near ') ) LIMIT 1' at line 1
 [ SQL语句 ] : SELECT COUNT(*) AS tp_count FROM `jieqi_distribution_comment` WHERE ( articleid=1855 AND (ischeck=1 OR userid=) ) LIMIT 1  
ERR: 1064:You have an error in your SQL syntax; check the manual that corresponds to your MariaDB server version for the right syntax to use near ') ) LIMIT 1' at line 1
 [ SQL语句 ] : SELECT COUNT(*) AS tp_count FROM `jieqi_distribution_comment` WHERE ( articleid=1856 AND (ischeck=1 OR userid=) ) LIMIT 1  
ERR: 1064:You have an error in your SQL syntax; check the manual that corresponds to your MariaDB server version for the right syntax to use near ') ) LIMIT 1' at line 1
 [ SQL语句 ] : SELECT COUNT(*) AS tp_count FROM `jieqi_distribution_comment` WHERE ( articleid=1857 AND (ischeck=1 OR userid=) ) LIMIT 1  
ERR: 1064:You have an error in your SQL syntax; check the manual that corresponds to your MariaDB server version for the right syntax to use near ') ) LIMIT 1' at line 1
 [ SQL语句 ] : SELECT COUNT(*) AS tp_count FROM `jieqi_distribution_comment` WHERE ( articleid=1858 AND (ischeck=1 OR userid=) ) LIMIT 1  
ERR: 1064:You have an error in your SQL syntax; check the manual that corresponds to your MariaDB server version for the right syntax to use near ') ) LIMIT 1' at line 1
 [ SQL语句 ] : SELECT COUNT(*) AS tp_count FROM `jieqi_distribution_comment` WHERE ( articleid=1859 AND (ischeck=1 OR userid=) ) LIMIT 1  
ERR: 1064:You have an error in your SQL syntax; check the manual that corresponds to your MariaDB server version for the right syntax to use near ') ) LIMIT 1' at line 1
 [ SQL语句 ] : SELECT COUNT(*) AS tp_count FROM `jieqi_distribution_comment` WHERE ( articleid=1860 AND (ischeck=1 OR userid=) ) LIMIT 1  
ERR: 1064:You have an error in your SQL syntax; check the manual that corresponds to your MariaDB server version for the right syntax to use near ') ) LIMIT 1' at line 1
 [ SQL语句 ] : SELECT COUNT(*) AS tp_count FROM `jieqi_distribution_comment` WHERE ( articleid=1861 AND (ischeck=1 OR userid=) ) LIMIT 1  
ERR: 1064:You have an error in your SQL syntax; check the manual that corresponds to your MariaDB server version for the right syntax to use near ') ) LIMIT 1' at line 1
 [ SQL语句 ] : SELECT COUNT(*) AS tp_count FROM `jieqi_distribution_comment` WHERE ( articleid=1862 AND (ischeck=1 OR userid=) ) LIMIT 1  
ERR: 1064:You have an error in your SQL syntax; check the manual that corresponds to your MariaDB server version for the right syntax to use near ') ) LIMIT 1' at line 1
 [ SQL语句 ] : SELECT COUNT(*) AS tp_count FROM `jieqi_distribution_comment` WHERE ( articleid=1863 AND (ischeck=1 OR userid=) ) LIMIT 1  
ERR: 1064:You have an error in your SQL syntax; check the manual that corresponds to your MariaDB server version for the right syntax to use near ') ) LIMIT 1' at line 1
 [ SQL语句 ] : SELECT COUNT(*) AS tp_count FROM `jieqi_distribution_comment` WHERE ( articleid=1864 AND (ischeck=1 OR userid=) ) LIMIT 1  
ERR: 1064:You have an error in your SQL syntax; check the manual that corresponds to your MariaDB server version for the right syntax to use near ') ) LIMIT 1' at line 1
 [ SQL语句 ] : SELECT COUNT(*) AS tp_count FROM `jieqi_distribution_comment` WHERE ( articleid=1865 AND (ischeck=1 OR userid=) ) LIMIT 1  
ERR: 1064:You have an error in your SQL syntax; check the manual that corresponds to your MariaDB server version for the right syntax to use near ') ) LIMIT 1' at line 1
 [ SQL语句 ] : SELECT COUNT(*) AS tp_count FROM `jieqi_distribution_comment` WHERE ( articleid=1868 AND (ischeck=1 OR userid=) ) LIMIT 1  
ERR: 1064:You have an error in your SQL syntax; check the manual that corresponds to your MariaDB server version for the right syntax to use near ') ) LIMIT 1' at line 1
 [ SQL语句 ] : SELECT COUNT(*) AS tp_count FROM `jieqi_distribution_comment` WHERE ( articleid=1869 AND (ischeck=1 OR userid=) ) LIMIT 1  
ERR: 1064:You have an error in your SQL syntax; check the manual that corresponds to your MariaDB server version for the right syntax to use near ') ) LIMIT 1' at line 1
 [ SQL语句 ] : SELECT COUNT(*) AS tp_count FROM `jieqi_distribution_comment` WHERE ( articleid=1870 AND (ischeck=1 OR userid=) ) LIMIT 1  
ERR: 1064:You have an error in your SQL syntax; check the manual that corresponds to your MariaDB server version for the right syntax to use near ') ) LIMIT 1' at line 1
 [ SQL语句 ] : SELECT COUNT(*) AS tp_count FROM `jieqi_distribution_comment` WHERE ( articleid=1871 AND (ischeck=1 OR userid=) ) LIMIT 1  
ERR: 1064:You have an error in your SQL syntax; check the manual that corresponds to your MariaDB server version for the right syntax to use near ') ) LIMIT 1' at line 1
 [ SQL语句 ] : SELECT COUNT(*) AS tp_count FROM `jieqi_distribution_comment` WHERE ( articleid=1872 AND (ischeck=1 OR userid=) ) LIMIT 1  
ERR: 1064:You have an error in your SQL syntax; check the manual that corresponds to your MariaDB server version for the right syntax to use near ') ) LIMIT 1' at line 1
 [ SQL语句 ] : SELECT COUNT(*) AS tp_count FROM `jieqi_distribution_comment` WHERE ( articleid=1874 AND (ischeck=1 OR userid=) ) LIMIT 1  
ERR: 1064:You have an error in your SQL syntax; check the manual that corresponds to your MariaDB server version for the right syntax to use near ') ) LIMIT 1' at line 1
 [ SQL语句 ] : SELECT COUNT(*) AS tp_count FROM `jieqi_distribution_comment` WHERE ( articleid=1875 AND (ischeck=1 OR userid=) ) LIMIT 1  
ERR: 1064:You have an error in your SQL syntax; check the manual that corresponds to your MariaDB server version for the right syntax to use near ') ) LIMIT 1' at line 1
 [ SQL语句 ] : SELECT COUNT(*) AS tp_count FROM `jieqi_distribution_comment` WHERE ( articleid=1876 AND (ischeck=1 OR userid=) ) LIMIT 1  
ERR: 1064:You have an error in your SQL syntax; check the manual that corresponds to your MariaDB server version for the right syntax to use near ') ) LIMIT 1' at line 1
 [ SQL语句 ] : SELECT COUNT(*) AS tp_count FROM `jieqi_distribution_comment` WHERE ( articleid=1877 AND (ischeck=1 OR userid=) ) LIMIT 1  
ERR: 1064:You have an error in your SQL syntax; check the manual that corresponds to your MariaDB server version for the right syntax to use near ') ) LIMIT 1' at line 1
 [ SQL语句 ] : SELECT COUNT(*) AS tp_count FROM `jieqi_distribution_comment` WHERE ( articleid=1878 AND (ischeck=1 OR userid=) ) LIMIT 1  
ERR: 1064:You have an error in your SQL syntax; check the manual that corresponds to your MariaDB server version for the right syntax to use near ') ) LIMIT 1' at line 1
 [ SQL语句 ] : SELECT COUNT(*) AS tp_count FROM `jieqi_distribution_comment` WHERE ( articleid=1879 AND (ischeck=1 OR userid=) ) LIMIT 1  
ERR: 1064:You have an error in your SQL syntax; check the manual that corresponds to your MariaDB server version for the right syntax to use near ') ) LIMIT 1' at line 1
 [ SQL语句 ] : SELECT COUNT(*) AS tp_count FROM `jieqi_distribution_comment` WHERE ( articleid=1880 AND (ischeck=1 OR userid=) ) LIMIT 1  
ERR: 1064:You have an error in your SQL syntax; check the manual that corresponds to your MariaDB server version for the right syntax to use near ') ) LIMIT 1' at line 1
 [ SQL语句 ] : SELECT COUNT(*) AS tp_count FROM `jieqi_distribution_comment` WHERE ( articleid=1897 AND (ischeck=1 OR userid=) ) LIMIT 1  
ERR: 1064:You have an error in your SQL syntax; check the manual that corresponds to your MariaDB server version for the right syntax to use near ') ) LIMIT 1' at line 1
 [ SQL语句 ] : SELECT COUNT(*) AS tp_count FROM `jieqi_distribution_comment` WHERE ( articleid=1898 AND (ischeck=1 OR userid=) ) LIMIT 1  
ERR: 1064:You have an error in your SQL syntax; check the manual that corresponds to your MariaDB server version for the right syntax to use near ') ) LIMIT 1' at line 1
 [ SQL语句 ] : SELECT COUNT(*) AS tp_count FROM `jieqi_distribution_comment` WHERE ( articleid=1899 AND (ischeck=1 OR userid=) ) LIMIT 1  
ERR: 1064:You have an error in your SQL syntax; check the manual that corresponds to your MariaDB server version for the right syntax to use near ') ) LIMIT 1' at line 1
 [ SQL语句 ] : SELECT COUNT(*) AS tp_count FROM `jieqi_distribution_comment` WHERE ( articleid=1900 AND (ischeck=1 OR userid=) ) LIMIT 1  
ERR: 1064:You have an error in your SQL syntax; check the manual that corresponds to your MariaDB server version for the right syntax to use near ') ) LIMIT 1' at line 1
 [ SQL语句 ] : SELECT COUNT(*) AS tp_count FROM `jieqi_distribution_comment` WHERE ( articleid=1901 AND (ischeck=1 OR userid=) ) LIMIT 1  
ERR: 1064:You have an error in your SQL syntax; check the manual that corresponds to your MariaDB server version for the right syntax to use near ') ) LIMIT 1' at line 1
 [ SQL语句 ] : SELECT COUNT(*) AS tp_count FROM `jieqi_distribution_comment` WHERE ( articleid=1902 AND (ischeck=1 OR userid=) ) LIMIT 1  
ERR: 1064:You have an error in your SQL syntax; check the manual that corresponds to your MariaDB server version for the right syntax to use near ') ) LIMIT 1' at line 1
 [ SQL语句 ] : SELECT COUNT(*) AS tp_count FROM `jieqi_distribution_comment` WHERE ( articleid=1903 AND (ischeck=1 OR userid=) ) LIMIT 1  
ERR: 1064:You have an error in your SQL syntax; check the manual that corresponds to your MariaDB server version for the right syntax to use near ') ) LIMIT 1' at line 1
 [ SQL语句 ] : SELECT COUNT(*) AS tp_count FROM `jieqi_distribution_comment` WHERE ( articleid=1904 AND (ischeck=1 OR userid=) ) LIMIT 1  
ERR: 1064:You have an error in your SQL syntax; check the manual that corresponds to your MariaDB server version for the right syntax to use near ') ) LIMIT 1' at line 1
 [ SQL语句 ] : SELECT COUNT(*) AS tp_count FROM `jieqi_distribution_comment` WHERE ( articleid=1905 AND (ischeck=1 OR userid=) ) LIMIT 1  
ERR: 1064:You have an error in your SQL syntax; check the manual that corresponds to your MariaDB server version for the right syntax to use near ') ) LIMIT 1' at line 1
 [ SQL语句 ] : SELECT COUNT(*) AS tp_count FROM `jieqi_distribution_comment` WHERE ( articleid=1906 AND (ischeck=1 OR userid=) ) LIMIT 1  
ERR: 1064:You have an error in your SQL syntax; check the manual that corresponds to your MariaDB server version for the right syntax to use near ') ) LIMIT 1' at line 1
 [ SQL语句 ] : SELECT COUNT(*) AS tp_count FROM `jieqi_distribution_comment` WHERE ( articleid=1907 AND (ischeck=1 OR userid=) ) LIMIT 1  
ERR: 1064:You have an error in your SQL syntax; check the manual that corresponds to your MariaDB server version for the right syntax to use near ') ) LIMIT 1' at line 1
 [ SQL语句 ] : SELECT COUNT(*) AS tp_count FROM `jieqi_distribution_comment` WHERE ( articleid=1908 AND (ischeck=1 OR userid=) ) LIMIT 1  
ERR: 1064:You have an error in your SQL syntax; check the manual that corresponds to your MariaDB server version for the right syntax to use near ') ) LIMIT 1' at line 1
 [ SQL语句 ] : SELECT COUNT(*) AS tp_count FROM `jieqi_distribution_comment` WHERE ( articleid=1909 AND (ischeck=1 OR userid=) ) LIMIT 1  
ERR: 1064:You have an error in your SQL syntax; check the manual that corresponds to your MariaDB server version for the right syntax to use near ') ) LIMIT 1' at line 1
 [ SQL语句 ] : SELECT COUNT(*) AS tp_count FROM `jieqi_distribution_comment` WHERE ( articleid=1910 AND (ischeck=1 OR userid=) ) LIMIT 1  
ERR: 1064:You have an error in your SQL syntax; check the manual that corresponds to your MariaDB server version for the right syntax to use near ') ) LIMIT 1' at line 1
 [ SQL语句 ] : SELECT COUNT(*) AS tp_count FROM `jieqi_distribution_comment` WHERE ( articleid=1914 AND (ischeck=1 OR userid=) ) LIMIT 1  
ERR: 1064:You have an error in your SQL syntax; check the manual that corresponds to your MariaDB server version for the right syntax to use near ') ) LIMIT 1' at line 1
 [ SQL语句 ] : SELECT COUNT(*) AS tp_count FROM `jieqi_distribution_comment` WHERE ( articleid=1915 AND (ischeck=1 OR userid=) ) LIMIT 1  
ERR: 1064:You have an error in your SQL syntax; check the manual that corresponds to your MariaDB server version for the right syntax to use near ') ) LIMIT 1' at line 1
 [ SQL语句 ] : SELECT COUNT(*) AS tp_count FROM `jieqi_distribution_comment` WHERE ( articleid=1916 AND (ischeck=1 OR userid=) ) LIMIT 1  
ERR: 1064:You have an error in your SQL syntax; check the manual that corresponds to your MariaDB server version for the right syntax to use near ') ) LIMIT 1' at line 1
 [ SQL语句 ] : SELECT COUNT(*) AS tp_count FROM `jieqi_distribution_comment` WHERE ( articleid=1917 AND (ischeck=1 OR userid=) ) LIMIT 1  
ERR: 1064:You have an error in your SQL syntax; check the manual that corresponds to your MariaDB server version for the right syntax to use near ') ) LIMIT 1' at line 1
 [ SQL语句 ] : SELECT COUNT(*) AS tp_count FROM `jieqi_distribution_comment` WHERE ( articleid=1918 AND (ischeck=1 OR userid=) ) LIMIT 1  
ERR: 1064:You have an error in your SQL syntax; check the manual that corresponds to your MariaDB server version for the right syntax to use near ') ) LIMIT 1' at line 1
 [ SQL语句 ] : SELECT COUNT(*) AS tp_count FROM `jieqi_distribution_comment` WHERE ( articleid=1919 AND (ischeck=1 OR userid=) ) LIMIT 1  
ERR: 1064:You have an error in your SQL syntax; check the manual that corresponds to your MariaDB server version for the right syntax to use near ') ) LIMIT 1' at line 1
 [ SQL语句 ] : SELECT COUNT(*) AS tp_count FROM `jieqi_distribution_comment` WHERE ( articleid=1920 AND (ischeck=1 OR userid=) ) LIMIT 1  
ERR: 1064:You have an error in your SQL syntax; check the manual that corresponds to your MariaDB server version for the right syntax to use near ') ) LIMIT 1' at line 1
 [ SQL语句 ] : SELECT COUNT(*) AS tp_count FROM `jieqi_distribution_comment` WHERE ( articleid=1921 AND (ischeck=1 OR userid=) ) LIMIT 1  
ERR: 1064:You have an error in your SQL syntax; check the manual that corresponds to your MariaDB server version for the right syntax to use near ') ) LIMIT 1' at line 1
 [ SQL语句 ] : SELECT COUNT(*) AS tp_count FROM `jieqi_distribution_comment` WHERE ( articleid=1922 AND (ischeck=1 OR userid=) ) LIMIT 1  
ERR: 1064:You have an error in your SQL syntax; check the manual that corresponds to your MariaDB server version for the right syntax to use near ') ) LIMIT 1' at line 1
 [ SQL语句 ] : SELECT COUNT(*) AS tp_count FROM `jieqi_distribution_comment` WHERE ( articleid=1923 AND (ischeck=1 OR userid=) ) LIMIT 1  
ERR: 1064:You have an error in your SQL syntax; check the manual that corresponds to your MariaDB server version for the right syntax to use near ') ) LIMIT 1' at line 1
 [ SQL语句 ] : SELECT COUNT(*) AS tp_count FROM `jieqi_distribution_comment` WHERE ( articleid=1924 AND (ischeck=1 OR userid=) ) LIMIT 1  
ERR: 1064:You have an error in your SQL syntax; check the manual that corresponds to your MariaDB server version for the right syntax to use near ') ) LIMIT 1' at line 1
 [ SQL语句 ] : SELECT COUNT(*) AS tp_count FROM `jieqi_distribution_comment` WHERE ( articleid=1925 AND (ischeck=1 OR userid=) ) LIMIT 1  
ERR: 1064:You have an error in your SQL syntax; check the manual that corresponds to your MariaDB server version for the right syntax to use near ') ) LIMIT 1' at line 1
 [ SQL语句 ] : SELECT COUNT(*) AS tp_count FROM `jieqi_distribution_comment` WHERE ( articleid=1926 AND (ischeck=1 OR userid=) ) LIMIT 1  
ERR: 1064:You have an error in your SQL syntax; check the manual that corresponds to your MariaDB server version for the right syntax to use near ') ) LIMIT 1' at line 1
 [ SQL语句 ] : SELECT COUNT(*) AS tp_count FROM `jieqi_distribution_comment` WHERE ( articleid=1927 AND (ischeck=1 OR userid=) ) LIMIT 1  
ERR: 1064:You have an error in your SQL syntax; check the manual that corresponds to your MariaDB server version for the right syntax to use near ') ) LIMIT 1' at line 1
 [ SQL语句 ] : SELECT COUNT(*) AS tp_count FROM `jieqi_distribution_comment` WHERE ( articleid=1928 AND (ischeck=1 OR userid=) ) LIMIT 1  
ERR: 1064:You have an error in your SQL syntax; check the manual that corresponds to your MariaDB server version for the right syntax to use near ') ) LIMIT 1' at line 1
 [ SQL语句 ] : SELECT COUNT(*) AS tp_count FROM `jieqi_distribution_comment` WHERE ( articleid=1929 AND (ischeck=1 OR userid=) ) LIMIT 1  
ERR: 1064:You have an error in your SQL syntax; check the manual that corresponds to your MariaDB server version for the right syntax to use near ') ) LIMIT 1' at line 1
 [ SQL语句 ] : SELECT COUNT(*) AS tp_count FROM `jieqi_distribution_comment` WHERE ( articleid=1930 AND (ischeck=1 OR userid=) ) LIMIT 1  
ERR: 1064:You have an error in your SQL syntax; check the manual that corresponds to your MariaDB server version for the right syntax to use near ') ) LIMIT 1' at line 1
 [ SQL语句 ] : SELECT COUNT(*) AS tp_count FROM `jieqi_distribution_comment` WHERE ( articleid=1931 AND (ischeck=1 OR userid=) ) LIMIT 1  
ERR: 1064:You have an error in your SQL syntax; check the manual that corresponds to your MariaDB server version for the right syntax to use near ') ) LIMIT 1' at line 1
 [ SQL语句 ] : SELECT COUNT(*) AS tp_count FROM `jieqi_distribution_comment` WHERE ( articleid=1932 AND (ischeck=1 OR userid=) ) LIMIT 1  
ERR: 1064:You have an error in your SQL syntax; check the manual that corresponds to your MariaDB server version for the right syntax to use near ') ) LIMIT 1' at line 1
 [ SQL语句 ] : SELECT COUNT(*) AS tp_count FROM `jieqi_distribution_comment` WHERE ( articleid=1933 AND (ischeck=1 OR userid=) ) LIMIT 1  
ERR: 1064:You have an error in your SQL syntax; check the manual that corresponds to your MariaDB server version for the right syntax to use near ') ) LIMIT 1' at line 1
 [ SQL语句 ] : SELECT COUNT(*) AS tp_count FROM `jieqi_distribution_comment` WHERE ( articleid=1934 AND (ischeck=1 OR userid=) ) LIMIT 1  
ERR: 1064:You have an error in your SQL syntax; check the manual that corresponds to your MariaDB server version for the right syntax to use near ') ) LIMIT 1' at line 1
 [ SQL语句 ] : SELECT COUNT(*) AS tp_count FROM `jieqi_distribution_comment` WHERE ( articleid=1935 AND (ischeck=1 OR userid=) ) LIMIT 1  
ERR: 1064:You have an error in your SQL syntax; check the manual that corresponds to your MariaDB server version for the right syntax to use near ') ) LIMIT 1' at line 1
 [ SQL语句 ] : SELECT COUNT(*) AS tp_count FROM `jieqi_distribution_comment` WHERE ( articleid=1937 AND (ischeck=1 OR userid=) ) LIMIT 1  
ERR: 1064:You have an error in your SQL syntax; check the manual that corresponds to your MariaDB server version for the right syntax to use near ') ) LIMIT 1' at line 1
 [ SQL语句 ] : SELECT COUNT(*) AS tp_count FROM `jieqi_distribution_comment` WHERE ( articleid=1938 AND (ischeck=1 OR userid=) ) LIMIT 1  
ERR: 1064:You have an error in your SQL syntax; check the manual that corresponds to your MariaDB server version for the right syntax to use near ') ) LIMIT 1' at line 1
 [ SQL语句 ] : SELECT COUNT(*) AS tp_count FROM `jieqi_distribution_comment` WHERE ( articleid=1939 AND (ischeck=1 OR userid=) ) LIMIT 1  
ERR: 1064:You have an error in your SQL syntax; check the manual that corresponds to your MariaDB server version for the right syntax to use near ') ) LIMIT 1' at line 1
 [ SQL语句 ] : SELECT COUNT(*) AS tp_count FROM `jieqi_distribution_comment` WHERE ( articleid=1940 AND (ischeck=1 OR userid=) ) LIMIT 1  
ERR: 1064:You have an error in your SQL syntax; check the manual that corresponds to your MariaDB server version for the right syntax to use near ') ) LIMIT 1' at line 1
 [ SQL语句 ] : SELECT COUNT(*) AS tp_count FROM `jieqi_distribution_comment` WHERE ( articleid=1943 AND (ischeck=1 OR userid=) ) LIMIT 1  
ERR: 1064:You have an error in your SQL syntax; check the manual that corresponds to your MariaDB server version for the right syntax to use near ') ) LIMIT 1' at line 1
 [ SQL语句 ] : SELECT COUNT(*) AS tp_count FROM `jieqi_distribution_comment` WHERE ( articleid=1944 AND (ischeck=1 OR userid=) ) LIMIT 1  
ERR: 1064:You have an error in your SQL syntax; check the manual that corresponds to your MariaDB server version for the right syntax to use near ') ) LIMIT 1' at line 1
 [ SQL语句 ] : SELECT COUNT(*) AS tp_count FROM `jieqi_distribution_comment` WHERE ( articleid=1956 AND (ischeck=1 OR userid=) ) LIMIT 1  
ERR: 1064:You have an error in your SQL syntax; check the manual that corresponds to your MariaDB server version for the right syntax to use near ') ) LIMIT 1' at line 1
 [ SQL语句 ] : SELECT COUNT(*) AS tp_count FROM `jieqi_distribution_comment` WHERE ( articleid=1958 AND (ischeck=1 OR userid=) ) LIMIT 1  
ERR: 1064:You have an error in your SQL syntax; check the manual that corresponds to your MariaDB server version for the right syntax to use near ') ) LIMIT 1' at line 1
 [ SQL语句 ] : SELECT COUNT(*) AS tp_count FROM `jieqi_distribution_comment` WHERE ( articleid=1959 AND (ischeck=1 OR userid=) ) LIMIT 1  
ERR: 1064:You have an error in your SQL syntax; check the manual that corresponds to your MariaDB server version for the right syntax to use near ') ) LIMIT 1' at line 1
 [ SQL语句 ] : SELECT COUNT(*) AS tp_count FROM `jieqi_distribution_comment` WHERE ( articleid=1960 AND (ischeck=1 OR userid=) ) LIMIT 1  
ERR: 1064:You have an error in your SQL syntax; check the manual that corresponds to your MariaDB server version for the right syntax to use near ') ) LIMIT 1' at line 1
 [ SQL语句 ] : SELECT COUNT(*) AS tp_count FROM `jieqi_distribution_comment` WHERE ( articleid=1963 AND (ischeck=1 OR userid=) ) LIMIT 1  
ERR: 1064:You have an error in your SQL syntax; check the manual that corresponds to your MariaDB server version for the right syntax to use near ') ) LIMIT 1' at line 1
 [ SQL语句 ] : SELECT COUNT(*) AS tp_count FROM `jieqi_distribution_comment` WHERE ( articleid=1964 AND (ischeck=1 OR userid=) ) LIMIT 1  
ERR: 1064:You have an error in your SQL syntax; check the manual that corresponds to your MariaDB server version for the right syntax to use near ') ) LIMIT 1' at line 1
 [ SQL语句 ] : SELECT COUNT(*) AS tp_count FROM `jieqi_distribution_comment` WHERE ( articleid=1965 AND (ischeck=1 OR userid=) ) LIMIT 1  
ERR: 1064:You have an error in your SQL syntax; check the manual that corresponds to your MariaDB server version for the right syntax to use near ') ) LIMIT 1' at line 1
 [ SQL语句 ] : SELECT COUNT(*) AS tp_count FROM `jieqi_distribution_comment` WHERE ( articleid=1966 AND (ischeck=1 OR userid=) ) LIMIT 1  
ERR: 1064:You have an error in your SQL syntax; check the manual that corresponds to your MariaDB server version for the right syntax to use near ') ) LIMIT 1' at line 1
 [ SQL语句 ] : SELECT COUNT(*) AS tp_count FROM `jieqi_distribution_comment` WHERE ( articleid=1967 AND (ischeck=1 OR userid=) ) LIMIT 1  
ERR: 1064:You have an error in your SQL syntax; check the manual that corresponds to your MariaDB server version for the right syntax to use near ') ) LIMIT 1' at line 1
 [ SQL语句 ] : SELECT COUNT(*) AS tp_count FROM `jieqi_distribution_comment` WHERE ( articleid=1968 AND (ischeck=1 OR userid=) ) LIMIT 1  
ERR: 1064:You have an error in your SQL syntax; check the manual that corresponds to your MariaDB server version for the right syntax to use near ') ) LIMIT 1' at line 1
 [ SQL语句 ] : SELECT COUNT(*) AS tp_count FROM `jieqi_distribution_comment` WHERE ( articleid=1969 AND (ischeck=1 OR userid=) ) LIMIT 1  
ERR: 1064:You have an error in your SQL syntax; check the manual that corresponds to your MariaDB server version for the right syntax to use near ') ) LIMIT 1' at line 1
 [ SQL语句 ] : SELECT COUNT(*) AS tp_count FROM `jieqi_distribution_comment` WHERE ( articleid=1970 AND (ischeck=1 OR userid=) ) LIMIT 1  
ERR: 1064:You have an error in your SQL syntax; check the manual that corresponds to your MariaDB server version for the right syntax to use near ') ) LIMIT 1' at line 1
 [ SQL语句 ] : SELECT COUNT(*) AS tp_count FROM `jieqi_distribution_comment` WHERE ( articleid=1972 AND (ischeck=1 OR userid=) ) LIMIT 1  
ERR: 1064:You have an error in your SQL syntax; check the manual that corresponds to your MariaDB server version for the right syntax to use near ') ) LIMIT 1' at line 1
 [ SQL语句 ] : SELECT COUNT(*) AS tp_count FROM `jieqi_distribution_comment` WHERE ( articleid=1973 AND (ischeck=1 OR userid=) ) LIMIT 1  
ERR: 1064:You have an error in your SQL syntax; check the manual that corresponds to your MariaDB server version for the right syntax to use near ') ) LIMIT 1' at line 1
 [ SQL语句 ] : SELECT COUNT(*) AS tp_count FROM `jieqi_distribution_comment` WHERE ( articleid=1974 AND (ischeck=1 OR userid=) ) LIMIT 1  
ERR: 1064:You have an error in your SQL syntax; check the manual that corresponds to your MariaDB server version for the right syntax to use near ') ) LIMIT 1' at line 1
 [ SQL语句 ] : SELECT COUNT(*) AS tp_count FROM `jieqi_distribution_comment` WHERE ( articleid=1975 AND (ischeck=1 OR userid=) ) LIMIT 1  
ERR: 1064:You have an error in your SQL syntax; check the manual that corresponds to your MariaDB server version for the right syntax to use near ') ) LIMIT 1' at line 1
 [ SQL语句 ] : SELECT COUNT(*) AS tp_count FROM `jieqi_distribution_comment` WHERE ( articleid=1976 AND (ischeck=1 OR userid=) ) LIMIT 1  
ERR: 1064:You have an error in your SQL syntax; check the manual that corresponds to your MariaDB server version for the right syntax to use near ') ) LIMIT 1' at line 1
 [ SQL语句 ] : SELECT COUNT(*) AS tp_count FROM `jieqi_distribution_comment` WHERE ( articleid=1977 AND (ischeck=1 OR userid=) ) LIMIT 1  
ERR: 1064:You have an error in your SQL syntax; check the manual that corresponds to your MariaDB server version for the right syntax to use near ') ) LIMIT 1' at line 1
 [ SQL语句 ] : SELECT COUNT(*) AS tp_count FROM `jieqi_distribution_comment` WHERE ( articleid=1978 AND (ischeck=1 OR userid=) ) LIMIT 1  
ERR: 1064:You have an error in your SQL syntax; check the manual that corresponds to your MariaDB server version for the right syntax to use near ') ) LIMIT 1' at line 1
 [ SQL语句 ] : SELECT COUNT(*) AS tp_count FROM `jieqi_distribution_comment` WHERE ( articleid=1979 AND (ischeck=1 OR userid=) ) LIMIT 1  
ERR: 1064:You have an error in your SQL syntax; check the manual that corresponds to your MariaDB server version for the right syntax to use near ') ) LIMIT 1' at line 1
 [ SQL语句 ] : SELECT COUNT(*) AS tp_count FROM `jieqi_distribution_comment` WHERE ( articleid=1980 AND (ischeck=1 OR userid=) ) LIMIT 1  
ERR: 1064:You have an error in your SQL syntax; check the manual that corresponds to your MariaDB server version for the right syntax to use near ') ) LIMIT 1' at line 1
 [ SQL语句 ] : SELECT COUNT(*) AS tp_count FROM `jieqi_distribution_comment` WHERE ( articleid=1981 AND (ischeck=1 OR userid=) ) LIMIT 1  
ERR: 1064:You have an error in your SQL syntax; check the manual that corresponds to your MariaDB server version for the right syntax to use near ') ) LIMIT 1' at line 1
 [ SQL语句 ] : SELECT COUNT(*) AS tp_count FROM `jieqi_distribution_comment` WHERE ( articleid=1982 AND (ischeck=1 OR userid=) ) LIMIT 1  
ERR: 1064:You have an error in your SQL syntax; check the manual that corresponds to your MariaDB server version for the right syntax to use near ') ) LIMIT 1' at line 1
 [ SQL语句 ] : SELECT COUNT(*) AS tp_count FROM `jieqi_distribution_comment` WHERE ( articleid=1985 AND (ischeck=1 OR userid=) ) LIMIT 1  
ERR: 1064:You have an error in your SQL syntax; check the manual that corresponds to your MariaDB server version for the right syntax to use near ') ) LIMIT 1' at line 1
 [ SQL语句 ] : SELECT COUNT(*) AS tp_count FROM `jieqi_distribution_comment` WHERE ( articleid=1986 AND (ischeck=1 OR userid=) ) LIMIT 1  
ERR: 1064:You have an error in your SQL syntax; check the manual that corresponds to your MariaDB server version for the right syntax to use near ') ) LIMIT 1' at line 1
 [ SQL语句 ] : SELECT COUNT(*) AS tp_count FROM `jieqi_distribution_comment` WHERE ( articleid=1988 AND (ischeck=1 OR userid=) ) LIMIT 1  
ERR: 1064:You have an error in your SQL syntax; check the manual that corresponds to your MariaDB server version for the right syntax to use near ') ) LIMIT 1' at line 1
 [ SQL语句 ] : SELECT COUNT(*) AS tp_count FROM `jieqi_distribution_comment` WHERE ( articleid=1989 AND (ischeck=1 OR userid=) ) LIMIT 1  
ERR: 1064:You have an error in your SQL syntax; check the manual that corresponds to your MariaDB server version for the right syntax to use near ') ) LIMIT 1' at line 1
 [ SQL语句 ] : SELECT COUNT(*) AS tp_count FROM `jieqi_distribution_comment` WHERE ( articleid=1997 AND (ischeck=1 OR userid=) ) LIMIT 1  
ERR: 1064:You have an error in your SQL syntax; check the manual that corresponds to your MariaDB server version for the right syntax to use near ') ) LIMIT 1' at line 1
 [ SQL语句 ] : SELECT COUNT(*) AS tp_count FROM `jieqi_distribution_comment` WHERE ( articleid=1998 AND (ischeck=1 OR userid=) ) LIMIT 1  
ERR: 1064:You have an error in your SQL syntax; check the manual that corresponds to your MariaDB server version for the right syntax to use near ') ) LIMIT 1' at line 1
 [ SQL语句 ] : SELECT COUNT(*) AS tp_count FROM `jieqi_distribution_comment` WHERE ( articleid=2004 AND (ischeck=1 OR userid=) ) LIMIT 1  
ERR: 1064:You have an error in your SQL syntax; check the manual that corresponds to your MariaDB server version for the right syntax to use near ') ) LIMIT 1' at line 1
 [ SQL语句 ] : SELECT COUNT(*) AS tp_count FROM `jieqi_distribution_comment` WHERE ( articleid=2005 AND (ischeck=1 OR userid=) ) LIMIT 1  
ERR: 1064:You have an error in your SQL syntax; check the manual that corresponds to your MariaDB server version for the right syntax to use near ') ) LIMIT 1' at line 1
 [ SQL语句 ] : SELECT COUNT(*) AS tp_count FROM `jieqi_distribution_comment` WHERE ( articleid=2007 AND (ischeck=1 OR userid=) ) LIMIT 1  
ERR: 1064:You have an error in your SQL syntax; check the manual that corresponds to your MariaDB server version for the right syntax to use near ') ) LIMIT 1' at line 1
 [ SQL语句 ] : SELECT COUNT(*) AS tp_count FROM `jieqi_distribution_comment` WHERE ( articleid=2009 AND (ischeck=1 OR userid=) ) LIMIT 1  
ERR: 1064:You have an error in your SQL syntax; check the manual that corresponds to your MariaDB server version for the right syntax to use near ') ) LIMIT 1' at line 1
 [ SQL语句 ] : SELECT COUNT(*) AS tp_count FROM `jieqi_distribution_comment` WHERE ( articleid=2014 AND (ischeck=1 OR userid=) ) LIMIT 1  
ERR: 1064:You have an error in your SQL syntax; check the manual that corresponds to your MariaDB server version for the right syntax to use near ') ) LIMIT 1' at line 1
 [ SQL语句 ] : SELECT COUNT(*) AS tp_count FROM `jieqi_distribution_comment` WHERE ( articleid=2015 AND (ischeck=1 OR userid=) ) LIMIT 1  
ERR: 1064:You have an error in your SQL syntax; check the manual that corresponds to your MariaDB server version for the right syntax to use near ') ) LIMIT 1' at line 1
 [ SQL语句 ] : SELECT COUNT(*) AS tp_count FROM `jieqi_distribution_comment` WHERE ( articleid=2016 AND (ischeck=1 OR userid=) ) LIMIT 1  
ERR: 1064:You have an error in your SQL syntax; check the manual that corresponds to your MariaDB server version for the right syntax to use near ') ) LIMIT 1' at line 1
 [ SQL语句 ] : SELECT COUNT(*) AS tp_count FROM `jieqi_distribution_comment` WHERE ( articleid=2018 AND (ischeck=1 OR userid=) ) LIMIT 1  
ERR: 1064:You have an error in your SQL syntax; check the manual that corresponds to your MariaDB server version for the right syntax to use near ') ) LIMIT 1' at line 1
 [ SQL语句 ] : SELECT COUNT(*) AS tp_count FROM `jieqi_distribution_comment` WHERE ( articleid=2019 AND (ischeck=1 OR userid=) ) LIMIT 1  
ERR: 1064:You have an error in your SQL syntax; check the manual that corresponds to your MariaDB server version for the right syntax to use near ') ) LIMIT 1' at line 1
 [ SQL语句 ] : SELECT COUNT(*) AS tp_count FROM `jieqi_distribution_comment` WHERE ( articleid=2020 AND (ischeck=1 OR userid=) ) LIMIT 1  
ERR: 1064:You have an error in your SQL syntax; check the manual that corresponds to your MariaDB server version for the right syntax to use near ') ) LIMIT 1' at line 1
 [ SQL语句 ] : SELECT COUNT(*) AS tp_count FROM `jieqi_distribution_comment` WHERE ( articleid=2021 AND (ischeck=1 OR userid=) ) LIMIT 1  
ERR: 1064:You have an error in your SQL syntax; check the manual that corresponds to your MariaDB server version for the right syntax to use near ') ) LIMIT 1' at line 1
 [ SQL语句 ] : SELECT COUNT(*) AS tp_count FROM `jieqi_distribution_comment` WHERE ( articleid=2023 AND (ischeck=1 OR userid=) ) LIMIT 1  
ERR: 1064:You have an error in your SQL syntax; check the manual that corresponds to your MariaDB server version for the right syntax to use near ') ) LIMIT 1' at line 1
 [ SQL语句 ] : SELECT COUNT(*) AS tp_count FROM `jieqi_distribution_comment` WHERE ( articleid=2024 AND (ischeck=1 OR userid=) ) LIMIT 1  
INFO: [ app_end ] --START--
INFO: Run Behavior\ShowPageTraceBehavior [ RunTime:0.001000s ]
INFO: [ app_end ] --END-- [ RunTime:0.001000s ]

[ 2017-09-01T10:48:38+08:00 ] 127.0.0.1 /
INFO: [ app_init ] --START--
INFO: Run Behavior\BuildLiteBehavior [ RunTime:0.000000s ]
INFO: [ app_init ] --END-- [ RunTime:0.000000s ]
INFO: [ app_begin ] --START--
INFO: Run Behavior\ReadHtmlCacheBehavior [ RunTime:0.000000s ]
INFO: [ app_begin ] --END-- [ RunTime:0.001000s ]
NOTIC: [8] Undefined index: usercode D:\xampp\htdocs\mobilebook\Application\Mobile\Controller\MobileBaseController.class.php 第 96 行.
NOTIC: [8] Undefined index: uid D:\xampp\htdocs\mobilebook\Application\Mobile\Controller\IndexController.class.php 第 64 行.
NOTIC: [8] Undefined offset: 0 D:\xampp\htdocs\mobilebook\Application\Mobile\Controller\IndexController.class.php 第 66 行.
NOTIC: [2] Invalid argument supplied for foreach() D:\xampp\htdocs\mobilebook\ThinkPHP\Library\Think\Db\Driver.class.php 第 546 行.
NOTIC: [2] include(C:\\virtualhost\\bacoolread\\configs\\article\\sort.php): failed to open stream: No such file or directory D:\xampp\htdocs\mobilebook\Application\Common\Common\function.php 第 664 行.
NOTIC: [2] include(): Failed opening 'C:\\virtualhost\\bacoolread\\configs\\article\\sort.php' for inclusion (include_path='D:\xampp\php\PEAR') D:\xampp\htdocs\mobilebook\Application\Common\Common\function.php 第 664 行.
NOTIC: [8] Undefined variable: sortName D:\xampp\htdocs\mobilebook\Application\Common\Common\function.php 第 671 行.
NOTIC: [2] include(C:\\virtualhost\\bacoolread\\configs\\article\\sort.php): failed to open stream: No such file or directory D:\xampp\htdocs\mobilebook\Application\Common\Common\function.php 第 664 行.
NOTIC: [2] include(): Failed opening 'C:\\virtualhost\\bacoolread\\configs\\article\\sort.php' for inclusion (include_path='D:\xampp\php\PEAR') D:\xampp\htdocs\mobilebook\Application\Common\Common\function.php 第 664 行.
NOTIC: [8] Undefined variable: sortName D:\xampp\htdocs\mobilebook\Application\Common\Common\function.php 第 671 行.
NOTIC: [2] include(C:\\virtualhost\\bacoolread\\configs\\article\\sort.php): failed to open stream: No such file or directory D:\xampp\htdocs\mobilebook\Application\Common\Common\function.php 第 664 行.
NOTIC: [2] include(): Failed opening 'C:\\virtualhost\\bacoolread\\configs\\article\\sort.php' for inclusion (include_path='D:\xampp\php\PEAR') D:\xampp\htdocs\mobilebook\Application\Common\Common\function.php 第 664 行.
NOTIC: [8] Undefined variable: sortName D:\xampp\htdocs\mobilebook\Application\Common\Common\function.php 第 671 行.
NOTIC: [2] include(C:\\virtualhost\\bacoolread\\configs\\article\\sort.php): failed to open stream: No such file or directory D:\xampp\htdocs\mobilebook\Application\Common\Common\function.php 第 664 行.
NOTIC: [2] include(): Failed opening 'C:\\virtualhost\\bacoolread\\configs\\article\\sort.php' for inclusion (include_path='D:\xampp\php\PEAR') D:\xampp\htdocs\mobilebook\Application\Common\Common\function.php 第 664 行.
NOTIC: [8] Undefined variable: sortName D:\xampp\htdocs\mobilebook\Application\Common\Common\function.php 第 671 行.
NOTIC: [2] include(C:\\virtualhost\\bacoolread\\configs\\article\\sort.php): failed to open stream: No such file or directory D:\xampp\htdocs\mobilebook\Application\Common\Common\function.php 第 664 行.
NOTIC: [2] include(): Failed opening 'C:\\virtualhost\\bacoolread\\configs\\article\\sort.php' for inclusion (include_path='D:\xampp\php\PEAR') D:\xampp\htdocs\mobilebook\Application\Common\Common\function.php 第 664 行.
NOTIC: [8] Undefined variable: sortName D:\xampp\htdocs\mobilebook\Application\Common\Common\function.php 第 671 行.
NOTIC: [2] include(C:\\virtualhost\\bacoolread\\configs\\article\\sort.php): failed to open stream: No such file or directory D:\xampp\htdocs\mobilebook\Application\Common\Common\function.php 第 664 行.
NOTIC: [2] include(): Failed opening 'C:\\virtualhost\\bacoolread\\configs\\article\\sort.php' for inclusion (include_path='D:\xampp\php\PEAR') D:\xampp\htdocs\mobilebook\Application\Common\Common\function.php 第 664 行.
NOTIC: [8] Undefined variable: sortName D:\xampp\htdocs\mobilebook\Application\Common\Common\function.php 第 671 行.
NOTIC: [2] include(C:\\virtualhost\\bacoolread\\configs\\article\\sort.php): failed to open stream: No such file or directory D:\xampp\htdocs\mobilebook\Application\Common\Common\function.php 第 664 行.
NOTIC: [2] include(): Failed opening 'C:\\virtualhost\\bacoolread\\configs\\article\\sort.php' for inclusion (include_path='D:\xampp\php\PEAR') D:\xampp\htdocs\mobilebook\Application\Common\Common\function.php 第 664 行.
NOTIC: [8] Undefined variable: sortName D:\xampp\htdocs\mobilebook\Application\Common\Common\function.php 第 671 行.
NOTIC: [2] include(C:\\virtualhost\\bacoolread\\configs\\article\\sort.php): failed to open stream: No such file or directory D:\xampp\htdocs\mobilebook\Application\Common\Common\function.php 第 664 行.
NOTIC: [2] include(): Failed opening 'C:\\virtualhost\\bacoolread\\configs\\article\\sort.php' for inclusion (include_path='D:\xampp\php\PEAR') D:\xampp\htdocs\mobilebook\Application\Common\Common\function.php 第 664 行.
NOTIC: [8] Undefined variable: sortName D:\xampp\htdocs\mobilebook\Application\Common\Common\function.php 第 671 行.
NOTIC: [2] include(C:\\virtualhost\\bacoolread\\configs\\article\\sort.php): failed to open stream: No such file or directory D:\xampp\htdocs\mobilebook\Application\Common\Common\function.php 第 664 行.
NOTIC: [2] include(): Failed opening 'C:\\virtualhost\\bacoolread\\configs\\article\\sort.php' for inclusion (include_path='D:\xampp\php\PEAR') D:\xampp\htdocs\mobilebook\Application\Common\Common\function.php 第 664 行.
NOTIC: [8] Undefined variable: sortName D:\xampp\htdocs\mobilebook\Application\Common\Common\function.php 第 671 行.
NOTIC: [2] include(C:\\virtualhost\\bacoolread\\configs\\article\\sort.php): failed to open stream: No such file or directory D:\xampp\htdocs\mobilebook\Application\Common\Common\function.php 第 664 行.
NOTIC: [2] include(): Failed opening 'C:\\virtualhost\\bacoolread\\configs\\article\\sort.php' for inclusion (include_path='D:\xampp\php\PEAR') D:\xampp\htdocs\mobilebook\Application\Common\Common\function.php 第 664 行.
NOTIC: [8] Undefined variable: sortName D:\xampp\htdocs\mobilebook\Application\Common\Common\function.php 第 671 行.
NOTIC: [2] include(C:\\virtualhost\\bacoolread\\configs\\article\\sort.php): failed to open stream: No such file or directory D:\xampp\htdocs\mobilebook\Application\Common\Common\function.php 第 664 行.
NOTIC: [2] include(): Failed opening 'C:\\virtualhost\\bacoolread\\configs\\article\\sort.php' for inclusion (include_path='D:\xampp\php\PEAR') D:\xampp\htdocs\mobilebook\Application\Common\Common\function.php 第 664 行.
NOTIC: [8] Undefined variable: sortName D:\xampp\htdocs\mobilebook\Application\Common\Common\function.php 第 671 行.
NOTIC: [2] include(C:\\virtualhost\\bacoolread\\configs\\article\\sort.php): failed to open stream: No such file or directory D:\xampp\htdocs\mobilebook\Application\Common\Common\function.php 第 664 行.
NOTIC: [2] include(): Failed opening 'C:\\virtualhost\\bacoolread\\configs\\article\\sort.php' for inclusion (include_path='D:\xampp\php\PEAR') D:\xampp\htdocs\mobilebook\Application\Common\Common\function.php 第 664 行.
NOTIC: [8] Undefined variable: sortName D:\xampp\htdocs\mobilebook\Application\Common\Common\function.php 第 671 行.
NOTIC: [2] include(C:\\virtualhost\\bacoolread\\configs\\article\\sort.php): failed to open stream: No such file or directory D:\xampp\htdocs\mobilebook\Application\Common\Common\function.php 第 664 行.
NOTIC: [2] include(): Failed opening 'C:\\virtualhost\\bacoolread\\configs\\article\\sort.php' for inclusion (include_path='D:\xampp\php\PEAR') D:\xampp\htdocs\mobilebook\Application\Common\Common\function.php 第 664 行.
NOTIC: [8] Undefined variable: sortName D:\xampp\htdocs\mobilebook\Application\Common\Common\function.php 第 671 行.
NOTIC: [2] include(C:\\virtualhost\\bacoolread\\configs\\article\\sort.php): failed to open stream: No such file or directory D:\xampp\htdocs\mobilebook\Application\Common\Common\function.php 第 664 行.
NOTIC: [2] include(): Failed opening 'C:\\virtualhost\\bacoolread\\configs\\article\\sort.php' for inclusion (include_path='D:\xampp\php\PEAR') D:\xampp\htdocs\mobilebook\Application\Common\Common\function.php 第 664 行.
NOTIC: [8] Undefined variable: sortName D:\xampp\htdocs\mobilebook\Application\Common\Common\function.php 第 671 行.
NOTIC: [2] include(C:\\virtualhost\\bacoolread\\configs\\article\\sort.php): failed to open stream: No such file or directory D:\xampp\htdocs\mobilebook\Application\Common\Common\function.php 第 664 行.
NOTIC: [2] include(): Failed opening 'C:\\virtualhost\\bacoolread\\configs\\article\\sort.php' for inclusion (include_path='D:\xampp\php\PEAR') D:\xampp\htdocs\mobilebook\Application\Common\Common\function.php 第 664 行.
NOTIC: [8] Undefined variable: sortName D:\xampp\htdocs\mobilebook\Application\Common\Common\function.php 第 671 行.
NOTIC: [2] include(C:\\virtualhost\\bacoolread\\configs\\article\\sort.php): failed to open stream: No such file or directory D:\xampp\htdocs\mobilebook\Application\Common\Common\function.php 第 664 行.
NOTIC: [2] include(): Failed opening 'C:\\virtualhost\\bacoolread\\configs\\article\\sort.php' for inclusion (include_path='D:\xampp\php\PEAR') D:\xampp\htdocs\mobilebook\Application\Common\Common\function.php 第 664 行.
NOTIC: [8] Undefined variable: sortName D:\xampp\htdocs\mobilebook\Application\Common\Common\function.php 第 671 行.
NOTIC: [2] include(C:\\virtualhost\\bacoolread\\configs\\article\\sort.php): failed to open stream: No such file or directory D:\xampp\htdocs\mobilebook\Application\Common\Common\function.php 第 664 行.
NOTIC: [2] include(): Failed opening 'C:\\virtualhost\\bacoolread\\configs\\article\\sort.php' for inclusion (include_path='D:\xampp\php\PEAR') D:\xampp\htdocs\mobilebook\Application\Common\Common\function.php 第 664 行.
NOTIC: [8] Undefined variable: sortName D:\xampp\htdocs\mobilebook\Application\Common\Common\function.php 第 671 行.
NOTIC: [2] include(C:\\virtualhost\\bacoolread\\configs\\article\\sort.php): failed to open stream: No such file or directory D:\xampp\htdocs\mobilebook\Application\Common\Common\function.php 第 664 行.
NOTIC: [2] include(): Failed opening 'C:\\virtualhost\\bacoolread\\configs\\article\\sort.php' for inclusion (include_path='D:\xampp\php\PEAR') D:\xampp\htdocs\mobilebook\Application\Common\Common\function.php 第 664 行.
NOTIC: [8] Undefined variable: sortName D:\xampp\htdocs\mobilebook\Application\Common\Common\function.php 第 671 行.
NOTIC: [2] include(C:\\virtualhost\\bacoolread\\configs\\article\\sort.php): failed to open stream: No such file or directory D:\xampp\htdocs\mobilebook\Application\Common\Common\function.php 第 664 行.
NOTIC: [2] include(): Failed opening 'C:\\virtualhost\\bacoolread\\configs\\article\\sort.php' for inclusion (include_path='D:\xampp\php\PEAR') D:\xampp\htdocs\mobilebook\Application\Common\Common\function.php 第 664 行.
NOTIC: [8] Undefined variable: sortName D:\xampp\htdocs\mobilebook\Application\Common\Common\function.php 第 671 行.
NOTIC: [2] include(C:\\virtualhost\\bacoolread\\configs\\article\\sort.php): failed to open stream: No such file or directory D:\xampp\htdocs\mobilebook\Application\Common\Common\function.php 第 664 行.
NOTIC: [2] include(): Failed opening 'C:\\virtualhost\\bacoolread\\configs\\article\\sort.php' for inclusion (include_path='D:\xampp\php\PEAR') D:\xampp\htdocs\mobilebook\Application\Common\Common\function.php 第 664 行.
NOTIC: [8] Undefined variable: sortName D:\xampp\htdocs\mobilebook\Application\Common\Common\function.php 第 671 行.
NOTIC: [2] include(C:\\virtualhost\\bacoolread\\configs\\article\\sort.php): failed to open stream: No such file or directory D:\xampp\htdocs\mobilebook\Application\Common\Common\function.php 第 664 行.
NOTIC: [2] include(): Failed opening 'C:\\virtualhost\\bacoolread\\configs\\article\\sort.php' for inclusion (include_path='D:\xampp\php\PEAR') D:\xampp\htdocs\mobilebook\Application\Common\Common\function.php 第 664 行.
NOTIC: [8] Undefined variable: sortName D:\xampp\htdocs\mobilebook\Application\Common\Common\function.php 第 671 行.
NOTIC: [2] include(C:\\virtualhost\\bacoolread\\configs\\article\\sort.php): failed to open stream: No such file or directory D:\xampp\htdocs\mobilebook\Application\Common\Common\function.php 第 664 行.
NOTIC: [2] include(): Failed opening 'C:\\virtualhost\\bacoolread\\configs\\article\\sort.php' for inclusion (include_path='D:\xampp\php\PEAR') D:\xampp\htdocs\mobilebook\Application\Common\Common\function.php 第 664 行.
NOTIC: [8] Undefined variable: sortName D:\xampp\htdocs\mobilebook\Application\Common\Common\function.php 第 671 行.
NOTIC: [2] include(C:\\virtualhost\\bacoolread\\configs\\article\\sort.php): failed to open stream: No such file or directory D:\xampp\htdocs\mobilebook\Application\Common\Common\function.php 第 664 行.
NOTIC: [2] include(): Failed opening 'C:\\virtualhost\\bacoolread\\configs\\article\\sort.php' for inclusion (include_path='D:\xampp\php\PEAR') D:\xampp\htdocs\mobilebook\Application\Common\Common\function.php 第 664 行.
NOTIC: [8] Undefined variable: sortName D:\xampp\htdocs\mobilebook\Application\Common\Common\function.php 第 671 行.
NOTIC: [2] include(C:\\virtualhost\\bacoolread\\configs\\article\\sort.php): failed to open stream: No such file or directory D:\xampp\htdocs\mobilebook\Application\Common\Common\function.php 第 664 行.
NOTIC: [2] include(): Failed opening 'C:\\virtualhost\\bacoolread\\configs\\article\\sort.php' for inclusion (include_path='D:\xampp\php\PEAR') D:\xampp\htdocs\mobilebook\Application\Common\Common\function.php 第 664 行.
NOTIC: [8] Undefined variable: sortName D:\xampp\htdocs\mobilebook\Application\Common\Common\function.php 第 671 行.
NOTIC: [2] include(C:\\virtualhost\\bacoolread\\configs\\article\\sort.php): failed to open stream: No such file or directory D:\xampp\htdocs\mobilebook\Application\Common\Common\function.php 第 664 行.
NOTIC: [2] include(): Failed opening 'C:\\virtualhost\\bacoolread\\configs\\article\\sort.php' for inclusion (include_path='D:\xampp\php\PEAR') D:\xampp\htdocs\mobilebook\Application\Common\Common\function.php 第 664 行.
NOTIC: [8] Undefined variable: sortName D:\xampp\htdocs\mobilebook\Application\Common\Common\function.php 第 671 行.
NOTIC: [2] include(C:\\virtualhost\\bacoolread\\configs\\article\\sort.php): failed to open stream: No such file or directory D:\xampp\htdocs\mobilebook\Application\Common\Common\function.php 第 664 行.
NOTIC: [2] include(): Failed opening 'C:\\virtualhost\\bacoolread\\configs\\article\\sort.php' for inclusion (include_path='D:\xampp\php\PEAR') D:\xampp\htdocs\mobilebook\Application\Common\Common\function.php 第 664 行.
NOTIC: [8] Undefined variable: sortName D:\xampp\htdocs\mobilebook\Application\Common\Common\function.php 第 671 行.
NOTIC: [2] include(C:\\virtualhost\\bacoolread\\configs\\article\\sort.php): failed to open stream: No such file or directory D:\xampp\htdocs\mobilebook\Application\Common\Common\function.php 第 664 行.
NOTIC: [2] include(): Failed opening 'C:\\virtualhost\\bacoolread\\configs\\article\\sort.php' for inclusion (include_path='D:\xampp\php\PEAR') D:\xampp\htdocs\mobilebook\Application\Common\Common\function.php 第 664 行.
NOTIC: [8] Undefined variable: sortName D:\xampp\htdocs\mobilebook\Application\Common\Common\function.php 第 671 行.
NOTIC: [2] include(C:\\virtualhost\\bacoolread\\configs\\article\\sort.php): failed to open stream: No such file or directory D:\xampp\htdocs\mobilebook\Application\Common\Common\function.php 第 664 行.
NOTIC: [2] include(): Failed opening 'C:\\virtualhost\\bacoolread\\configs\\article\\sort.php' for inclusion (include_path='D:\xampp\php\PEAR') D:\xampp\htdocs\mobilebook\Application\Common\Common\function.php 第 664 行.
NOTIC: [8] Undefined variable: sortName D:\xampp\htdocs\mobilebook\Application\Common\Common\function.php 第 671 行.
NOTIC: [2] include(C:\\virtualhost\\bacoolread\\configs\\article\\sort.php): failed to open stream: No such file or directory D:\xampp\htdocs\mobilebook\Application\Common\Common\function.php 第 664 行.
NOTIC: [2] include(): Failed opening 'C:\\virtualhost\\bacoolread\\configs\\article\\sort.php' for inclusion (include_path='D:\xampp\php\PEAR') D:\xampp\htdocs\mobilebook\Application\Common\Common\function.php 第 664 行.
NOTIC: [8] Undefined variable: sortName D:\xampp\htdocs\mobilebook\Application\Common\Common\function.php 第 671 行.
NOTIC: [2] include(C:\\virtualhost\\bacoolread\\configs\\article\\sort.php): failed to open stream: No such file or directory D:\xampp\htdocs\mobilebook\Application\Common\Common\function.php 第 664 行.
NOTIC: [2] include(): Failed opening 'C:\\virtualhost\\bacoolread\\configs\\article\\sort.php' for inclusion (include_path='D:\xampp\php\PEAR') D:\xampp\htdocs\mobilebook\Application\Common\Common\function.php 第 664 行.
NOTIC: [8] Undefined variable: sortName D:\xampp\htdocs\mobilebook\Application\Common\Common\function.php 第 671 行.
NOTIC: [2] include(C:\\virtualhost\\bacoolread\\configs\\article\\sort.php): failed to open stream: No such file or directory D:\xampp\htdocs\mobilebook\Application\Common\Common\function.php 第 664 行.
NOTIC: [2] include(): Failed opening 'C:\\virtualhost\\bacoolread\\configs\\article\\sort.php' for inclusion (include_path='D:\xampp\php\PEAR') D:\xampp\htdocs\mobilebook\Application\Common\Common\function.php 第 664 行.
NOTIC: [8] Undefined variable: sortName D:\xampp\htdocs\mobilebook\Application\Common\Common\function.php 第 671 行.
NOTIC: [2] include(C:\\virtualhost\\bacoolread\\configs\\article\\sort.php): failed to open stream: No such file or directory D:\xampp\htdocs\mobilebook\Application\Common\Common\function.php 第 664 行.
NOTIC: [2] include(): Failed opening 'C:\\virtualhost\\bacoolread\\configs\\article\\sort.php' for inclusion (include_path='D:\xampp\php\PEAR') D:\xampp\htdocs\mobilebook\Application\Common\Common\function.php 第 664 行.
NOTIC: [8] Undefined variable: sortName D:\xampp\htdocs\mobilebook\Application\Common\Common\function.php 第 671 行.
NOTIC: [2] include(C:\\virtualhost\\bacoolread\\configs\\article\\sort.php): failed to open stream: No such file or directory D:\xampp\htdocs\mobilebook\Application\Common\Common\function.php 第 664 行.
NOTIC: [2] include(): Failed opening 'C:\\virtualhost\\bacoolread\\configs\\article\\sort.php' for inclusion (include_path='D:\xampp\php\PEAR') D:\xampp\htdocs\mobilebook\Application\Common\Common\function.php 第 664 行.
NOTIC: [8] Undefined variable: sortName D:\xampp\htdocs\mobilebook\Application\Common\Common\function.php 第 671 行.
NOTIC: [2] include(C:\\virtualhost\\bacoolread\\configs\\article\\sort.php): failed to open stream: No such file or directory D:\xampp\htdocs\mobilebook\Application\Common\Common\function.php 第 664 行.
NOTIC: [2] include(): Failed opening 'C:\\virtualhost\\bacoolread\\configs\\article\\sort.php' for inclusion (include_path='D:\xampp\php\PEAR') D:\xampp\htdocs\mobilebook\Application\Common\Common\function.php 第 664 行.
NOTIC: [8] Undefined variable: sortName D:\xampp\htdocs\mobilebook\Application\Common\Common\function.php 第 671 行.
NOTIC: [2] include(C:\\virtualhost\\bacoolread\\configs\\article\\sort.php): failed to open stream: No such file or directory D:\xampp\htdocs\mobilebook\Application\Common\Common\function.php 第 664 行.
NOTIC: [2] include(): Failed opening 'C:\\virtualhost\\bacoolread\\configs\\article\\sort.php' for inclusion (include_path='D:\xampp\php\PEAR') D:\xampp\htdocs\mobilebook\Application\Common\Common\function.php 第 664 行.
NOTIC: [8] Undefined variable: sortName D:\xampp\htdocs\mobilebook\Application\Common\Common\function.php 第 671 行.
NOTIC: [2] include(C:\\virtualhost\\bacoolread\\configs\\article\\sort.php): failed to open stream: No such file or directory D:\xampp\htdocs\mobilebook\Application\Common\Common\function.php 第 664 行.
NOTIC: [2] include(): Failed opening 'C:\\virtualhost\\bacoolread\\configs\\article\\sort.php' for inclusion (include_path='D:\xampp\php\PEAR') D:\xampp\htdocs\mobilebook\Application\Common\Common\function.php 第 664 行.
NOTIC: [8] Undefined variable: sortName D:\xampp\htdocs\mobilebook\Application\Common\Common\function.php 第 671 行.
NOTIC: [2] include(C:\\virtualhost\\bacoolread\\configs\\article\\sort.php): failed to open stream: No such file or directory D:\xampp\htdocs\mobilebook\Application\Common\Common\function.php 第 664 行.
NOTIC: [2] include(): Failed opening 'C:\\virtualhost\\bacoolread\\configs\\article\\sort.php' for inclusion (include_path='D:\xampp\php\PEAR') D:\xampp\htdocs\mobilebook\Application\Common\Common\function.php 第 664 行.
NOTIC: [8] Undefined variable: sortName D:\xampp\htdocs\mobilebook\Application\Common\Common\function.php 第 671 行.
NOTIC: [2] include(C:\\virtualhost\\bacoolread\\configs\\article\\sort.php): failed to open stream: No such file or directory D:\xampp\htdocs\mobilebook\Application\Common\Common\function.php 第 664 行.
NOTIC: [2] include(): Failed opening 'C:\\virtualhost\\bacoolread\\configs\\article\\sort.php' for inclusion (include_path='D:\xampp\php\PEAR') D:\xampp\htdocs\mobilebook\Application\Common\Common\function.php 第 664 行.
NOTIC: [8] Undefined variable: sortName D:\xampp\htdocs\mobilebook\Application\Common\Common\function.php 第 671 行.
NOTIC: [2] include(C:\\virtualhost\\bacoolread\\configs\\article\\sort.php): failed to open stream: No such file or directory D:\xampp\htdocs\mobilebook\Application\Common\Common\function.php 第 664 行.
NOTIC: [2] include(): Failed opening 'C:\\virtualhost\\bacoolread\\configs\\article\\sort.php' for inclusion (include_path='D:\xampp\php\PEAR') D:\xampp\htdocs\mobilebook\Application\Common\Common\function.php 第 664 行.
NOTIC: [8] Undefined variable: sortName D:\xampp\htdocs\mobilebook\Application\Common\Common\function.php 第 671 行.
NOTIC: [2] include(C:\\virtualhost\\bacoolread\\configs\\article\\sort.php): failed to open stream: No such file or directory D:\xampp\htdocs\mobilebook\Application\Common\Common\function.php 第 664 行.
NOTIC: [2] include(): Failed opening 'C:\\virtualhost\\bacoolread\\configs\\article\\sort.php' for inclusion (include_path='D:\xampp\php\PEAR') D:\xampp\htdocs\mobilebook\Application\Common\Common\function.php 第 664 行.
NOTIC: [8] Undefined variable: sortName D:\xampp\htdocs\mobilebook\Application\Common\Common\function.php 第 671 行.
NOTIC: [2] include(C:\\virtualhost\\bacoolread\\configs\\article\\sort.php): failed to open stream: No such file or directory D:\xampp\htdocs\mobilebook\Application\Common\Common\function.php 第 664 行.
NOTIC: [2] include(): Failed opening 'C:\\virtualhost\\bacoolread\\configs\\article\\sort.php' for inclusion (include_path='D:\xampp\php\PEAR') D:\xampp\htdocs\mobilebook\Application\Common\Common\function.php 第 664 行.
NOTIC: [8] Undefined variable: sortName D:\xampp\htdocs\mobilebook\Application\Common\Common\function.php 第 671 行.
NOTIC: [2] include(C:\\virtualhost\\bacoolread\\configs\\article\\sort.php): failed to open stream: No such file or directory D:\xampp\htdocs\mobilebook\Application\Common\Common\function.php 第 664 行.
NOTIC: [2] include(): Failed opening 'C:\\virtualhost\\bacoolread\\configs\\article\\sort.php' for inclusion (include_path='D:\xampp\php\PEAR') D:\xampp\htdocs\mobilebook\Application\Common\Common\function.php 第 664 行.
NOTIC: [8] Undefined variable: sortName D:\xampp\htdocs\mobilebook\Application\Common\Common\function.php 第 671 行.
INFO: [ view_parse ] --START--
INFO: [ template_filter ] --START--
INFO: Run Behavior\ContentReplaceBehavior [ RunTime:0.000000s ]
INFO: [ template_filter ] --END-- [ RunTime:0.000000s ]
NOTIC: [8] Undefined index: caseid D:\xampp\htdocs\mobilebook\Application\Runtime\Cache\Mobile\36447d9ff9f361f39d03d123621a89e3.php 第 123 行.
NOTIC: [8] Undefined offset: 0 D:\xampp\htdocs\mobilebook\Application\Runtime\Cache\Mobile\36447d9ff9f361f39d03d123621a89e3.php 第 349 行.
INFO: Run Behavior\ParseTemplateBehavior [ RunTime:0.078005s ]
INFO: [ view_parse ] --END-- [ RunTime:0.078005s ]
INFO: [ view_filter ] --START--
INFO: Run Behavior\WriteHtmlCacheBehavior [ RunTime:0.000000s ]
INFO: [ view_filter ] --END-- [ RunTime:0.000000s ]
INFO: [ app_end ] --START--
INFO: Run Behavior\ShowPageTraceBehavior [ RunTime:0.001000s ]
INFO: [ app_end ] --END-- [ RunTime:0.001000s ]

[ 2017-09-01T10:48:39+08:00 ] 127.0.0.1 /Template/mobile/default/Static/js/time/skins/default/laydate.css
INFO: [ app_init ] --START--
INFO: Run Behavior\BuildLiteBehavior [ RunTime:0.001000s ]
INFO: [ app_init ] --END-- [ RunTime:0.001000s ]
INFO: [ app_begin ] --START--
INFO: Run Behavior\ReadHtmlCacheBehavior [ RunTime:0.000000s ]
INFO: [ app_begin ] --END-- [ RunTime:0.001000s ]
ERR: 无法加载控制器:Template

[ 2017-09-01T10:48:39+08:00 ] 127.0.0.1 /Template/mobile/default/Static/js/time/need/laydate.css
INFO: [ app_init ] --START--
INFO: Run Behavior\BuildLiteBehavior [ RunTime:0.000000s ]
INFO: [ app_init ] --END-- [ RunTime:0.002000s ]
INFO: [ app_begin ] --START--
INFO: Run Behavior\ReadHtmlCacheBehavior [ RunTime:0.001000s ]
INFO: [ app_begin ] --END-- [ RunTime:0.001000s ]
ERR: 无法加载控制器:Template

[ 2017-09-01T10:48:42+08:00 ] 127.0.0.1 /Article/index/id/2015.html
INFO: [ app_init ] --START--
INFO: Run Behavior\BuildLiteBehavior [ RunTime:0.000000s ]
INFO: [ app_init ] --END-- [ RunTime:0.001000s ]
INFO: [ app_begin ] --START--
INFO: Run Behavior\ReadHtmlCacheBehavior [ RunTime:0.001000s ]
INFO: [ app_begin ] --END-- [ RunTime:0.001000s ]
NOTIC: [8] Undefined index: usercode D:\xampp\htdocs\mobilebook\Application\Mobile\Controller\MobileBaseController.class.php 第 96 行.
NOTIC: [8] Undefined index: uid D:\xampp\htdocs\mobilebook\Application\Mobile\Controller\ArticleController.class.php 第 30 行.
NOTIC: [2] file_put_contents(./LOG_DAISY/readChapter.txt): failed to open stream: No such file or directory D:\xampp\htdocs\mobilebook\Application\Mobile\Controller\ArticleController.class.php 第 32 行.
ERR: 1064:You have an error in your SQL syntax; check the manual that corresponds to your MariaDB server version for the right syntax to use near ') ) ORDER BY addtime DESC LIMIT 5' at line 1
 [ SQL语句 ] : SELECT * FROM `jieqi_distribution_comment` WHERE ( articleid=2015 AND (ischeck=1 OR userid=) ) ORDER BY addtime DESC LIMIT 5  
NOTIC: [2] Invalid argument supplied for foreach() D:\xampp\htdocs\mobilebook\Application\Mobile\Controller\ArticleController.class.php 第 114 行.
INFO: [ view_parse ] --START--
INFO: [ template_filter ] --START--
INFO: Run Behavior\ContentReplaceBehavior [ RunTime:0.001000s ]
INFO: [ template_filter ] --END-- [ RunTime:0.001000s ]
NOTIC: [8] Undefined variable: type D:\xampp\htdocs\mobilebook\Application\Runtime\Cache\Mobile\d3f4f1206aa2d72c7bacc8b5bc87f965.php 第 51 行.
NOTIC: [8] Undefined variable: type D:\xampp\htdocs\mobilebook\Application\Runtime\Cache\Mobile\d3f4f1206aa2d72c7bacc8b5bc87f965.php 第 60 行.
NOTIC: [8] Undefined variable: type D:\xampp\htdocs\mobilebook\Application\Runtime\Cache\Mobile\d3f4f1206aa2d72c7bacc8b5bc87f965.php 第 69 行.
NOTIC: [8] Undefined variable: type D:\xampp\htdocs\mobilebook\Application\Runtime\Cache\Mobile\d3f4f1206aa2d72c7bacc8b5bc87f965.php 第 77 行.
NOTIC: [8] Undefined variable: type D:\xampp\htdocs\mobilebook\Application\Runtime\Cache\Mobile\d3f4f1206aa2d72c7bacc8b5bc87f965.php 第 88 行.
NOTIC: [8] Undefined variable: giftSum D:\xampp\htdocs\mobilebook\Application\Runtime\Cache\Mobile\d3f4f1206aa2d72c7bacc8b5bc87f965.php 第 150 行.
NOTIC: [8] Undefined variable: giftSum D:\xampp\htdocs\mobilebook\Application\Runtime\Cache\Mobile\d3f4f1206aa2d72c7bacc8b5bc87f965.php 第 151 行.
NOTIC: [8] Undefined variable: giftSum D:\xampp\htdocs\mobilebook\Application\Runtime\Cache\Mobile\d3f4f1206aa2d72c7bacc8b5bc87f965.php 第 152 行.
NOTIC: [8] Undefined variable: giftSum D:\xampp\htdocs\mobilebook\Application\Runtime\Cache\Mobile\d3f4f1206aa2d72c7bacc8b5bc87f965.php 第 153 行.
NOTIC: [8] Undefined variable: giftSum D:\xampp\htdocs\mobilebook\Application\Runtime\Cache\Mobile\d3f4f1206aa2d72c7bacc8b5bc87f965.php 第 154 行.
NOTIC: [8] Undefined variable: giftSum D:\xampp\htdocs\mobilebook\Application\Runtime\Cache\Mobile\d3f4f1206aa2d72c7bacc8b5bc87f965.php 第 155 行.
NOTIC: [8] Undefined variable: giftSum D:\xampp\htdocs\mobilebook\Application\Runtime\Cache\Mobile\d3f4f1206aa2d72c7bacc8b5bc87f965.php 第 156 行.
NOTIC: [8] Undefined variable: chapter D:\xampp\htdocs\mobilebook\Application\Runtime\Cache\Mobile\d3f4f1206aa2d72c7bacc8b5bc87f965.php 第 571 行.
INFO: Run Behavior\ParseTemplateBehavior [ RunTime:0.080005s ]
INFO: [ view_parse ] --END-- [ RunTime:0.080005s ]
INFO: [ view_filter ] --START--
INFO: Run Behavior\WriteHtmlCacheBehavior [ RunTime:0.000000s ]
INFO: [ view_filter ] --END-- [ RunTime:0.001000s ]
ERR: 1146:Table 'acool.jieqi_article' doesn't exist
 [ SQL语句 ] : SHOW COLUMNS FROM `jieqi_article`
INFO: [ app_end ] --START--
INFO: Run Behavior\ShowPageTraceBehavior [ RunTime:0.001000s ]
INFO: [ app_end ] --END-- [ RunTime:0.002000s ]

[ 2017-09-01T10:49:47+08:00 ] 127.0.0.1 /Article/index/id/2015.html
INFO: [ app_init ] --START--
INFO: Run Behavior\BuildLiteBehavior [ RunTime:0.000000s ]
INFO: [ app_init ] --END-- [ RunTime:0.001000s ]
INFO: [ app_begin ] --START--
INFO: Run Behavior\ReadHtmlCacheBehavior [ RunTime:0.000000s ]
INFO: [ app_begin ] --END-- [ RunTime:0.001000s ]
NOTIC: [8] Undefined index: usercode D:\xampp\htdocs\mobilebook\Application\Mobile\Controller\MobileBaseController.class.php 第 96 行.
NOTIC: [8] Undefined index: uid D:\xampp\htdocs\mobilebook\Application\Mobile\Controller\ArticleController.class.php 第 30 行.
NOTIC: [2] file_put_contents(./LOG_DAISY/readChapter.txt): failed to open stream: No such file or directory D:\xampp\htdocs\mobilebook\Application\Mobile\Controller\ArticleController.class.php 第 32 行.
ERR: 1064:You have an error in your SQL syntax; check the manual that corresponds to your MariaDB server version for the right syntax to use near ') ) ORDER BY addtime DESC LIMIT 5' at line 1
 [ SQL语句 ] : SELECT * FROM `jieqi_distribution_comment` WHERE ( articleid=2015 AND (ischeck=1 OR userid=) ) ORDER BY addtime DESC LIMIT 5  
NOTIC: [2] Invalid argument supplied for foreach() D:\xampp\htdocs\mobilebook\Application\Mobile\Controller\ArticleController.class.php 第 114 行.
INFO: [ view_parse ] --START--
INFO: [ template_filter ] --START--
INFO: Run Behavior\ContentReplaceBehavior [ RunTime:0.001000s ]
INFO: [ template_filter ] --END-- [ RunTime:0.001000s ]
NOTIC: [8] Undefined variable: type D:\xampp\htdocs\mobilebook\Application\Runtime\Cache\Mobile\d3f4f1206aa2d72c7bacc8b5bc87f965.php 第 51 行.
NOTIC: [8] Undefined variable: type D:\xampp\htdocs\mobilebook\Application\Runtime\Cache\Mobile\d3f4f1206aa2d72c7bacc8b5bc87f965.php 第 60 行.
NOTIC: [8] Undefined variable: type D:\xampp\htdocs\mobilebook\Application\Runtime\Cache\Mobile\d3f4f1206aa2d72c7bacc8b5bc87f965.php 第 69 行.
NOTIC: [8] Undefined variable: type D:\xampp\htdocs\mobilebook\Application\Runtime\Cache\Mobile\d3f4f1206aa2d72c7bacc8b5bc87f965.php 第 77 行.
NOTIC: [8] Undefined variable: type D:\xampp\htdocs\mobilebook\Application\Runtime\Cache\Mobile\d3f4f1206aa2d72c7bacc8b5bc87f965.php 第 88 行.
NOTIC: [8] Undefined variable: giftSum D:\xampp\htdocs\mobilebook\Application\Runtime\Cache\Mobile\d3f4f1206aa2d72c7bacc8b5bc87f965.php 第 150 行.
NOTIC: [8] Undefined variable: giftSum D:\xampp\htdocs\mobilebook\Application\Runtime\Cache\Mobile\d3f4f1206aa2d72c7bacc8b5bc87f965.php 第 151 行.
NOTIC: [8] Undefined variable: giftSum D:\xampp\htdocs\mobilebook\Application\Runtime\Cache\Mobile\d3f4f1206aa2d72c7bacc8b5bc87f965.php 第 152 行.
NOTIC: [8] Undefined variable: giftSum D:\xampp\htdocs\mobilebook\Application\Runtime\Cache\Mobile\d3f4f1206aa2d72c7bacc8b5bc87f965.php 第 153 行.
NOTIC: [8] Undefined variable: giftSum D:\xampp\htdocs\mobilebook\Application\Runtime\Cache\Mobile\d3f4f1206aa2d72c7bacc8b5bc87f965.php 第 154 行.
NOTIC: [8] Undefined variable: giftSum D:\xampp\htdocs\mobilebook\Application\Runtime\Cache\Mobile\d3f4f1206aa2d72c7bacc8b5bc87f965.php 第 155 行.
NOTIC: [8] Undefined variable: giftSum D:\xampp\htdocs\mobilebook\Application\Runtime\Cache\Mobile\d3f4f1206aa2d72c7bacc8b5bc87f965.php 第 156 行.
NOTIC: [8] Undefined variable: chapter D:\xampp\htdocs\mobilebook\Application\Runtime\Cache\Mobile\d3f4f1206aa2d72c7bacc8b5bc87f965.php 第 571 行.
INFO: Run Behavior\ParseTemplateBehavior [ RunTime:0.046003s ]
INFO: [ view_parse ] --END-- [ RunTime:0.046003s ]
INFO: [ view_filter ] --START--
INFO: Run Behavior\WriteHtmlCacheBehavior [ RunTime:0.001000s ]
INFO: [ view_filter ] --END-- [ RunTime:0.001000s ]
ERR: 1146:Table 'acool.jieqi_article' doesn't exist
 [ SQL语句 ] : SHOW COLUMNS FROM `jieqi_article`
INFO: [ app_end ] --START--
INFO: Run Behavior\ShowPageTraceBehavior [ RunTime:0.000000s ]
INFO: [ app_end ] --END-- [ RunTime:0.002000s ]

[ 2017-09-01T10:49:50+08:00 ] 127.0.0.1 /Article/index/id/2015.html
INFO: [ app_init ] --START--
INFO: Run Behavior\BuildLiteBehavior [ RunTime:0.000000s ]
INFO: [ app_init ] --END-- [ RunTime:0.000000s ]
INFO: [ app_begin ] --START--
INFO: Run Behavior\ReadHtmlCacheBehavior [ RunTime:0.000000s ]
INFO: [ app_begin ] --END-- [ RunTime:0.001001s ]
NOTIC: [8] Undefined index: usercode D:\xampp\htdocs\mobilebook\Application\Mobile\Controller\MobileBaseController.class.php 第 96 行.
NOTIC: [8] Undefined index: uid D:\xampp\htdocs\mobilebook\Application\Mobile\Controller\ArticleController.class.php 第 30 行.
NOTIC: [2] file_put_contents(./LOG_DAISY/readChapter.txt): failed to open stream: No such file or directory D:\xampp\htdocs\mobilebook\Application\Mobile\Controller\ArticleController.class.php 第 32 行.
ERR: 1064:You have an error in your SQL syntax; check the manual that corresponds to your MariaDB server version for the right syntax to use near ') ) ORDER BY addtime DESC LIMIT 5' at line 1
 [ SQL语句 ] : SELECT * FROM `jieqi_distribution_comment` WHERE ( articleid=2015 AND (ischeck=1 OR userid=) ) ORDER BY addtime DESC LIMIT 5  
NOTIC: [2] Invalid argument supplied for foreach() D:\xampp\htdocs\mobilebook\Application\Mobile\Controller\ArticleController.class.php 第 114 行.
INFO: [ view_parse ] --START--
INFO: [ template_filter ] --START--
INFO: Run Behavior\ContentReplaceBehavior [ RunTime:0.000000s ]
INFO: [ template_filter ] --END-- [ RunTime:0.001001s ]
NOTIC: [8] Undefined variable: type D:\xampp\htdocs\mobilebook\Application\Runtime\Cache\Mobile\d3f4f1206aa2d72c7bacc8b5bc87f965.php 第 51 行.
NOTIC: [8] Undefined variable: type D:\xampp\htdocs\mobilebook\Application\Runtime\Cache\Mobile\d3f4f1206aa2d72c7bacc8b5bc87f965.php 第 60 行.
NOTIC: [8] Undefined variable: type D:\xampp\htdocs\mobilebook\Application\Runtime\Cache\Mobile\d3f4f1206aa2d72c7bacc8b5bc87f965.php 第 69 行.
NOTIC: [8] Undefined variable: type D:\xampp\htdocs\mobilebook\Application\Runtime\Cache\Mobile\d3f4f1206aa2d72c7bacc8b5bc87f965.php 第 77 行.
NOTIC: [8] Undefined variable: type D:\xampp\htdocs\mobilebook\Application\Runtime\Cache\Mobile\d3f4f1206aa2d72c7bacc8b5bc87f965.php 第 88 行.
NOTIC: [8] Undefined variable: giftSum D:\xampp\htdocs\mobilebook\Application\Runtime\Cache\Mobile\d3f4f1206aa2d72c7bacc8b5bc87f965.php 第 150 行.
NOTIC: [8] Undefined variable: giftSum D:\xampp\htdocs\mobilebook\Application\Runtime\Cache\Mobile\d3f4f1206aa2d72c7bacc8b5bc87f965.php 第 151 行.
NOTIC: [8] Undefined variable: giftSum D:\xampp\htdocs\mobilebook\Application\Runtime\Cache\Mobile\d3f4f1206aa2d72c7bacc8b5bc87f965.php 第 152 行.
NOTIC: [8] Undefined variable: giftSum D:\xampp\htdocs\mobilebook\Application\Runtime\Cache\Mobile\d3f4f1206aa2d72c7bacc8b5bc87f965.php 第 153 行.
NOTIC: [8] Undefined variable: giftSum D:\xampp\htdocs\mobilebook\Application\Runtime\Cache\Mobile\d3f4f1206aa2d72c7bacc8b5bc87f965.php 第 154 行.
NOTIC: [8] Undefined variable: giftSum D:\xampp\htdocs\mobilebook\Application\Runtime\Cache\Mobile\d3f4f1206aa2d72c7bacc8b5bc87f965.php 第 155 行.
NOTIC: [8] Undefined variable: giftSum D:\xampp\htdocs\mobilebook\Application\Runtime\Cache\Mobile\d3f4f1206aa2d72c7bacc8b5bc87f965.php 第 156 行.
NOTIC: [8] Undefined variable: chapter D:\xampp\htdocs\mobilebook\Application\Runtime\Cache\Mobile\d3f4f1206aa2d72c7bacc8b5bc87f965.php 第 571 行.
INFO: Run Behavior\ParseTemplateBehavior [ RunTime:0.050003s ]
INFO: [ view_parse ] --END-- [ RunTime:0.051003s ]
INFO: [ view_filter ] --START--
INFO: Run Behavior\WriteHtmlCacheBehavior [ RunTime:0.001000s ]
INFO: [ view_filter ] --END-- [ RunTime:0.001000s ]
ERR: 1146:Table 'acool.jieqi_article' doesn't exist
 [ SQL语句 ] : SHOW COLUMNS FROM `jieqi_article`
INFO: [ app_end ] --START--
INFO: Run Behavior\ShowPageTraceBehavior [ RunTime:0.001000s ]
INFO: [ app_end ] --END-- [ RunTime:0.001000s ]

[ 2017-09-01T10:50:16+08:00 ] 127.0.0.1 /Article/index/id/2015.html
INFO: [ app_init ] --START--
INFO: Run Behavior\BuildLiteBehavior [ RunTime:0.000000s ]
INFO: [ app_init ] --END-- [ RunTime:0.001000s ]
INFO: [ app_begin ] --START--
INFO: Run Behavior\ReadHtmlCacheBehavior [ RunTime:0.001000s ]
INFO: [ app_begin ] --END-- [ RunTime:0.002000s ]
NOTIC: [8] Undefined index: usercode D:\xampp\htdocs\mobilebook\Application\Mobile\Controller\MobileBaseController.class.php 第 96 行.
NOTIC: [8] Undefined index: uid D:\xampp\htdocs\mobilebook\Application\Mobile\Controller\ArticleController.class.php 第 30 行.
NOTIC: [2] file_put_contents(./LOG_DAISY/readChapter.txt): failed to open stream: No such file or directory D:\xampp\htdocs\mobilebook\Application\Mobile\Controller\ArticleController.class.php 第 32 行.
ERR: 1064:You have an error in your SQL syntax; check the manual that corresponds to your MariaDB server version for the right syntax to use near ') ) ORDER BY addtime DESC LIMIT 5' at line 1
 [ SQL语句 ] : SELECT * FROM `jieqi_distribution_comment` WHERE ( articleid=2015 AND (ischeck=1 OR userid=) ) ORDER BY addtime DESC LIMIT 5  
NOTIC: [2] Invalid argument supplied for foreach() D:\xampp\htdocs\mobilebook\Application\Mobile\Controller\ArticleController.class.php 第 114 行.
INFO: [ view_parse ] --START--
INFO: [ template_filter ] --START--
INFO: Run Behavior\ContentReplaceBehavior [ RunTime:0.000000s ]
INFO: [ template_filter ] --END-- [ RunTime:0.000000s ]
NOTIC: [8] Undefined variable: type D:\xampp\htdocs\mobilebook\Application\Runtime\Cache\Mobile\d3f4f1206aa2d72c7bacc8b5bc87f965.php 第 51 行.
NOTIC: [8] Undefined variable: type D:\xampp\htdocs\mobilebook\Application\Runtime\Cache\Mobile\d3f4f1206aa2d72c7bacc8b5bc87f965.php 第 60 行.
NOTIC: [8] Undefined variable: type D:\xampp\htdocs\mobilebook\Application\Runtime\Cache\Mobile\d3f4f1206aa2d72c7bacc8b5bc87f965.php 第 69 行.
NOTIC: [8] Undefined variable: type D:\xampp\htdocs\mobilebook\Application\Runtime\Cache\Mobile\d3f4f1206aa2d72c7bacc8b5bc87f965.php 第 77 行.
NOTIC: [8] Undefined variable: type D:\xampp\htdocs\mobilebook\Application\Runtime\Cache\Mobile\d3f4f1206aa2d72c7bacc8b5bc87f965.php 第 88 行.
NOTIC: [8] Undefined variable: giftSum D:\xampp\htdocs\mobilebook\Application\Runtime\Cache\Mobile\d3f4f1206aa2d72c7bacc8b5bc87f965.php 第 150 行.
NOTIC: [8] Undefined variable: giftSum D:\xampp\htdocs\mobilebook\Application\Runtime\Cache\Mobile\d3f4f1206aa2d72c7bacc8b5bc87f965.php 第 151 行.
NOTIC: [8] Undefined variable: giftSum D:\xampp\htdocs\mobilebook\Application\Runtime\Cache\Mobile\d3f4f1206aa2d72c7bacc8b5bc87f965.php 第 152 行.
NOTIC: [8] Undefined variable: giftSum D:\xampp\htdocs\mobilebook\Application\Runtime\Cache\Mobile\d3f4f1206aa2d72c7bacc8b5bc87f965.php 第 153 行.
NOTIC: [8] Undefined variable: giftSum D:\xampp\htdocs\mobilebook\Application\Runtime\Cache\Mobile\d3f4f1206aa2d72c7bacc8b5bc87f965.php 第 154 行.
NOTIC: [8] Undefined variable: giftSum D:\xampp\htdocs\mobilebook\Application\Runtime\Cache\Mobile\d3f4f1206aa2d72c7bacc8b5bc87f965.php 第 155 行.
NOTIC: [8] Undefined variable: giftSum D:\xampp\htdocs\mobilebook\Application\Runtime\Cache\Mobile\d3f4f1206aa2d72c7bacc8b5bc87f965.php 第 156 行.
NOTIC: [8] Undefined variable: bookinf D:\xampp\htdocs\mobilebook\Application\Runtime\Cache\Mobile\d3f4f1206aa2d72c7bacc8b5bc87f965.php 第 181 行.
NOTIC: [8] Undefined variable: chapter D:\xampp\htdocs\mobilebook\Application\Runtime\Cache\Mobile\d3f4f1206aa2d72c7bacc8b5bc87f965.php 第 571 行.
INFO: Run Behavior\ParseTemplateBehavior [ RunTime:0.045002s ]
INFO: [ view_parse ] --END-- [ RunTime:0.046002s ]
INFO: [ view_filter ] --START--
INFO: Run Behavior\WriteHtmlCacheBehavior [ RunTime:0.000000s ]
INFO: [ view_filter ] --END-- [ RunTime:0.001000s ]
ERR: 1146:Table 'acool.jieqi_article' doesn't exist
 [ SQL语句 ] : SHOW COLUMNS FROM `jieqi_article`
INFO: [ app_end ] --START--
INFO: Run Behavior\ShowPageTraceBehavior [ RunTime:0.001000s ]
INFO: [ app_end ] --END-- [ RunTime:0.001000s ]

[ 2017-09-01T10:53:21+08:00 ] 127.0.0.1 /Gifts/comment/articleid/2015
INFO: [ app_init ] --START--
INFO: Run Behavior\BuildLiteBehavior [ RunTime:0.000000s ]
INFO: [ app_init ] --END-- [ RunTime:0.000000s ]
INFO: [ app_begin ] --START--
INFO: Run Behavior\ReadHtmlCacheBehavior [ RunTime:0.001000s ]
INFO: [ app_begin ] --END-- [ RunTime:0.001000s ]
NOTIC: [8] Undefined index: usercode D:\xampp\htdocs\mobilebook\Application\Mobile\Controller\MobileBaseController.class.php 第 96 行.
INFO: [ view_parse ] --START--
INFO: [ template_filter ] --START--
INFO: Run Behavior\ContentReplaceBehavior [ RunTime:0.000000s ]
INFO: [ template_filter ] --END-- [ RunTime:0.000000s ]
INFO: Run Behavior\ParseTemplateBehavior [ RunTime:0.030002s ]
INFO: [ view_parse ] --END-- [ RunTime:0.030002s ]
INFO: [ view_filter ] --START--
INFO: Run Behavior\WriteHtmlCacheBehavior [ RunTime:0.001000s ]
INFO: [ view_filter ] --END-- [ RunTime:0.001000s ]
INFO: [ app_end ] --START--
INFO: Run Behavior\ShowPageTraceBehavior [ RunTime:0.001000s ]
INFO: [ app_end ] --END-- [ RunTime:0.001000s ]

[ 2017-09-01T10:53:38+08:00 ] 127.0.0.1 /Article/readChapter/chapter_id/603298/book_id/2015.html
INFO: [ app_init ] --START--
INFO: Run Behavior\BuildLiteBehavior [ RunTime:0.000000s ]
INFO: [ app_init ] --END-- [ RunTime:0.000000s ]
INFO: [ app_begin ] --START--
INFO: Run Behavior\ReadHtmlCacheBehavior [ RunTime:0.001000s ]
INFO: [ app_begin ] --END-- [ RunTime:0.001000s ]
NOTIC: [8] Undefined index: usercode D:\xampp\htdocs\mobilebook\Application\Mobile\Controller\MobileBaseController.class.php 第 96 行.
ERR: 1146:Table 'acool.jieqi_article' doesn't exist
 [ SQL语句 ] : SHOW COLUMNS FROM `jieqi_article`
NOTIC: [8] Undefined index: uid D:\xampp\htdocs\mobilebook\Application\Mobile\Controller\ArticleController.class.php 第 915 行.
NOTIC: [8] Undefined index: uid D:\xampp\htdocs\mobilebook\Application\Mobile\Controller\ArticleController.class.php 第 946 行.
NOTIC: [8] Undefined index: uname D:\xampp\htdocs\mobilebook\Application\Mobile\Controller\ArticleController.class.php 第 948 行.
ERR: 1048:Column 'userid' cannot be null
 [ SQL语句 ] : INSERT INTO `jieqi_distribution_article_bookcase` (`articleid`,`articlename`,`userid`,`username`,`chapterid`,`chaptername`,`chapterorder`,`joindate`) VALUES ('2015','保安逆袭兵王归来',NULL,NULL,'603298','第001章 贼人进屋','1','1504234418')
NOTIC: [8] Undefined offset: 0 D:\xampp\htdocs\mobilebook\Application\Mobile\Controller\ArticleController.class.php 第 555 行.
NOTIC: [8] Undefined index: uid D:\xampp\htdocs\mobilebook\Application\Mobile\Controller\ArticleController.class.php 第 396 行.
NOTIC: [8] Undefined index: uid D:\xampp\htdocs\mobilebook\Application\Mobile\Controller\ArticleController.class.php 第 397 行.
NOTIC: [2] file_put_contents(./LOG_DAISY/readChapter.txt): failed to open stream: No such file or directory D:\xampp\htdocs\mobilebook\Application\Mobile\Controller\ArticleController.class.php 第 405 行.
INFO: [ view_parse ] --START--
INFO: [ template_filter ] --START--
INFO: Run Behavior\ContentReplaceBehavior [ RunTime:0.001000s ]
INFO: [ template_filter ] --END-- [ RunTime:0.001000s ]
NOTIC: [8] Undefined variable: bookinfo D:\xampp\htdocs\mobilebook\Application\Runtime\Cache\Mobile\6938fc66abff49126ba3c12d76c03298.php 第 150 行.
NOTIC: [8] Undefined variable: bookinfo D:\xampp\htdocs\mobilebook\Application\Runtime\Cache\Mobile\6938fc66abff49126ba3c12d76c03298.php 第 157 行.
NOTIC: [8] Undefined variable: bookinfo D:\xampp\htdocs\mobilebook\Application\Runtime\Cache\Mobile\6938fc66abff49126ba3c12d76c03298.php 第 164 行.
INFO: Run Behavior\ParseTemplateBehavior [ RunTime:0.040003s ]
INFO: [ view_parse ] --END-- [ RunTime:0.041003s ]
INFO: [ view_filter ] --START--
INFO: Run Behavior\WriteHtmlCacheBehavior [ RunTime:0.000000s ]
INFO: [ view_filter ] --END-- [ RunTime:0.001000s ]
INFO: [ app_end ] --START--
INFO: Run Behavior\ShowPageTraceBehavior [ RunTime:0.001000s ]
INFO: [ app_end ] --END-- [ RunTime:0.001000s ]

[ 2017-09-01T10:56:48+08:00 ] 127.0.0.1 /Article/readChapter/chapter_id/603298/book_id/2015.html
INFO: [ app_init ] --START--
INFO: Run Behavior\BuildLiteBehavior [ RunTime:0.000000s ]
INFO: [ app_init ] --END-- [ RunTime:0.001000s ]
INFO: [ app_begin ] --START--
INFO: Run Behavior\ReadHtmlCacheBehavior [ RunTime:0.001000s ]
INFO: [ app_begin ] --END-- [ RunTime:0.001000s ]
NOTIC: [8] Undefined index: usercode D:\xampp\htdocs\mobilebook\Application\Mobile\Controller\MobileBaseController.class.php 第 96 行.
ERR: 1146:Table 'acool.jieqi_article' doesn't exist
 [ SQL语句 ] : SHOW COLUMNS FROM `jieqi_article`
NOTIC: [8] Undefined index: uid D:\xampp\htdocs\mobilebook\Application\Mobile\Controller\ArticleController.class.php 第 915 行.
NOTIC: [8] Undefined index: uid D:\xampp\htdocs\mobilebook\Application\Mobile\Controller\ArticleController.class.php 第 946 行.
NOTIC: [8] Undefined index: uname D:\xampp\htdocs\mobilebook\Application\Mobile\Controller\ArticleController.class.php 第 948 行.
ERR: 1048:Column 'userid' cannot be null
 [ SQL语句 ] : INSERT INTO `jieqi_distribution_article_bookcase` (`articleid`,`articlename`,`userid`,`username`,`chapterid`,`chaptername`,`chapterorder`,`joindate`) VALUES ('2015','保安逆袭兵王归来',NULL,NULL,'603298','第001章 贼人进屋','1','1504234608')
NOTIC: [8] Undefined offset: 0 D:\xampp\htdocs\mobilebook\Application\Mobile\Controller\ArticleController.class.php 第 555 行.
NOTIC: [8] Undefined index: uid D:\xampp\htdocs\mobilebook\Application\Mobile\Controller\ArticleController.class.php 第 396 行.
NOTIC: [8] Undefined index: uid D:\xampp\htdocs\mobilebook\Application\Mobile\Controller\ArticleController.class.php 第 397 行.
NOTIC: [2] file_put_contents(./LOG_DAISY/readChapter.txt): failed to open stream: No such file or directory D:\xampp\htdocs\mobilebook\Application\Mobile\Controller\ArticleController.class.php 第 405 行.
INFO: [ view_parse ] --START--
INFO: [ template_filter ] --START--
INFO: Run Behavior\ContentReplaceBehavior [ RunTime:0.001000s ]
INFO: [ template_filter ] --END-- [ RunTime:0.001000s ]
INFO: Run Behavior\ParseTemplateBehavior [ RunTime:0.041003s ]
INFO: [ view_parse ] --END-- [ RunTime:0.042003s ]
INFO: [ view_filter ] --START--
INFO: Run Behavior\WriteHtmlCacheBehavior [ RunTime:0.001000s ]
INFO: [ view_filter ] --END-- [ RunTime:0.001000s ]
INFO: [ app_end ] --START--
INFO: Run Behavior\ShowPageTraceBehavior [ RunTime:0.001000s ]
INFO: [ app_end ] --END-- [ RunTime:0.001000s ]

