[ 2017-09-05T16:34:26+08:00 ] 127.0.0.1 /
INFO: [ app_init ] --START--
INFO: Run Behavior\BuildLiteBehavior [ RunTime:0.000000s ]
INFO: [ app_init ] --END-- [ RunTime:0.001000s ]
INFO: [ app_begin ] --START--
INFO: Run Behavior\ReadHtmlCacheBehavior [ RunTime:0.001000s ]
INFO: [ app_begin ] --END-- [ RunTime:0.002000s ]
NOTIC: [8] Undefined index: usercode D:\xampp\htdocs\mobilebook\Application\Mobile\Controller\MobileBaseController.class.php 第 96 行.
NOTIC: [8] Undefined index: uid D:\xampp\htdocs\mobilebook\Application\Mobile\Controller\IndexController.class.php 第 64 行.
NOTIC: [8] Undefined offset: 0 D:\xampp\htdocs\mobilebook\Application\Mobile\Controller\IndexController.class.php 第 66 行.
NOTIC: [2] Invalid argument supplied for foreach() D:\xampp\htdocs\mobilebook\ThinkPHP\Library\Think\Db\Driver.class.php 第 546 行.
NOTIC: [2] include(C:\\virtualhost\\bacoolread\\configs\\article\\sort.php): failed to open stream: No such file or directory D:\xampp\htdocs\mobilebook\Application\Common\Common\function.php 第 664 行.
NOTIC: [2] include(): Failed opening 'C:\\virtualhost\\bacoolread\\configs\\article\\sort.php' for inclusion (include_path='D:\xampp\php\PEAR') D:\xampp\htdocs\mobilebook\Application\Common\Common\function.php 第 664 行.
NOTIC: [8] Undefined variable: sortName D:\xampp\htdocs\mobilebook\Application\Common\Common\function.php 第 671 行.
NOTIC: [2] include(C:\\virtualhost\\bacoolread\\configs\\article\\sort.php): failed to open stream: No such file or directory D:\xampp\htdocs\mobilebook\Application\Common\Common\function.php 第 664 行.
NOTIC: [2] include(): Failed opening 'C:\\virtualhost\\bacoolread\\configs\\article\\sort.php' for inclusion (include_path='D:\xampp\php\PEAR') D:\xampp\htdocs\mobilebook\Application\Common\Common\function.php 第 664 行.
NOTIC: [8] Undefined variable: sortName D:\xampp\htdocs\mobilebook\Application\Common\Common\function.php 第 671 行.
NOTIC: [2] include(C:\\virtualhost\\bacoolread\\configs\\article\\sort.php): failed to open stream: No such file or directory D:\xampp\htdocs\mobilebook\Application\Common\Common\function.php 第 664 行.
NOTIC: [2] include(): Failed opening 'C:\\virtualhost\\bacoolread\\configs\\article\\sort.php' for inclusion (include_path='D:\xampp\php\PEAR') D:\xampp\htdocs\mobilebook\Application\Common\Common\function.php 第 664 行.
NOTIC: [8] Undefined variable: sortName D:\xampp\htdocs\mobilebook\Application\Common\Common\function.php 第 671 行.
NOTIC: [2] include(C:\\virtualhost\\bacoolread\\configs\\article\\sort.php): failed to open stream: No such file or directory D:\xampp\htdocs\mobilebook\Application\Common\Common\function.php 第 664 行.
NOTIC: [2] include(): Failed opening 'C:\\virtualhost\\bacoolread\\configs\\article\\sort.php' for inclusion (include_path='D:\xampp\php\PEAR') D:\xampp\htdocs\mobilebook\Application\Common\Common\function.php 第 664 行.
NOTIC: [8] Undefined variable: sortName D:\xampp\htdocs\mobilebook\Application\Common\Common\function.php 第 671 行.
NOTIC: [2] include(C:\\virtualhost\\bacoolread\\configs\\article\\sort.php): failed to open stream: No such file or directory D:\xampp\htdocs\mobilebook\Application\Common\Common\function.php 第 664 行.
NOTIC: [2] include(): Failed opening 'C:\\virtualhost\\bacoolread\\configs\\article\\sort.php' for inclusion (include_path='D:\xampp\php\PEAR') D:\xampp\htdocs\mobilebook\Application\Common\Common\function.php 第 664 行.
NOTIC: [8] Undefined variable: sortName D:\xampp\htdocs\mobilebook\Application\Common\Common\function.php 第 671 行.
NOTIC: [2] include(C:\\virtualhost\\bacoolread\\configs\\article\\sort.php): failed to open stream: No such file or directory D:\xampp\htdocs\mobilebook\Application\Common\Common\function.php 第 664 行.
NOTIC: [2] include(): Failed opening 'C:\\virtualhost\\bacoolread\\configs\\article\\sort.php' for inclusion (include_path='D:\xampp\php\PEAR') D:\xampp\htdocs\mobilebook\Application\Common\Common\function.php 第 664 行.
NOTIC: [8] Undefined variable: sortName D:\xampp\htdocs\mobilebook\Application\Common\Common\function.php 第 671 行.
NOTIC: [2] include(C:\\virtualhost\\bacoolread\\configs\\article\\sort.php): failed to open stream: No such file or directory D:\xampp\htdocs\mobilebook\Application\Common\Common\function.php 第 664 行.
NOTIC: [2] include(): Failed opening 'C:\\virtualhost\\bacoolread\\configs\\article\\sort.php' for inclusion (include_path='D:\xampp\php\PEAR') D:\xampp\htdocs\mobilebook\Application\Common\Common\function.php 第 664 行.
NOTIC: [8] Undefined variable: sortName D:\xampp\htdocs\mobilebook\Application\Common\Common\function.php 第 671 行.
NOTIC: [2] include(C:\\virtualhost\\bacoolread\\configs\\article\\sort.php): failed to open stream: No such file or directory D:\xampp\htdocs\mobilebook\Application\Common\Common\function.php 第 664 行.
NOTIC: [2] include(): Failed opening 'C:\\virtualhost\\bacoolread\\configs\\article\\sort.php' for inclusion (include_path='D:\xampp\php\PEAR') D:\xampp\htdocs\mobilebook\Application\Common\Common\function.php 第 664 行.
NOTIC: [8] Undefined variable: sortName D:\xampp\htdocs\mobilebook\Application\Common\Common\function.php 第 671 行.
NOTIC: [2] include(C:\\virtualhost\\bacoolread\\configs\\article\\sort.php): failed to open stream: No such file or directory D:\xampp\htdocs\mobilebook\Application\Common\Common\function.php 第 664 行.
NOTIC: [2] include(): Failed opening 'C:\\virtualhost\\bacoolread\\configs\\article\\sort.php' for inclusion (include_path='D:\xampp\php\PEAR') D:\xampp\htdocs\mobilebook\Application\Common\Common\function.php 第 664 行.
NOTIC: [8] Undefined variable: sortName D:\xampp\htdocs\mobilebook\Application\Common\Common\function.php 第 671 行.
NOTIC: [2] include(C:\\virtualhost\\bacoolread\\configs\\article\\sort.php): failed to open stream: No such file or directory D:\xampp\htdocs\mobilebook\Application\Common\Common\function.php 第 664 行.
NOTIC: [2] include(): Failed opening 'C:\\virtualhost\\bacoolread\\configs\\article\\sort.php' for inclusion (include_path='D:\xampp\php\PEAR') D:\xampp\htdocs\mobilebook\Application\Common\Common\function.php 第 664 行.
NOTIC: [8] Undefined variable: sortName D:\xampp\htdocs\mobilebook\Application\Common\Common\function.php 第 671 行.
NOTIC: [2] include(C:\\virtualhost\\bacoolread\\configs\\article\\sort.php): failed to open stream: No such file or directory D:\xampp\htdocs\mobilebook\Application\Common\Common\function.php 第 664 行.
NOTIC: [2] include(): Failed opening 'C:\\virtualhost\\bacoolread\\configs\\article\\sort.php' for inclusion (include_path='D:\xampp\php\PEAR') D:\xampp\htdocs\mobilebook\Application\Common\Common\function.php 第 664 行.
NOTIC: [8] Undefined variable: sortName D:\xampp\htdocs\mobilebook\Application\Common\Common\function.php 第 671 行.
NOTIC: [2] include(C:\\virtualhost\\bacoolread\\configs\\article\\sort.php): failed to open stream: No such file or directory D:\xampp\htdocs\mobilebook\Application\Common\Common\function.php 第 664 行.
NOTIC: [2] include(): Failed opening 'C:\\virtualhost\\bacoolread\\configs\\article\\sort.php' for inclusion (include_path='D:\xampp\php\PEAR') D:\xampp\htdocs\mobilebook\Application\Common\Common\function.php 第 664 行.
NOTIC: [8] Undefined variable: sortName D:\xampp\htdocs\mobilebook\Application\Common\Common\function.php 第 671 行.
NOTIC: [2] include(C:\\virtualhost\\bacoolread\\configs\\article\\sort.php): failed to open stream: No such file or directory D:\xampp\htdocs\mobilebook\Application\Common\Common\function.php 第 664 行.
NOTIC: [2] include(): Failed opening 'C:\\virtualhost\\bacoolread\\configs\\article\\sort.php' for inclusion (include_path='D:\xampp\php\PEAR') D:\xampp\htdocs\mobilebook\Application\Common\Common\function.php 第 664 行.
NOTIC: [8] Undefined variable: sortName D:\xampp\htdocs\mobilebook\Application\Common\Common\function.php 第 671 行.
NOTIC: [2] include(C:\\virtualhost\\bacoolread\\configs\\article\\sort.php): failed to open stream: No such file or directory D:\xampp\htdocs\mobilebook\Application\Common\Common\function.php 第 664 行.
NOTIC: [2] include(): Failed opening 'C:\\virtualhost\\bacoolread\\configs\\article\\sort.php' for inclusion (include_path='D:\xampp\php\PEAR') D:\xampp\htdocs\mobilebook\Application\Common\Common\function.php 第 664 行.
NOTIC: [8] Undefined variable: sortName D:\xampp\htdocs\mobilebook\Application\Common\Common\function.php 第 671 行.
NOTIC: [2] include(C:\\virtualhost\\bacoolread\\configs\\article\\sort.php): failed to open stream: No such file or directory D:\xampp\htdocs\mobilebook\Application\Common\Common\function.php 第 664 行.
NOTIC: [2] include(): Failed opening 'C:\\virtualhost\\bacoolread\\configs\\article\\sort.php' for inclusion (include_path='D:\xampp\php\PEAR') D:\xampp\htdocs\mobilebook\Application\Common\Common\function.php 第 664 行.
NOTIC: [8] Undefined variable: sortName D:\xampp\htdocs\mobilebook\Application\Common\Common\function.php 第 671 行.
NOTIC: [2] include(C:\\virtualhost\\bacoolread\\configs\\article\\sort.php): failed to open stream: No such file or directory D:\xampp\htdocs\mobilebook\Application\Common\Common\function.php 第 664 行.
NOTIC: [2] include(): Failed opening 'C:\\virtualhost\\bacoolread\\configs\\article\\sort.php' for inclusion (include_path='D:\xampp\php\PEAR') D:\xampp\htdocs\mobilebook\Application\Common\Common\function.php 第 664 行.
NOTIC: [8] Undefined variable: sortName D:\xampp\htdocs\mobilebook\Application\Common\Common\function.php 第 671 行.
NOTIC: [2] include(C:\\virtualhost\\bacoolread\\configs\\article\\sort.php): failed to open stream: No such file or directory D:\xampp\htdocs\mobilebook\Application\Common\Common\function.php 第 664 行.
NOTIC: [2] include(): Failed opening 'C:\\virtualhost\\bacoolread\\configs\\article\\sort.php' for inclusion (include_path='D:\xampp\php\PEAR') D:\xampp\htdocs\mobilebook\Application\Common\Common\function.php 第 664 行.
NOTIC: [8] Undefined variable: sortName D:\xampp\htdocs\mobilebook\Application\Common\Common\function.php 第 671 行.
NOTIC: [2] include(C:\\virtualhost\\bacoolread\\configs\\article\\sort.php): failed to open stream: No such file or directory D:\xampp\htdocs\mobilebook\Application\Common\Common\function.php 第 664 行.
NOTIC: [2] include(): Failed opening 'C:\\virtualhost\\bacoolread\\configs\\article\\sort.php' for inclusion (include_path='D:\xampp\php\PEAR') D:\xampp\htdocs\mobilebook\Application\Common\Common\function.php 第 664 行.
NOTIC: [8] Undefined variable: sortName D:\xampp\htdocs\mobilebook\Application\Common\Common\function.php 第 671 行.
NOTIC: [2] include(C:\\virtualhost\\bacoolread\\configs\\article\\sort.php): failed to open stream: No such file or directory D:\xampp\htdocs\mobilebook\Application\Common\Common\function.php 第 664 行.
NOTIC: [2] include(): Failed opening 'C:\\virtualhost\\bacoolread\\configs\\article\\sort.php' for inclusion (include_path='D:\xampp\php\PEAR') D:\xampp\htdocs\mobilebook\Application\Common\Common\function.php 第 664 行.
NOTIC: [8] Undefined variable: sortName D:\xampp\htdocs\mobilebook\Application\Common\Common\function.php 第 671 行.
NOTIC: [2] include(C:\\virtualhost\\bacoolread\\configs\\article\\sort.php): failed to open stream: No such file or directory D:\xampp\htdocs\mobilebook\Application\Common\Common\function.php 第 664 行.
NOTIC: [2] include(): Failed opening 'C:\\virtualhost\\bacoolread\\configs\\article\\sort.php' for inclusion (include_path='D:\xampp\php\PEAR') D:\xampp\htdocs\mobilebook\Application\Common\Common\function.php 第 664 行.
NOTIC: [8] Undefined variable: sortName D:\xampp\htdocs\mobilebook\Application\Common\Common\function.php 第 671 行.
NOTIC: [2] include(C:\\virtualhost\\bacoolread\\configs\\article\\sort.php): failed to open stream: No such file or directory D:\xampp\htdocs\mobilebook\Application\Common\Common\function.php 第 664 行.
NOTIC: [2] include(): Failed opening 'C:\\virtualhost\\bacoolread\\configs\\article\\sort.php' for inclusion (include_path='D:\xampp\php\PEAR') D:\xampp\htdocs\mobilebook\Application\Common\Common\function.php 第 664 行.
NOTIC: [8] Undefined variable: sortName D:\xampp\htdocs\mobilebook\Application\Common\Common\function.php 第 671 行.
NOTIC: [2] include(C:\\virtualhost\\bacoolread\\configs\\article\\sort.php): failed to open stream: No such file or directory D:\xampp\htdocs\mobilebook\Application\Common\Common\function.php 第 664 行.
NOTIC: [2] include(): Failed opening 'C:\\virtualhost\\bacoolread\\configs\\article\\sort.php' for inclusion (include_path='D:\xampp\php\PEAR') D:\xampp\htdocs\mobilebook\Application\Common\Common\function.php 第 664 行.
NOTIC: [8] Undefined variable: sortName D:\xampp\htdocs\mobilebook\Application\Common\Common\function.php 第 671 行.
NOTIC: [2] include(C:\\virtualhost\\bacoolread\\configs\\article\\sort.php): failed to open stream: No such file or directory D:\xampp\htdocs\mobilebook\Application\Common\Common\function.php 第 664 行.
NOTIC: [2] include(): Failed opening 'C:\\virtualhost\\bacoolread\\configs\\article\\sort.php' for inclusion (include_path='D:\xampp\php\PEAR') D:\xampp\htdocs\mobilebook\Application\Common\Common\function.php 第 664 行.
NOTIC: [8] Undefined variable: sortName D:\xampp\htdocs\mobilebook\Application\Common\Common\function.php 第 671 行.
NOTIC: [2] include(C:\\virtualhost\\bacoolread\\configs\\article\\sort.php): failed to open stream: No such file or directory D:\xampp\htdocs\mobilebook\Application\Common\Common\function.php 第 664 行.
NOTIC: [2] include(): Failed opening 'C:\\virtualhost\\bacoolread\\configs\\article\\sort.php' for inclusion (include_path='D:\xampp\php\PEAR') D:\xampp\htdocs\mobilebook\Application\Common\Common\function.php 第 664 行.
NOTIC: [8] Undefined variable: sortName D:\xampp\htdocs\mobilebook\Application\Common\Common\function.php 第 671 行.
NOTIC: [2] include(C:\\virtualhost\\bacoolread\\configs\\article\\sort.php): failed to open stream: No such file or directory D:\xampp\htdocs\mobilebook\Application\Common\Common\function.php 第 664 行.
NOTIC: [2] include(): Failed opening 'C:\\virtualhost\\bacoolread\\configs\\article\\sort.php' for inclusion (include_path='D:\xampp\php\PEAR') D:\xampp\htdocs\mobilebook\Application\Common\Common\function.php 第 664 行.
NOTIC: [8] Undefined variable: sortName D:\xampp\htdocs\mobilebook\Application\Common\Common\function.php 第 671 行.
NOTIC: [2] include(C:\\virtualhost\\bacoolread\\configs\\article\\sort.php): failed to open stream: No such file or directory D:\xampp\htdocs\mobilebook\Application\Common\Common\function.php 第 664 行.
NOTIC: [2] include(): Failed opening 'C:\\virtualhost\\bacoolread\\configs\\article\\sort.php' for inclusion (include_path='D:\xampp\php\PEAR') D:\xampp\htdocs\mobilebook\Application\Common\Common\function.php 第 664 行.
NOTIC: [8] Undefined variable: sortName D:\xampp\htdocs\mobilebook\Application\Common\Common\function.php 第 671 行.
NOTIC: [2] include(C:\\virtualhost\\bacoolread\\configs\\article\\sort.php): failed to open stream: No such file or directory D:\xampp\htdocs\mobilebook\Application\Common\Common\function.php 第 664 行.
NOTIC: [2] include(): Failed opening 'C:\\virtualhost\\bacoolread\\configs\\article\\sort.php' for inclusion (include_path='D:\xampp\php\PEAR') D:\xampp\htdocs\mobilebook\Application\Common\Common\function.php 第 664 行.
NOTIC: [8] Undefined variable: sortName D:\xampp\htdocs\mobilebook\Application\Common\Common\function.php 第 671 行.
NOTIC: [2] include(C:\\virtualhost\\bacoolread\\configs\\article\\sort.php): failed to open stream: No such file or directory D:\xampp\htdocs\mobilebook\Application\Common\Common\function.php 第 664 行.
NOTIC: [2] include(): Failed opening 'C:\\virtualhost\\bacoolread\\configs\\article\\sort.php' for inclusion (include_path='D:\xampp\php\PEAR') D:\xampp\htdocs\mobilebook\Application\Common\Common\function.php 第 664 行.
NOTIC: [8] Undefined variable: sortName D:\xampp\htdocs\mobilebook\Application\Common\Common\function.php 第 671 行.
NOTIC: [2] include(C:\\virtualhost\\bacoolread\\configs\\article\\sort.php): failed to open stream: No such file or directory D:\xampp\htdocs\mobilebook\Application\Common\Common\function.php 第 664 行.
NOTIC: [2] include(): Failed opening 'C:\\virtualhost\\bacoolread\\configs\\article\\sort.php' for inclusion (include_path='D:\xampp\php\PEAR') D:\xampp\htdocs\mobilebook\Application\Common\Common\function.php 第 664 行.
NOTIC: [8] Undefined variable: sortName D:\xampp\htdocs\mobilebook\Application\Common\Common\function.php 第 671 行.
NOTIC: [2] include(C:\\virtualhost\\bacoolread\\configs\\article\\sort.php): failed to open stream: No such file or directory D:\xampp\htdocs\mobilebook\Application\Common\Common\function.php 第 664 行.
NOTIC: [2] include(): Failed opening 'C:\\virtualhost\\bacoolread\\configs\\article\\sort.php' for inclusion (include_path='D:\xampp\php\PEAR') D:\xampp\htdocs\mobilebook\Application\Common\Common\function.php 第 664 行.
NOTIC: [8] Undefined variable: sortName D:\xampp\htdocs\mobilebook\Application\Common\Common\function.php 第 671 行.
NOTIC: [2] include(C:\\virtualhost\\bacoolread\\configs\\article\\sort.php): failed to open stream: No such file or directory D:\xampp\htdocs\mobilebook\Application\Common\Common\function.php 第 664 行.
NOTIC: [2] include(): Failed opening 'C:\\virtualhost\\bacoolread\\configs\\article\\sort.php' for inclusion (include_path='D:\xampp\php\PEAR') D:\xampp\htdocs\mobilebook\Application\Common\Common\function.php 第 664 行.
NOTIC: [8] Undefined variable: sortName D:\xampp\htdocs\mobilebook\Application\Common\Common\function.php 第 671 行.
NOTIC: [2] include(C:\\virtualhost\\bacoolread\\configs\\article\\sort.php): failed to open stream: No such file or directory D:\xampp\htdocs\mobilebook\Application\Common\Common\function.php 第 664 行.
NOTIC: [2] include(): Failed opening 'C:\\virtualhost\\bacoolread\\configs\\article\\sort.php' for inclusion (include_path='D:\xampp\php\PEAR') D:\xampp\htdocs\mobilebook\Application\Common\Common\function.php 第 664 行.
NOTIC: [8] Undefined variable: sortName D:\xampp\htdocs\mobilebook\Application\Common\Common\function.php 第 671 行.
NOTIC: [2] include(C:\\virtualhost\\bacoolread\\configs\\article\\sort.php): failed to open stream: No such file or directory D:\xampp\htdocs\mobilebook\Application\Common\Common\function.php 第 664 行.
NOTIC: [2] include(): Failed opening 'C:\\virtualhost\\bacoolread\\configs\\article\\sort.php' for inclusion (include_path='D:\xampp\php\PEAR') D:\xampp\htdocs\mobilebook\Application\Common\Common\function.php 第 664 行.
NOTIC: [8] Undefined variable: sortName D:\xampp\htdocs\mobilebook\Application\Common\Common\function.php 第 671 行.
NOTIC: [2] include(C:\\virtualhost\\bacoolread\\configs\\article\\sort.php): failed to open stream: No such file or directory D:\xampp\htdocs\mobilebook\Application\Common\Common\function.php 第 664 行.
NOTIC: [2] include(): Failed opening 'C:\\virtualhost\\bacoolread\\configs\\article\\sort.php' for inclusion (include_path='D:\xampp\php\PEAR') D:\xampp\htdocs\mobilebook\Application\Common\Common\function.php 第 664 行.
NOTIC: [8] Undefined variable: sortName D:\xampp\htdocs\mobilebook\Application\Common\Common\function.php 第 671 行.
NOTIC: [2] include(C:\\virtualhost\\bacoolread\\configs\\article\\sort.php): failed to open stream: No such file or directory D:\xampp\htdocs\mobilebook\Application\Common\Common\function.php 第 664 行.
NOTIC: [2] include(): Failed opening 'C:\\virtualhost\\bacoolread\\configs\\article\\sort.php' for inclusion (include_path='D:\xampp\php\PEAR') D:\xampp\htdocs\mobilebook\Application\Common\Common\function.php 第 664 行.
NOTIC: [8] Undefined variable: sortName D:\xampp\htdocs\mobilebook\Application\Common\Common\function.php 第 671 行.
NOTIC: [2] include(C:\\virtualhost\\bacoolread\\configs\\article\\sort.php): failed to open stream: No such file or directory D:\xampp\htdocs\mobilebook\Application\Common\Common\function.php 第 664 行.
NOTIC: [2] include(): Failed opening 'C:\\virtualhost\\bacoolread\\configs\\article\\sort.php' for inclusion (include_path='D:\xampp\php\PEAR') D:\xampp\htdocs\mobilebook\Application\Common\Common\function.php 第 664 行.
NOTIC: [8] Undefined variable: sortName D:\xampp\htdocs\mobilebook\Application\Common\Common\function.php 第 671 行.
NOTIC: [2] include(C:\\virtualhost\\bacoolread\\configs\\article\\sort.php): failed to open stream: No such file or directory D:\xampp\htdocs\mobilebook\Application\Common\Common\function.php 第 664 行.
NOTIC: [2] include(): Failed opening 'C:\\virtualhost\\bacoolread\\configs\\article\\sort.php' for inclusion (include_path='D:\xampp\php\PEAR') D:\xampp\htdocs\mobilebook\Application\Common\Common\function.php 第 664 行.
NOTIC: [8] Undefined variable: sortName D:\xampp\htdocs\mobilebook\Application\Common\Common\function.php 第 671 行.
NOTIC: [2] include(C:\\virtualhost\\bacoolread\\configs\\article\\sort.php): failed to open stream: No such file or directory D:\xampp\htdocs\mobilebook\Application\Common\Common\function.php 第 664 行.
NOTIC: [2] include(): Failed opening 'C:\\virtualhost\\bacoolread\\configs\\article\\sort.php' for inclusion (include_path='D:\xampp\php\PEAR') D:\xampp\htdocs\mobilebook\Application\Common\Common\function.php 第 664 行.
NOTIC: [8] Undefined variable: sortName D:\xampp\htdocs\mobilebook\Application\Common\Common\function.php 第 671 行.
NOTIC: [2] include(C:\\virtualhost\\bacoolread\\configs\\article\\sort.php): failed to open stream: No such file or directory D:\xampp\htdocs\mobilebook\Application\Common\Common\function.php 第 664 行.
NOTIC: [2] include(): Failed opening 'C:\\virtualhost\\bacoolread\\configs\\article\\sort.php' for inclusion (include_path='D:\xampp\php\PEAR') D:\xampp\htdocs\mobilebook\Application\Common\Common\function.php 第 664 行.
NOTIC: [8] Undefined variable: sortName D:\xampp\htdocs\mobilebook\Application\Common\Common\function.php 第 671 行.
NOTIC: [2] include(C:\\virtualhost\\bacoolread\\configs\\article\\sort.php): failed to open stream: No such file or directory D:\xampp\htdocs\mobilebook\Application\Common\Common\function.php 第 664 行.
NOTIC: [2] include(): Failed opening 'C:\\virtualhost\\bacoolread\\configs\\article\\sort.php' for inclusion (include_path='D:\xampp\php\PEAR') D:\xampp\htdocs\mobilebook\Application\Common\Common\function.php 第 664 行.
NOTIC: [8] Undefined variable: sortName D:\xampp\htdocs\mobilebook\Application\Common\Common\function.php 第 671 行.
NOTIC: [2] include(C:\\virtualhost\\bacoolread\\configs\\article\\sort.php): failed to open stream: No such file or directory D:\xampp\htdocs\mobilebook\Application\Common\Common\function.php 第 664 行.
NOTIC: [2] include(): Failed opening 'C:\\virtualhost\\bacoolread\\configs\\article\\sort.php' for inclusion (include_path='D:\xampp\php\PEAR') D:\xampp\htdocs\mobilebook\Application\Common\Common\function.php 第 664 行.
NOTIC: [8] Undefined variable: sortName D:\xampp\htdocs\mobilebook\Application\Common\Common\function.php 第 671 行.
NOTIC: [2] include(C:\\virtualhost\\bacoolread\\configs\\article\\sort.php): failed to open stream: No such file or directory D:\xampp\htdocs\mobilebook\Application\Common\Common\function.php 第 664 行.
NOTIC: [2] include(): Failed opening 'C:\\virtualhost\\bacoolread\\configs\\article\\sort.php' for inclusion (include_path='D:\xampp\php\PEAR') D:\xampp\htdocs\mobilebook\Application\Common\Common\function.php 第 664 行.
NOTIC: [8] Undefined variable: sortName D:\xampp\htdocs\mobilebook\Application\Common\Common\function.php 第 671 行.
INFO: [ view_parse ] --START--
INFO: [ template_filter ] --START--
INFO: Run Behavior\ContentReplaceBehavior [ RunTime:0.001000s ]
INFO: [ template_filter ] --END-- [ RunTime:0.001000s ]
NOTIC: [8] Undefined offset: 0 D:\xampp\htdocs\mobilebook\Application\Runtime\Cache\Mobile\36447d9ff9f361f39d03d123621a89e3.php 第 353 行.
INFO: Run Behavior\ParseTemplateBehavior [ RunTime:0.088005s ]
INFO: [ view_parse ] --END-- [ RunTime:0.088005s ]
INFO: [ view_filter ] --START--
INFO: Run Behavior\WriteHtmlCacheBehavior [ RunTime:0.006001s ]
INFO: [ view_filter ] --END-- [ RunTime:0.006001s ]
INFO: [ app_end ] --START--
INFO: Run Behavior\ShowPageTraceBehavior [ RunTime:0.009000s ]
INFO: [ app_end ] --END-- [ RunTime:0.009000s ]

[ 2017-09-05T16:34:34+08:00 ] 127.0.0.1 /Index/search.html
INFO: [ app_init ] --START--
INFO: Run Behavior\BuildLiteBehavior [ RunTime:0.000000s ]
INFO: [ app_init ] --END-- [ RunTime:0.001000s ]
INFO: [ app_begin ] --START--
INFO: Run Behavior\ReadHtmlCacheBehavior [ RunTime:0.001000s ]
INFO: [ app_begin ] --END-- [ RunTime:0.001000s ]
NOTIC: [8] Undefined index: usercode D:\xampp\htdocs\mobilebook\Application\Mobile\Controller\MobileBaseController.class.php 第 96 行.
INFO: [ view_parse ] --START--
INFO: [ template_filter ] --START--
INFO: Run Behavior\ContentReplaceBehavior [ RunTime:0.000000s ]
INFO: [ template_filter ] --END-- [ RunTime:0.000000s ]
NOTIC: [8] Undefined variable: type D:\xampp\htdocs\mobilebook\Application\Runtime\Cache\Mobile\907d0df9c8e1436f5171b94a16b371b2.php 第 38 行.
NOTIC: [8] Undefined variable: type D:\xampp\htdocs\mobilebook\Application\Runtime\Cache\Mobile\907d0df9c8e1436f5171b94a16b371b2.php 第 47 行.
NOTIC: [8] Undefined variable: type D:\xampp\htdocs\mobilebook\Application\Runtime\Cache\Mobile\907d0df9c8e1436f5171b94a16b371b2.php 第 56 行.
NOTIC: [8] Undefined variable: type D:\xampp\htdocs\mobilebook\Application\Runtime\Cache\Mobile\907d0df9c8e1436f5171b94a16b371b2.php 第 64 行.
NOTIC: [8] Undefined variable: type D:\xampp\htdocs\mobilebook\Application\Runtime\Cache\Mobile\907d0df9c8e1436f5171b94a16b371b2.php 第 75 行.
NOTIC: [8] Undefined variable: historyList D:\xampp\htdocs\mobilebook\Application\Runtime\Cache\Mobile\907d0df9c8e1436f5171b94a16b371b2.php 第 119 行.
INFO: Run Behavior\ParseTemplateBehavior [ RunTime:0.030002s ]
INFO: [ view_parse ] --END-- [ RunTime:0.030002s ]
INFO: [ view_filter ] --START--
INFO: Run Behavior\WriteHtmlCacheBehavior [ RunTime:0.001000s ]
INFO: [ view_filter ] --END-- [ RunTime:0.001000s ]
INFO: [ app_end ] --START--
INFO: Run Behavior\ShowPageTraceBehavior [ RunTime:0.001000s ]
INFO: [ app_end ] --END-- [ RunTime:0.001000s ]

[ 2017-09-05T16:40:20+08:00 ] 127.0.0.1 /Index/getSortList.html
INFO: [ app_init ] --START--
INFO: Run Behavior\BuildLiteBehavior [ RunTime:0.000000s ]
INFO: [ app_init ] --END-- [ RunTime:0.001000s ]
INFO: [ app_begin ] --START--
INFO: Run Behavior\ReadHtmlCacheBehavior [ RunTime:0.001000s ]
INFO: [ app_begin ] --END-- [ RunTime:0.001000s ]
NOTIC: [8] Undefined index: usercode D:\xampp\htdocs\mobilebook\Application\Mobile\Controller\MobileBaseController.class.php 第 96 行.
NOTIC: [2] include(C:\\virtualhost\\bacoolread\\configs\\article\\sort.php): failed to open stream: No such file or directory D:\xampp\htdocs\mobilebook\Application\Mobile\Controller\IndexController.class.php 第 217 行.
NOTIC: [2] include(): Failed opening 'C:\\virtualhost\\bacoolread\\configs\\article\\sort.php' for inclusion (include_path='D:\xampp\php\PEAR') D:\xampp\htdocs\mobilebook\Application\Mobile\Controller\IndexController.class.php 第 217 行.
NOTIC: [2] include(C:\\virtualhost\\bacoolread\\configs\\article\\filter.php): failed to open stream: No such file or directory D:\xampp\htdocs\mobilebook\Application\Mobile\Controller\IndexController.class.php 第 219 行.
NOTIC: [2] include(): Failed opening 'C:\\virtualhost\\bacoolread\\configs\\article\\filter.php' for inclusion (include_path='D:\xampp\php\PEAR') D:\xampp\htdocs\mobilebook\Application\Mobile\Controller\IndexController.class.php 第 219 行.
INFO: [ app_end ] --START--
INFO: Run Behavior\ShowPageTraceBehavior [ RunTime:0.001000s ]
INFO: [ app_end ] --END-- [ RunTime:0.001000s ]

[ 2017-09-05T16:40:23+08:00 ] 127.0.0.1 /Index/getSortList.html
INFO: [ app_init ] --START--
INFO: Run Behavior\BuildLiteBehavior [ RunTime:0.000000s ]
INFO: [ app_init ] --END-- [ RunTime:0.001000s ]
INFO: [ app_begin ] --START--
INFO: Run Behavior\ReadHtmlCacheBehavior [ RunTime:0.001000s ]
INFO: [ app_begin ] --END-- [ RunTime:0.001000s ]
NOTIC: [8] Undefined index: usercode D:\xampp\htdocs\mobilebook\Application\Mobile\Controller\MobileBaseController.class.php 第 96 行.
NOTIC: [2] include(C:\\virtualhost\\bacoolread\\configs\\article\\sort.php): failed to open stream: No such file or directory D:\xampp\htdocs\mobilebook\Application\Mobile\Controller\IndexController.class.php 第 217 行.
NOTIC: [2] include(): Failed opening 'C:\\virtualhost\\bacoolread\\configs\\article\\sort.php' for inclusion (include_path='D:\xampp\php\PEAR') D:\xampp\htdocs\mobilebook\Application\Mobile\Controller\IndexController.class.php 第 217 行.
NOTIC: [2] include(C:\\virtualhost\\bacoolread\\configs\\article\\filter.php): failed to open stream: No such file or directory D:\xampp\htdocs\mobilebook\Application\Mobile\Controller\IndexController.class.php 第 219 行.
NOTIC: [2] include(): Failed opening 'C:\\virtualhost\\bacoolread\\configs\\article\\filter.php' for inclusion (include_path='D:\xampp\php\PEAR') D:\xampp\htdocs\mobilebook\Application\Mobile\Controller\IndexController.class.php 第 219 行.
INFO: [ app_end ] --START--
INFO: Run Behavior\ShowPageTraceBehavior [ RunTime:0.001000s ]
INFO: [ app_end ] --END-- [ RunTime:0.001000s ]

