[ 2017-08-28T14:33:56+08:00 ] 127.0.0.1 /
INFO: [ app_init ] --START--
INFO: Run Behavior\BuildLiteBehavior [ RunTime:0.001000s ]
INFO: [ app_init ] --END-- [ RunTime:0.002000s ]
INFO: [ app_begin ] --START--
INFO: Run Behavior\ReadHtmlCacheBehavior [ RunTime:0.001000s ]
INFO: [ app_begin ] --END-- [ RunTime:0.001000s ]
NOTIC: [8] Undefined index: usercode D:\xampp\htdocs\mobilebook\Application\Mobile\Controller\MobileBaseController.class.php 第 96 行.
NOTIC: [8] Undefined index: uid D:\xampp\htdocs\mobilebook\Application\Mobile\Controller\IndexController.class.php 第 64 行.
NOTIC: [8] Undefined offset: 0 D:\xampp\htdocs\mobilebook\Application\Mobile\Controller\IndexController.class.php 第 66 行.
NOTIC: [2] Invalid argument supplied for foreach() D:\xampp\htdocs\mobilebook\ThinkPHP\Library\Think\Db\Driver.class.php 第 546 行.
NOTIC: [2] include(C:\\virtualhost\\bacoolread\\configs\\article\\sort.php): failed to open stream: No such file or directory D:\xampp\htdocs\mobilebook\Application\Common\Common\function.php 第 664 行.
NOTIC: [2] include(): Failed opening 'C:\\virtualhost\\bacoolread\\configs\\article\\sort.php' for inclusion (include_path='D:\xampp\php\PEAR') D:\xampp\htdocs\mobilebook\Application\Common\Common\function.php 第 664 行.
NOTIC: [8] Undefined variable: sortName D:\xampp\htdocs\mobilebook\Application\Common\Common\function.php 第 671 行.
NOTIC: [2] include(C:\\virtualhost\\bacoolread\\configs\\article\\sort.php): failed to open stream: No such file or directory D:\xampp\htdocs\mobilebook\Application\Common\Common\function.php 第 664 行.
NOTIC: [2] include(): Failed opening 'C:\\virtualhost\\bacoolread\\configs\\article\\sort.php' for inclusion (include_path='D:\xampp\php\PEAR') D:\xampp\htdocs\mobilebook\Application\Common\Common\function.php 第 664 行.
NOTIC: [8] Undefined variable: sortName D:\xampp\htdocs\mobilebook\Application\Common\Common\function.php 第 671 行.
NOTIC: [2] include(C:\\virtualhost\\bacoolread\\configs\\article\\sort.php): failed to open stream: No such file or directory D:\xampp\htdocs\mobilebook\Application\Common\Common\function.php 第 664 行.
NOTIC: [2] include(): Failed opening 'C:\\virtualhost\\bacoolread\\configs\\article\\sort.php' for inclusion (include_path='D:\xampp\php\PEAR') D:\xampp\htdocs\mobilebook\Application\Common\Common\function.php 第 664 行.
NOTIC: [8] Undefined variable: sortName D:\xampp\htdocs\mobilebook\Application\Common\Common\function.php 第 671 行.
NOTIC: [2] include(C:\\virtualhost\\bacoolread\\configs\\article\\sort.php): failed to open stream: No such file or directory D:\xampp\htdocs\mobilebook\Application\Common\Common\function.php 第 664 行.
NOTIC: [2] include(): Failed opening 'C:\\virtualhost\\bacoolread\\configs\\article\\sort.php' for inclusion (include_path='D:\xampp\php\PEAR') D:\xampp\htdocs\mobilebook\Application\Common\Common\function.php 第 664 行.
NOTIC: [8] Undefined variable: sortName D:\xampp\htdocs\mobilebook\Application\Common\Common\function.php 第 671 行.
NOTIC: [2] include(C:\\virtualhost\\bacoolread\\configs\\article\\sort.php): failed to open stream: No such file or directory D:\xampp\htdocs\mobilebook\Application\Common\Common\function.php 第 664 行.
NOTIC: [2] include(): Failed opening 'C:\\virtualhost\\bacoolread\\configs\\article\\sort.php' for inclusion (include_path='D:\xampp\php\PEAR') D:\xampp\htdocs\mobilebook\Application\Common\Common\function.php 第 664 行.
NOTIC: [8] Undefined variable: sortName D:\xampp\htdocs\mobilebook\Application\Common\Common\function.php 第 671 行.
NOTIC: [2] include(C:\\virtualhost\\bacoolread\\configs\\article\\sort.php): failed to open stream: No such file or directory D:\xampp\htdocs\mobilebook\Application\Common\Common\function.php 第 664 行.
NOTIC: [2] include(): Failed opening 'C:\\virtualhost\\bacoolread\\configs\\article\\sort.php' for inclusion (include_path='D:\xampp\php\PEAR') D:\xampp\htdocs\mobilebook\Application\Common\Common\function.php 第 664 行.
NOTIC: [8] Undefined variable: sortName D:\xampp\htdocs\mobilebook\Application\Common\Common\function.php 第 671 行.
NOTIC: [2] include(C:\\virtualhost\\bacoolread\\configs\\article\\sort.php): failed to open stream: No such file or directory D:\xampp\htdocs\mobilebook\Application\Common\Common\function.php 第 664 行.
NOTIC: [2] include(): Failed opening 'C:\\virtualhost\\bacoolread\\configs\\article\\sort.php' for inclusion (include_path='D:\xampp\php\PEAR') D:\xampp\htdocs\mobilebook\Application\Common\Common\function.php 第 664 行.
NOTIC: [8] Undefined variable: sortName D:\xampp\htdocs\mobilebook\Application\Common\Common\function.php 第 671 行.
NOTIC: [2] include(C:\\virtualhost\\bacoolread\\configs\\article\\sort.php): failed to open stream: No such file or directory D:\xampp\htdocs\mobilebook\Application\Common\Common\function.php 第 664 行.
NOTIC: [2] include(): Failed opening 'C:\\virtualhost\\bacoolread\\configs\\article\\sort.php' for inclusion (include_path='D:\xampp\php\PEAR') D:\xampp\htdocs\mobilebook\Application\Common\Common\function.php 第 664 行.
NOTIC: [8] Undefined variable: sortName D:\xampp\htdocs\mobilebook\Application\Common\Common\function.php 第 671 行.
NOTIC: [2] include(C:\\virtualhost\\bacoolread\\configs\\article\\sort.php): failed to open stream: No such file or directory D:\xampp\htdocs\mobilebook\Application\Common\Common\function.php 第 664 行.
NOTIC: [2] include(): Failed opening 'C:\\virtualhost\\bacoolread\\configs\\article\\sort.php' for inclusion (include_path='D:\xampp\php\PEAR') D:\xampp\htdocs\mobilebook\Application\Common\Common\function.php 第 664 行.
NOTIC: [8] Undefined variable: sortName D:\xampp\htdocs\mobilebook\Application\Common\Common\function.php 第 671 行.
NOTIC: [2] include(C:\\virtualhost\\bacoolread\\configs\\article\\sort.php): failed to open stream: No such file or directory D:\xampp\htdocs\mobilebook\Application\Common\Common\function.php 第 664 行.
NOTIC: [2] include(): Failed opening 'C:\\virtualhost\\bacoolread\\configs\\article\\sort.php' for inclusion (include_path='D:\xampp\php\PEAR') D:\xampp\htdocs\mobilebook\Application\Common\Common\function.php 第 664 行.
NOTIC: [8] Undefined variable: sortName D:\xampp\htdocs\mobilebook\Application\Common\Common\function.php 第 671 行.
NOTIC: [2] include(C:\\virtualhost\\bacoolread\\configs\\article\\sort.php): failed to open stream: No such file or directory D:\xampp\htdocs\mobilebook\Application\Common\Common\function.php 第 664 行.
NOTIC: [2] include(): Failed opening 'C:\\virtualhost\\bacoolread\\configs\\article\\sort.php' for inclusion (include_path='D:\xampp\php\PEAR') D:\xampp\htdocs\mobilebook\Application\Common\Common\function.php 第 664 行.
NOTIC: [8] Undefined variable: sortName D:\xampp\htdocs\mobilebook\Application\Common\Common\function.php 第 671 行.
NOTIC: [2] include(C:\\virtualhost\\bacoolread\\configs\\article\\sort.php): failed to open stream: No such file or directory D:\xampp\htdocs\mobilebook\Application\Common\Common\function.php 第 664 行.
NOTIC: [2] include(): Failed opening 'C:\\virtualhost\\bacoolread\\configs\\article\\sort.php' for inclusion (include_path='D:\xampp\php\PEAR') D:\xampp\htdocs\mobilebook\Application\Common\Common\function.php 第 664 行.
NOTIC: [8] Undefined variable: sortName D:\xampp\htdocs\mobilebook\Application\Common\Common\function.php 第 671 行.
NOTIC: [2] include(C:\\virtualhost\\bacoolread\\configs\\article\\sort.php): failed to open stream: No such file or directory D:\xampp\htdocs\mobilebook\Application\Common\Common\function.php 第 664 行.
NOTIC: [2] include(): Failed opening 'C:\\virtualhost\\bacoolread\\configs\\article\\sort.php' for inclusion (include_path='D:\xampp\php\PEAR') D:\xampp\htdocs\mobilebook\Application\Common\Common\function.php 第 664 行.
NOTIC: [8] Undefined variable: sortName D:\xampp\htdocs\mobilebook\Application\Common\Common\function.php 第 671 行.
NOTIC: [2] include(C:\\virtualhost\\bacoolread\\configs\\article\\sort.php): failed to open stream: No such file or directory D:\xampp\htdocs\mobilebook\Application\Common\Common\function.php 第 664 行.
NOTIC: [2] include(): Failed opening 'C:\\virtualhost\\bacoolread\\configs\\article\\sort.php' for inclusion (include_path='D:\xampp\php\PEAR') D:\xampp\htdocs\mobilebook\Application\Common\Common\function.php 第 664 行.
NOTIC: [8] Undefined variable: sortName D:\xampp\htdocs\mobilebook\Application\Common\Common\function.php 第 671 行.
NOTIC: [2] include(C:\\virtualhost\\bacoolread\\configs\\article\\sort.php): failed to open stream: No such file or directory D:\xampp\htdocs\mobilebook\Application\Common\Common\function.php 第 664 行.
NOTIC: [2] include(): Failed opening 'C:\\virtualhost\\bacoolread\\configs\\article\\sort.php' for inclusion (include_path='D:\xampp\php\PEAR') D:\xampp\htdocs\mobilebook\Application\Common\Common\function.php 第 664 行.
NOTIC: [8] Undefined variable: sortName D:\xampp\htdocs\mobilebook\Application\Common\Common\function.php 第 671 行.
NOTIC: [2] include(C:\\virtualhost\\bacoolread\\configs\\article\\sort.php): failed to open stream: No such file or directory D:\xampp\htdocs\mobilebook\Application\Common\Common\function.php 第 664 行.
NOTIC: [2] include(): Failed opening 'C:\\virtualhost\\bacoolread\\configs\\article\\sort.php' for inclusion (include_path='D:\xampp\php\PEAR') D:\xampp\htdocs\mobilebook\Application\Common\Common\function.php 第 664 行.
NOTIC: [8] Undefined variable: sortName D:\xampp\htdocs\mobilebook\Application\Common\Common\function.php 第 671 行.
NOTIC: [2] include(C:\\virtualhost\\bacoolread\\configs\\article\\sort.php): failed to open stream: No such file or directory D:\xampp\htdocs\mobilebook\Application\Common\Common\function.php 第 664 行.
NOTIC: [2] include(): Failed opening 'C:\\virtualhost\\bacoolread\\configs\\article\\sort.php' for inclusion (include_path='D:\xampp\php\PEAR') D:\xampp\htdocs\mobilebook\Application\Common\Common\function.php 第 664 行.
NOTIC: [8] Undefined variable: sortName D:\xampp\htdocs\mobilebook\Application\Common\Common\function.php 第 671 行.
NOTIC: [2] include(C:\\virtualhost\\bacoolread\\configs\\article\\sort.php): failed to open stream: No such file or directory D:\xampp\htdocs\mobilebook\Application\Common\Common\function.php 第 664 行.
NOTIC: [2] include(): Failed opening 'C:\\virtualhost\\bacoolread\\configs\\article\\sort.php' for inclusion (include_path='D:\xampp\php\PEAR') D:\xampp\htdocs\mobilebook\Application\Common\Common\function.php 第 664 行.
NOTIC: [8] Undefined variable: sortName D:\xampp\htdocs\mobilebook\Application\Common\Common\function.php 第 671 行.
NOTIC: [2] include(C:\\virtualhost\\bacoolread\\configs\\article\\sort.php): failed to open stream: No such file or directory D:\xampp\htdocs\mobilebook\Application\Common\Common\function.php 第 664 行.
NOTIC: [2] include(): Failed opening 'C:\\virtualhost\\bacoolread\\configs\\article\\sort.php' for inclusion (include_path='D:\xampp\php\PEAR') D:\xampp\htdocs\mobilebook\Application\Common\Common\function.php 第 664 行.
NOTIC: [8] Undefined variable: sortName D:\xampp\htdocs\mobilebook\Application\Common\Common\function.php 第 671 行.
NOTIC: [2] include(C:\\virtualhost\\bacoolread\\configs\\article\\sort.php): failed to open stream: No such file or directory D:\xampp\htdocs\mobilebook\Application\Common\Common\function.php 第 664 行.
NOTIC: [2] include(): Failed opening 'C:\\virtualhost\\bacoolread\\configs\\article\\sort.php' for inclusion (include_path='D:\xampp\php\PEAR') D:\xampp\htdocs\mobilebook\Application\Common\Common\function.php 第 664 行.
NOTIC: [8] Undefined variable: sortName D:\xampp\htdocs\mobilebook\Application\Common\Common\function.php 第 671 行.
NOTIC: [2] include(C:\\virtualhost\\bacoolread\\configs\\article\\sort.php): failed to open stream: No such file or directory D:\xampp\htdocs\mobilebook\Application\Common\Common\function.php 第 664 行.
NOTIC: [2] include(): Failed opening 'C:\\virtualhost\\bacoolread\\configs\\article\\sort.php' for inclusion (include_path='D:\xampp\php\PEAR') D:\xampp\htdocs\mobilebook\Application\Common\Common\function.php 第 664 行.
NOTIC: [8] Undefined variable: sortName D:\xampp\htdocs\mobilebook\Application\Common\Common\function.php 第 671 行.
NOTIC: [2] include(C:\\virtualhost\\bacoolread\\configs\\article\\sort.php): failed to open stream: No such file or directory D:\xampp\htdocs\mobilebook\Application\Common\Common\function.php 第 664 行.
NOTIC: [2] include(): Failed opening 'C:\\virtualhost\\bacoolread\\configs\\article\\sort.php' for inclusion (include_path='D:\xampp\php\PEAR') D:\xampp\htdocs\mobilebook\Application\Common\Common\function.php 第 664 行.
NOTIC: [8] Undefined variable: sortName D:\xampp\htdocs\mobilebook\Application\Common\Common\function.php 第 671 行.
NOTIC: [2] include(C:\\virtualhost\\bacoolread\\configs\\article\\sort.php): failed to open stream: No such file or directory D:\xampp\htdocs\mobilebook\Application\Common\Common\function.php 第 664 行.
NOTIC: [2] include(): Failed opening 'C:\\virtualhost\\bacoolread\\configs\\article\\sort.php' for inclusion (include_path='D:\xampp\php\PEAR') D:\xampp\htdocs\mobilebook\Application\Common\Common\function.php 第 664 行.
NOTIC: [8] Undefined variable: sortName D:\xampp\htdocs\mobilebook\Application\Common\Common\function.php 第 671 行.
NOTIC: [2] include(C:\\virtualhost\\bacoolread\\configs\\article\\sort.php): failed to open stream: No such file or directory D:\xampp\htdocs\mobilebook\Application\Common\Common\function.php 第 664 行.
NOTIC: [2] include(): Failed opening 'C:\\virtualhost\\bacoolread\\configs\\article\\sort.php' for inclusion (include_path='D:\xampp\php\PEAR') D:\xampp\htdocs\mobilebook\Application\Common\Common\function.php 第 664 行.
NOTIC: [8] Undefined variable: sortName D:\xampp\htdocs\mobilebook\Application\Common\Common\function.php 第 671 行.
NOTIC: [2] include(C:\\virtualhost\\bacoolread\\configs\\article\\sort.php): failed to open stream: No such file or directory D:\xampp\htdocs\mobilebook\Application\Common\Common\function.php 第 664 行.
NOTIC: [2] include(): Failed opening 'C:\\virtualhost\\bacoolread\\configs\\article\\sort.php' for inclusion (include_path='D:\xampp\php\PEAR') D:\xampp\htdocs\mobilebook\Application\Common\Common\function.php 第 664 行.
NOTIC: [8] Undefined variable: sortName D:\xampp\htdocs\mobilebook\Application\Common\Common\function.php 第 671 行.
NOTIC: [2] include(C:\\virtualhost\\bacoolread\\configs\\article\\sort.php): failed to open stream: No such file or directory D:\xampp\htdocs\mobilebook\Application\Common\Common\function.php 第 664 行.
NOTIC: [2] include(): Failed opening 'C:\\virtualhost\\bacoolread\\configs\\article\\sort.php' for inclusion (include_path='D:\xampp\php\PEAR') D:\xampp\htdocs\mobilebook\Application\Common\Common\function.php 第 664 行.
NOTIC: [8] Undefined variable: sortName D:\xampp\htdocs\mobilebook\Application\Common\Common\function.php 第 671 行.
NOTIC: [2] include(C:\\virtualhost\\bacoolread\\configs\\article\\sort.php): failed to open stream: No such file or directory D:\xampp\htdocs\mobilebook\Application\Common\Common\function.php 第 664 行.
NOTIC: [2] include(): Failed opening 'C:\\virtualhost\\bacoolread\\configs\\article\\sort.php' for inclusion (include_path='D:\xampp\php\PEAR') D:\xampp\htdocs\mobilebook\Application\Common\Common\function.php 第 664 行.
NOTIC: [8] Undefined variable: sortName D:\xampp\htdocs\mobilebook\Application\Common\Common\function.php 第 671 行.
NOTIC: [2] include(C:\\virtualhost\\bacoolread\\configs\\article\\sort.php): failed to open stream: No such file or directory D:\xampp\htdocs\mobilebook\Application\Common\Common\function.php 第 664 行.
NOTIC: [2] include(): Failed opening 'C:\\virtualhost\\bacoolread\\configs\\article\\sort.php' for inclusion (include_path='D:\xampp\php\PEAR') D:\xampp\htdocs\mobilebook\Application\Common\Common\function.php 第 664 行.
NOTIC: [8] Undefined variable: sortName D:\xampp\htdocs\mobilebook\Application\Common\Common\function.php 第 671 行.
NOTIC: [2] include(C:\\virtualhost\\bacoolread\\configs\\article\\sort.php): failed to open stream: No such file or directory D:\xampp\htdocs\mobilebook\Application\Common\Common\function.php 第 664 行.
NOTIC: [2] include(): Failed opening 'C:\\virtualhost\\bacoolread\\configs\\article\\sort.php' for inclusion (include_path='D:\xampp\php\PEAR') D:\xampp\htdocs\mobilebook\Application\Common\Common\function.php 第 664 行.
NOTIC: [8] Undefined variable: sortName D:\xampp\htdocs\mobilebook\Application\Common\Common\function.php 第 671 行.
NOTIC: [2] include(C:\\virtualhost\\bacoolread\\configs\\article\\sort.php): failed to open stream: No such file or directory D:\xampp\htdocs\mobilebook\Application\Common\Common\function.php 第 664 行.
NOTIC: [2] include(): Failed opening 'C:\\virtualhost\\bacoolread\\configs\\article\\sort.php' for inclusion (include_path='D:\xampp\php\PEAR') D:\xampp\htdocs\mobilebook\Application\Common\Common\function.php 第 664 行.
NOTIC: [8] Undefined variable: sortName D:\xampp\htdocs\mobilebook\Application\Common\Common\function.php 第 671 行.
NOTIC: [2] include(C:\\virtualhost\\bacoolread\\configs\\article\\sort.php): failed to open stream: No such file or directory D:\xampp\htdocs\mobilebook\Application\Common\Common\function.php 第 664 行.
NOTIC: [2] include(): Failed opening 'C:\\virtualhost\\bacoolread\\configs\\article\\sort.php' for inclusion (include_path='D:\xampp\php\PEAR') D:\xampp\htdocs\mobilebook\Application\Common\Common\function.php 第 664 行.
NOTIC: [8] Undefined variable: sortName D:\xampp\htdocs\mobilebook\Application\Common\Common\function.php 第 671 行.
NOTIC: [2] include(C:\\virtualhost\\bacoolread\\configs\\article\\sort.php): failed to open stream: No such file or directory D:\xampp\htdocs\mobilebook\Application\Common\Common\function.php 第 664 行.
NOTIC: [2] include(): Failed opening 'C:\\virtualhost\\bacoolread\\configs\\article\\sort.php' for inclusion (include_path='D:\xampp\php\PEAR') D:\xampp\htdocs\mobilebook\Application\Common\Common\function.php 第 664 行.
NOTIC: [8] Undefined variable: sortName D:\xampp\htdocs\mobilebook\Application\Common\Common\function.php 第 671 行.
NOTIC: [2] include(C:\\virtualhost\\bacoolread\\configs\\article\\sort.php): failed to open stream: No such file or directory D:\xampp\htdocs\mobilebook\Application\Common\Common\function.php 第 664 行.
NOTIC: [2] include(): Failed opening 'C:\\virtualhost\\bacoolread\\configs\\article\\sort.php' for inclusion (include_path='D:\xampp\php\PEAR') D:\xampp\htdocs\mobilebook\Application\Common\Common\function.php 第 664 行.
NOTIC: [8] Undefined variable: sortName D:\xampp\htdocs\mobilebook\Application\Common\Common\function.php 第 671 行.
NOTIC: [2] include(C:\\virtualhost\\bacoolread\\configs\\article\\sort.php): failed to open stream: No such file or directory D:\xampp\htdocs\mobilebook\Application\Common\Common\function.php 第 664 行.
NOTIC: [2] include(): Failed opening 'C:\\virtualhost\\bacoolread\\configs\\article\\sort.php' for inclusion (include_path='D:\xampp\php\PEAR') D:\xampp\htdocs\mobilebook\Application\Common\Common\function.php 第 664 行.
NOTIC: [8] Undefined variable: sortName D:\xampp\htdocs\mobilebook\Application\Common\Common\function.php 第 671 行.
NOTIC: [2] include(C:\\virtualhost\\bacoolread\\configs\\article\\sort.php): failed to open stream: No such file or directory D:\xampp\htdocs\mobilebook\Application\Common\Common\function.php 第 664 行.
NOTIC: [2] include(): Failed opening 'C:\\virtualhost\\bacoolread\\configs\\article\\sort.php' for inclusion (include_path='D:\xampp\php\PEAR') D:\xampp\htdocs\mobilebook\Application\Common\Common\function.php 第 664 行.
NOTIC: [8] Undefined variable: sortName D:\xampp\htdocs\mobilebook\Application\Common\Common\function.php 第 671 行.
NOTIC: [2] include(C:\\virtualhost\\bacoolread\\configs\\article\\sort.php): failed to open stream: No such file or directory D:\xampp\htdocs\mobilebook\Application\Common\Common\function.php 第 664 行.
NOTIC: [2] include(): Failed opening 'C:\\virtualhost\\bacoolread\\configs\\article\\sort.php' for inclusion (include_path='D:\xampp\php\PEAR') D:\xampp\htdocs\mobilebook\Application\Common\Common\function.php 第 664 行.
NOTIC: [8] Undefined variable: sortName D:\xampp\htdocs\mobilebook\Application\Common\Common\function.php 第 671 行.
NOTIC: [2] include(C:\\virtualhost\\bacoolread\\configs\\article\\sort.php): failed to open stream: No such file or directory D:\xampp\htdocs\mobilebook\Application\Common\Common\function.php 第 664 行.
NOTIC: [2] include(): Failed opening 'C:\\virtualhost\\bacoolread\\configs\\article\\sort.php' for inclusion (include_path='D:\xampp\php\PEAR') D:\xampp\htdocs\mobilebook\Application\Common\Common\function.php 第 664 行.
NOTIC: [8] Undefined variable: sortName D:\xampp\htdocs\mobilebook\Application\Common\Common\function.php 第 671 行.
NOTIC: [2] include(C:\\virtualhost\\bacoolread\\configs\\article\\sort.php): failed to open stream: No such file or directory D:\xampp\htdocs\mobilebook\Application\Common\Common\function.php 第 664 行.
NOTIC: [2] include(): Failed opening 'C:\\virtualhost\\bacoolread\\configs\\article\\sort.php' for inclusion (include_path='D:\xampp\php\PEAR') D:\xampp\htdocs\mobilebook\Application\Common\Common\function.php 第 664 行.
NOTIC: [8] Undefined variable: sortName D:\xampp\htdocs\mobilebook\Application\Common\Common\function.php 第 671 行.
NOTIC: [2] include(C:\\virtualhost\\bacoolread\\configs\\article\\sort.php): failed to open stream: No such file or directory D:\xampp\htdocs\mobilebook\Application\Common\Common\function.php 第 664 行.
NOTIC: [2] include(): Failed opening 'C:\\virtualhost\\bacoolread\\configs\\article\\sort.php' for inclusion (include_path='D:\xampp\php\PEAR') D:\xampp\htdocs\mobilebook\Application\Common\Common\function.php 第 664 行.
NOTIC: [8] Undefined variable: sortName D:\xampp\htdocs\mobilebook\Application\Common\Common\function.php 第 671 行.
NOTIC: [2] include(C:\\virtualhost\\bacoolread\\configs\\article\\sort.php): failed to open stream: No such file or directory D:\xampp\htdocs\mobilebook\Application\Common\Common\function.php 第 664 行.
NOTIC: [2] include(): Failed opening 'C:\\virtualhost\\bacoolread\\configs\\article\\sort.php' for inclusion (include_path='D:\xampp\php\PEAR') D:\xampp\htdocs\mobilebook\Application\Common\Common\function.php 第 664 行.
NOTIC: [8] Undefined variable: sortName D:\xampp\htdocs\mobilebook\Application\Common\Common\function.php 第 671 行.
NOTIC: [2] include(C:\\virtualhost\\bacoolread\\configs\\article\\sort.php): failed to open stream: No such file or directory D:\xampp\htdocs\mobilebook\Application\Common\Common\function.php 第 664 行.
NOTIC: [2] include(): Failed opening 'C:\\virtualhost\\bacoolread\\configs\\article\\sort.php' for inclusion (include_path='D:\xampp\php\PEAR') D:\xampp\htdocs\mobilebook\Application\Common\Common\function.php 第 664 行.
NOTIC: [8] Undefined variable: sortName D:\xampp\htdocs\mobilebook\Application\Common\Common\function.php 第 671 行.
NOTIC: [2] include(C:\\virtualhost\\bacoolread\\configs\\article\\sort.php): failed to open stream: No such file or directory D:\xampp\htdocs\mobilebook\Application\Common\Common\function.php 第 664 行.
NOTIC: [2] include(): Failed opening 'C:\\virtualhost\\bacoolread\\configs\\article\\sort.php' for inclusion (include_path='D:\xampp\php\PEAR') D:\xampp\htdocs\mobilebook\Application\Common\Common\function.php 第 664 行.
NOTIC: [8] Undefined variable: sortName D:\xampp\htdocs\mobilebook\Application\Common\Common\function.php 第 671 行.
INFO: [ view_parse ] --START--
INFO: [ template_filter ] --START--
INFO: Run Behavior\ContentReplaceBehavior [ RunTime:0.000000s ]
INFO: [ template_filter ] --END-- [ RunTime:0.000000s ]
NOTIC: [8] Undefined index: caseid D:\xampp\htdocs\mobilebook\Application\Runtime\Cache\Mobile\36447d9ff9f361f39d03d123621a89e3.php 第 123 行.
NOTIC: [8] Undefined offset: 0 D:\xampp\htdocs\mobilebook\Application\Runtime\Cache\Mobile\36447d9ff9f361f39d03d123621a89e3.php 第 349 行.
INFO: Run Behavior\ParseTemplateBehavior [ RunTime:0.124007s ]
INFO: [ view_parse ] --END-- [ RunTime:0.125007s ]
INFO: [ view_filter ] --START--
INFO: Run Behavior\WriteHtmlCacheBehavior [ RunTime:0.009001s ]
INFO: [ view_filter ] --END-- [ RunTime:0.009001s ]
INFO: [ app_end ] --START--
INFO: Run Behavior\ShowPageTraceBehavior [ RunTime:0.009000s ]
INFO: [ app_end ] --END-- [ RunTime:0.009000s ]

[ 2017-08-28T14:33:57+08:00 ] 127.0.0.1 /Template/mobile/default/Static/js/time/skins/default/laydate.css
INFO: [ app_init ] --START--
INFO: Run Behavior\BuildLiteBehavior [ RunTime:0.000000s ]
INFO: [ app_init ] --END-- [ RunTime:0.001000s ]
INFO: [ app_begin ] --START--
INFO: Run Behavior\ReadHtmlCacheBehavior [ RunTime:0.001000s ]
INFO: [ app_begin ] --END-- [ RunTime:0.001000s ]
ERR: 无法加载控制器:Template

[ 2017-08-28T14:33:57+08:00 ] 127.0.0.1 /Template/mobile/default/Static/js/time/need/laydate.css
INFO: [ app_init ] --START--
INFO: Run Behavior\BuildLiteBehavior [ RunTime:0.000000s ]
INFO: [ app_init ] --END-- [ RunTime:0.001000s ]
INFO: [ app_begin ] --START--
INFO: Run Behavior\ReadHtmlCacheBehavior [ RunTime:0.001000s ]
INFO: [ app_begin ] --END-- [ RunTime:0.001000s ]
ERR: 无法加载控制器:Template

[ 2017-08-28T14:34:02+08:00 ] 127.0.0.1 /Article/index/id/2015.html
INFO: [ app_init ] --START--
INFO: Run Behavior\BuildLiteBehavior [ RunTime:0.000000s ]
INFO: [ app_init ] --END-- [ RunTime:0.001000s ]
INFO: [ app_begin ] --START--
INFO: Run Behavior\ReadHtmlCacheBehavior [ RunTime:0.001000s ]
INFO: [ app_begin ] --END-- [ RunTime:0.001000s ]
NOTIC: [8] Undefined index: usercode D:\xampp\htdocs\mobilebook\Application\Mobile\Controller\MobileBaseController.class.php 第 96 行.
ERR: 1064:You have an error in your SQL syntax; check the manual that corresponds to your MariaDB server version for the right syntax to use near ') ) ORDER BY addtime DESC LIMIT 5' at line 1
 [ SQL语句 ] : SELECT * FROM `jieqi_distribution_comment` WHERE ( articleid=2015 AND (ischeck=1 OR userid=) ) ORDER BY addtime DESC LIMIT 5  
NOTIC: [2] Invalid argument supplied for foreach() D:\xampp\htdocs\mobilebook\Application\Mobile\Controller\ArticleController.class.php 第 105 行.
ERR: 1064:You have an error in your SQL syntax; check the manual that corresponds to your MariaDB server version for the right syntax to use near ') ) LIMIT 1' at line 1
 [ SQL语句 ] : SELECT COUNT(*) AS tp_count FROM `jieqi_distribution_comment` WHERE ( articleid=2015 AND (ischeck=1 OR userid=) ) LIMIT 1  
INFO: [ view_parse ] --START--
INFO: [ template_filter ] --START--
INFO: Run Behavior\ContentReplaceBehavior [ RunTime:0.000000s ]
INFO: [ template_filter ] --END-- [ RunTime:0.000000s ]
NOTIC: [8] Undefined variable: type D:\xampp\htdocs\mobilebook\Application\Runtime\Cache\Mobile\d3f4f1206aa2d72c7bacc8b5bc87f965.php 第 51 行.
NOTIC: [8] Undefined variable: type D:\xampp\htdocs\mobilebook\Application\Runtime\Cache\Mobile\d3f4f1206aa2d72c7bacc8b5bc87f965.php 第 60 行.
NOTIC: [8] Undefined variable: type D:\xampp\htdocs\mobilebook\Application\Runtime\Cache\Mobile\d3f4f1206aa2d72c7bacc8b5bc87f965.php 第 69 行.
NOTIC: [8] Undefined variable: type D:\xampp\htdocs\mobilebook\Application\Runtime\Cache\Mobile\d3f4f1206aa2d72c7bacc8b5bc87f965.php 第 77 行.
NOTIC: [8] Undefined variable: type D:\xampp\htdocs\mobilebook\Application\Runtime\Cache\Mobile\d3f4f1206aa2d72c7bacc8b5bc87f965.php 第 88 行.
NOTIC: [8] Undefined variable: giftSum D:\xampp\htdocs\mobilebook\Application\Runtime\Cache\Mobile\d3f4f1206aa2d72c7bacc8b5bc87f965.php 第 150 行.
NOTIC: [8] Undefined variable: giftSum D:\xampp\htdocs\mobilebook\Application\Runtime\Cache\Mobile\d3f4f1206aa2d72c7bacc8b5bc87f965.php 第 151 行.
NOTIC: [8] Undefined variable: giftSum D:\xampp\htdocs\mobilebook\Application\Runtime\Cache\Mobile\d3f4f1206aa2d72c7bacc8b5bc87f965.php 第 152 行.
NOTIC: [8] Undefined variable: giftSum D:\xampp\htdocs\mobilebook\Application\Runtime\Cache\Mobile\d3f4f1206aa2d72c7bacc8b5bc87f965.php 第 153 行.
NOTIC: [8] Undefined variable: giftSum D:\xampp\htdocs\mobilebook\Application\Runtime\Cache\Mobile\d3f4f1206aa2d72c7bacc8b5bc87f965.php 第 154 行.
NOTIC: [8] Undefined variable: giftSum D:\xampp\htdocs\mobilebook\Application\Runtime\Cache\Mobile\d3f4f1206aa2d72c7bacc8b5bc87f965.php 第 155 行.
NOTIC: [8] Undefined variable: giftSum D:\xampp\htdocs\mobilebook\Application\Runtime\Cache\Mobile\d3f4f1206aa2d72c7bacc8b5bc87f965.php 第 156 行.
NOTIC: [8] Undefined variable: chapter D:\xampp\htdocs\mobilebook\Application\Runtime\Cache\Mobile\d3f4f1206aa2d72c7bacc8b5bc87f965.php 第 571 行.
INFO: Run Behavior\ParseTemplateBehavior [ RunTime:0.091005s ]
INFO: [ view_parse ] --END-- [ RunTime:0.091005s ]
INFO: [ view_filter ] --START--
INFO: Run Behavior\WriteHtmlCacheBehavior [ RunTime:0.000000s ]
INFO: [ view_filter ] --END-- [ RunTime:0.001000s ]
ERR: 1146:Table 'acool.jieqi_article' doesn't exist
 [ SQL语句 ] : SHOW COLUMNS FROM `jieqi_article`
INFO: [ app_end ] --START--
INFO: Run Behavior\ShowPageTraceBehavior [ RunTime:0.001000s ]
INFO: [ app_end ] --END-- [ RunTime:0.001000s ]

[ 2017-08-28T14:34:05+08:00 ] 127.0.0.1 /Article/readChapter/chapter_id/603298/book_id/2015.html
INFO: [ app_init ] --START--
INFO: Run Behavior\BuildLiteBehavior [ RunTime:0.000000s ]
INFO: [ app_init ] --END-- [ RunTime:0.000000s ]
INFO: [ app_begin ] --START--
INFO: Run Behavior\ReadHtmlCacheBehavior [ RunTime:0.001000s ]
INFO: [ app_begin ] --END-- [ RunTime:0.001000s ]
NOTIC: [8] Undefined index: usercode D:\xampp\htdocs\mobilebook\Application\Mobile\Controller\MobileBaseController.class.php 第 96 行.
ERR: 1146:Table 'acool.jieqi_article' doesn't exist
 [ SQL语句 ] : SHOW COLUMNS FROM `jieqi_article`
NOTIC: [8] Undefined index: uid D:\xampp\htdocs\mobilebook\Application\Mobile\Controller\ArticleController.class.php 第 859 行.
NOTIC: [8] Undefined index: uid D:\xampp\htdocs\mobilebook\Application\Mobile\Controller\ArticleController.class.php 第 890 行.
NOTIC: [8] Undefined index: uname D:\xampp\htdocs\mobilebook\Application\Mobile\Controller\ArticleController.class.php 第 892 行.
ERR: 1048:Column 'userid' cannot be null
 [ SQL语句 ] : INSERT INTO `jieqi_distribution_article_bookcase` (`articleid`,`articlename`,`userid`,`username`,`chapterid`,`chaptername`,`chapterorder`,`joindate`) VALUES ('2015','保安逆袭兵王归来',NULL,NULL,'603298','第001章 贼人进屋','1','1503902045')
NOTIC: [8] Undefined offset: 0 D:\xampp\htdocs\mobilebook\Application\Mobile\Controller\ArticleController.class.php 第 503 行.
ERR: 1064:You have an error in your SQL syntax; check the manual that corresponds to your MariaDB server version for the right syntax to use near ') ) LIMIT 1' at line 1
 [ SQL语句 ] : SELECT COUNT(*) AS tp_count FROM `jieqi_distribution_comment` WHERE ( articleid=2015 AND (ischeck=1 OR userid=) ) LIMIT 1  
INFO: [ view_parse ] --START--
INFO: [ template_filter ] --START--
INFO: Run Behavior\ContentReplaceBehavior [ RunTime:0.000000s ]
INFO: [ template_filter ] --END-- [ RunTime:0.001000s ]
INFO: Run Behavior\ParseTemplateBehavior [ RunTime:0.071004s ]
INFO: [ view_parse ] --END-- [ RunTime:0.071004s ]
INFO: [ view_filter ] --START--
INFO: Run Behavior\WriteHtmlCacheBehavior [ RunTime:0.000000s ]
INFO: [ view_filter ] --END-- [ RunTime:0.000000s ]
INFO: [ app_end ] --START--
INFO: Run Behavior\ShowPageTraceBehavior [ RunTime:0.001000s ]
INFO: [ app_end ] --END-- [ RunTime:0.001000s ]

[ 2017-08-28T14:34:34+08:00 ] 127.0.0.1 /Article/readChapter/chapter_id/603298/book_id/2015.html
INFO: [ app_init ] --START--
INFO: Run Behavior\BuildLiteBehavior [ RunTime:0.000000s ]
INFO: [ app_init ] --END-- [ RunTime:0.000000s ]
INFO: [ app_begin ] --START--
INFO: Run Behavior\ReadHtmlCacheBehavior [ RunTime:0.000000s ]
INFO: [ app_begin ] --END-- [ RunTime:0.001000s ]
NOTIC: [8] Undefined index: usercode D:\xampp\htdocs\mobilebook\Application\Mobile\Controller\MobileBaseController.class.php 第 96 行.
ERR: 1146:Table 'acool.jieqi_article' doesn't exist
 [ SQL语句 ] : SHOW COLUMNS FROM `jieqi_article`
NOTIC: [8] Undefined index: uid D:\xampp\htdocs\mobilebook\Application\Mobile\Controller\ArticleController.class.php 第 859 行.
NOTIC: [8] Undefined index: uid D:\xampp\htdocs\mobilebook\Application\Mobile\Controller\ArticleController.class.php 第 890 行.
NOTIC: [8] Undefined index: uname D:\xampp\htdocs\mobilebook\Application\Mobile\Controller\ArticleController.class.php 第 892 行.
ERR: 1048:Column 'userid' cannot be null
 [ SQL语句 ] : INSERT INTO `jieqi_distribution_article_bookcase` (`articleid`,`articlename`,`userid`,`username`,`chapterid`,`chaptername`,`chapterorder`,`joindate`) VALUES ('2015','保安逆袭兵王归来',NULL,NULL,'603298','第001章 贼人进屋','1','1503902074')
NOTIC: [8] Undefined offset: 0 D:\xampp\htdocs\mobilebook\Application\Mobile\Controller\ArticleController.class.php 第 503 行.
ERR: 1064:You have an error in your SQL syntax; check the manual that corresponds to your MariaDB server version for the right syntax to use near ') ) LIMIT 1' at line 1
 [ SQL语句 ] : SELECT COUNT(*) AS tp_count FROM `jieqi_distribution_comment` WHERE ( articleid=2015 AND (ischeck=1 OR userid=) ) LIMIT 1  
INFO: [ view_parse ] --START--
INFO: [ template_filter ] --START--
INFO: Run Behavior\ContentReplaceBehavior [ RunTime:0.001000s ]
INFO: [ template_filter ] --END-- [ RunTime:0.001000s ]
INFO: Run Behavior\ParseTemplateBehavior [ RunTime:0.036002s ]
INFO: [ view_parse ] --END-- [ RunTime:0.036002s ]
INFO: [ view_filter ] --START--
INFO: Run Behavior\WriteHtmlCacheBehavior [ RunTime:0.000000s ]
INFO: [ view_filter ] --END-- [ RunTime:0.001000s ]
INFO: [ app_end ] --START--
INFO: Run Behavior\ShowPageTraceBehavior [ RunTime:0.001000s ]
INFO: [ app_end ] --END-- [ RunTime:0.001000s ]

[ 2017-08-28T14:34:52+08:00 ] 127.0.0.1 /Article/readChapter/chapter_id/603298/book_id/2015.html
INFO: [ app_init ] --START--
INFO: Run Behavior\BuildLiteBehavior [ RunTime:0.000000s ]
INFO: [ app_init ] --END-- [ RunTime:0.001000s ]
INFO: [ app_begin ] --START--
INFO: Run Behavior\ReadHtmlCacheBehavior [ RunTime:0.000000s ]
INFO: [ app_begin ] --END-- [ RunTime:0.000000s ]
NOTIC: [8] Undefined index: usercode D:\xampp\htdocs\mobilebook\Application\Mobile\Controller\MobileBaseController.class.php 第 96 行.
ERR: 1146:Table 'acool.jieqi_article' doesn't exist
 [ SQL语句 ] : SHOW COLUMNS FROM `jieqi_article`
NOTIC: [8] Undefined index: uid D:\xampp\htdocs\mobilebook\Application\Mobile\Controller\ArticleController.class.php 第 859 行.
NOTIC: [8] Undefined index: uid D:\xampp\htdocs\mobilebook\Application\Mobile\Controller\ArticleController.class.php 第 890 行.
NOTIC: [8] Undefined index: uname D:\xampp\htdocs\mobilebook\Application\Mobile\Controller\ArticleController.class.php 第 892 行.
ERR: 1048:Column 'userid' cannot be null
 [ SQL语句 ] : INSERT INTO `jieqi_distribution_article_bookcase` (`articleid`,`articlename`,`userid`,`username`,`chapterid`,`chaptername`,`chapterorder`,`joindate`) VALUES ('2015','保安逆袭兵王归来',NULL,NULL,'603298','第001章 贼人进屋','1','1503902091')
NOTIC: [8] Undefined offset: 0 D:\xampp\htdocs\mobilebook\Application\Mobile\Controller\ArticleController.class.php 第 503 行.
ERR: 1064:You have an error in your SQL syntax; check the manual that corresponds to your MariaDB server version for the right syntax to use near ') ) LIMIT 1' at line 1
 [ SQL语句 ] : SELECT COUNT(*) AS tp_count FROM `jieqi_distribution_comment` WHERE ( articleid=2015 AND (ischeck=1 OR userid=) ) LIMIT 1  
INFO: [ view_parse ] --START--
INFO: [ template_filter ] --START--
INFO: Run Behavior\ContentReplaceBehavior [ RunTime:0.000000s ]
INFO: [ template_filter ] --END-- [ RunTime:0.001000s ]
INFO: Run Behavior\ParseTemplateBehavior [ RunTime:0.050003s ]
INFO: [ view_parse ] --END-- [ RunTime:0.051003s ]
INFO: [ view_filter ] --START--
INFO: Run Behavior\WriteHtmlCacheBehavior [ RunTime:0.001000s ]
INFO: [ view_filter ] --END-- [ RunTime:0.001000s ]
INFO: [ app_end ] --START--
INFO: Run Behavior\ShowPageTraceBehavior [ RunTime:0.000000s ]
INFO: [ app_end ] --END-- [ RunTime:0.001000s ]

[ 2017-08-28T14:34:53+08:00 ] 127.0.0.1 /Article/readChapter/chapter_id/603298/book_id/2015.html
INFO: [ app_init ] --START--
INFO: Run Behavior\BuildLiteBehavior [ RunTime:0.000000s ]
INFO: [ app_init ] --END-- [ RunTime:0.000000s ]
INFO: [ app_begin ] --START--
INFO: Run Behavior\ReadHtmlCacheBehavior [ RunTime:0.001000s ]
INFO: [ app_begin ] --END-- [ RunTime:0.001000s ]
NOTIC: [8] Undefined index: usercode D:\xampp\htdocs\mobilebook\Application\Mobile\Controller\MobileBaseController.class.php 第 96 行.
ERR: 1146:Table 'acool.jieqi_article' doesn't exist
 [ SQL语句 ] : SHOW COLUMNS FROM `jieqi_article`
NOTIC: [8] Undefined index: uid D:\xampp\htdocs\mobilebook\Application\Mobile\Controller\ArticleController.class.php 第 859 行.
NOTIC: [8] Undefined index: uid D:\xampp\htdocs\mobilebook\Application\Mobile\Controller\ArticleController.class.php 第 890 行.
NOTIC: [8] Undefined index: uname D:\xampp\htdocs\mobilebook\Application\Mobile\Controller\ArticleController.class.php 第 892 行.
ERR: 1048:Column 'userid' cannot be null
 [ SQL语句 ] : INSERT INTO `jieqi_distribution_article_bookcase` (`articleid`,`articlename`,`userid`,`username`,`chapterid`,`chaptername`,`chapterorder`,`joindate`) VALUES ('2015','保安逆袭兵王归来',NULL,NULL,'603298','第001章 贼人进屋','1','1503902093')
NOTIC: [8] Undefined offset: 0 D:\xampp\htdocs\mobilebook\Application\Mobile\Controller\ArticleController.class.php 第 503 行.
ERR: 1064:You have an error in your SQL syntax; check the manual that corresponds to your MariaDB server version for the right syntax to use near ') ) LIMIT 1' at line 1
 [ SQL语句 ] : SELECT COUNT(*) AS tp_count FROM `jieqi_distribution_comment` WHERE ( articleid=2015 AND (ischeck=1 OR userid=) ) LIMIT 1  
INFO: [ view_parse ] --START--
INFO: [ template_filter ] --START--
INFO: Run Behavior\ContentReplaceBehavior [ RunTime:0.001000s ]
INFO: [ template_filter ] --END-- [ RunTime:0.001000s ]
INFO: Run Behavior\ParseTemplateBehavior [ RunTime:0.037002s ]
INFO: [ view_parse ] --END-- [ RunTime:0.037002s ]
INFO: [ view_filter ] --START--
INFO: Run Behavior\WriteHtmlCacheBehavior [ RunTime:0.000000s ]
INFO: [ view_filter ] --END-- [ RunTime:0.000000s ]
INFO: [ app_end ] --START--
INFO: Run Behavior\ShowPageTraceBehavior [ RunTime:0.000000s ]
INFO: [ app_end ] --END-- [ RunTime:0.001000s ]

[ 2017-08-28T14:35:25+08:00 ] 127.0.0.1 /Article/readChapter/chapter_id/603298/book_id/2015.html
INFO: [ app_init ] --START--
INFO: Run Behavior\BuildLiteBehavior [ RunTime:0.000000s ]
INFO: [ app_init ] --END-- [ RunTime:0.001000s ]
INFO: [ app_begin ] --START--
INFO: Run Behavior\ReadHtmlCacheBehavior [ RunTime:0.000000s ]
INFO: [ app_begin ] --END-- [ RunTime:0.001000s ]
NOTIC: [8] Undefined index: usercode D:\xampp\htdocs\mobilebook\Application\Mobile\Controller\MobileBaseController.class.php 第 96 行.
ERR: 1146:Table 'acool.jieqi_article' doesn't exist
 [ SQL语句 ] : SHOW COLUMNS FROM `jieqi_article`
NOTIC: [8] Undefined index: uid D:\xampp\htdocs\mobilebook\Application\Mobile\Controller\ArticleController.class.php 第 859 行.
NOTIC: [8] Undefined index: uid D:\xampp\htdocs\mobilebook\Application\Mobile\Controller\ArticleController.class.php 第 890 行.
NOTIC: [8] Undefined index: uname D:\xampp\htdocs\mobilebook\Application\Mobile\Controller\ArticleController.class.php 第 892 行.
ERR: 1048:Column 'userid' cannot be null
 [ SQL语句 ] : INSERT INTO `jieqi_distribution_article_bookcase` (`articleid`,`articlename`,`userid`,`username`,`chapterid`,`chaptername`,`chapterorder`,`joindate`) VALUES ('2015','保安逆袭兵王归来',NULL,NULL,'603298','第001章 贼人进屋','1','1503902125')
NOTIC: [8] Undefined offset: 0 D:\xampp\htdocs\mobilebook\Application\Mobile\Controller\ArticleController.class.php 第 503 行.
ERR: 1064:You have an error in your SQL syntax; check the manual that corresponds to your MariaDB server version for the right syntax to use near ') ) LIMIT 1' at line 1
 [ SQL语句 ] : SELECT COUNT(*) AS tp_count FROM `jieqi_distribution_comment` WHERE ( articleid=2015 AND (ischeck=1 OR userid=) ) LIMIT 1  
INFO: [ view_parse ] --START--
INFO: [ template_filter ] --START--
INFO: Run Behavior\ContentReplaceBehavior [ RunTime:0.000000s ]
INFO: [ template_filter ] --END-- [ RunTime:0.000000s ]
INFO: Run Behavior\ParseTemplateBehavior [ RunTime:0.036002s ]
INFO: [ view_parse ] --END-- [ RunTime:0.036002s ]
INFO: [ view_filter ] --START--
INFO: Run Behavior\WriteHtmlCacheBehavior [ RunTime:0.000000s ]
INFO: [ view_filter ] --END-- [ RunTime:0.001000s ]
INFO: [ app_end ] --START--
INFO: Run Behavior\ShowPageTraceBehavior [ RunTime:0.001000s ]
INFO: [ app_end ] --END-- [ RunTime:0.001000s ]

[ 2017-08-28T14:35:33+08:00 ] 127.0.0.1 /Article/readChapter/chapter_id/603298/book_id/2015.html
INFO: [ app_init ] --START--
INFO: Run Behavior\BuildLiteBehavior [ RunTime:0.000000s ]
INFO: [ app_init ] --END-- [ RunTime:0.000000s ]
INFO: [ app_begin ] --START--
INFO: Run Behavior\ReadHtmlCacheBehavior [ RunTime:0.001000s ]
INFO: [ app_begin ] --END-- [ RunTime:0.001000s ]
NOTIC: [8] Undefined index: usercode D:\xampp\htdocs\mobilebook\Application\Mobile\Controller\MobileBaseController.class.php 第 96 行.
ERR: 1146:Table 'acool.jieqi_article' doesn't exist
 [ SQL语句 ] : SHOW COLUMNS FROM `jieqi_article`
NOTIC: [8] Undefined index: uid D:\xampp\htdocs\mobilebook\Application\Mobile\Controller\ArticleController.class.php 第 859 行.
NOTIC: [8] Undefined index: uid D:\xampp\htdocs\mobilebook\Application\Mobile\Controller\ArticleController.class.php 第 890 行.
NOTIC: [8] Undefined index: uname D:\xampp\htdocs\mobilebook\Application\Mobile\Controller\ArticleController.class.php 第 892 行.
ERR: 1048:Column 'userid' cannot be null
 [ SQL语句 ] : INSERT INTO `jieqi_distribution_article_bookcase` (`articleid`,`articlename`,`userid`,`username`,`chapterid`,`chaptername`,`chapterorder`,`joindate`) VALUES ('2015','保安逆袭兵王归来',NULL,NULL,'603298','第001章 贼人进屋','1','1503902133')
NOTIC: [8] Undefined offset: 0 D:\xampp\htdocs\mobilebook\Application\Mobile\Controller\ArticleController.class.php 第 503 行.
ERR: 1064:You have an error in your SQL syntax; check the manual that corresponds to your MariaDB server version for the right syntax to use near ') ) LIMIT 1' at line 1
 [ SQL语句 ] : SELECT COUNT(*) AS tp_count FROM `jieqi_distribution_comment` WHERE ( articleid=2015 AND (ischeck=1 OR userid=) ) LIMIT 1  
INFO: [ view_parse ] --START--
INFO: [ template_filter ] --START--
INFO: Run Behavior\ContentReplaceBehavior [ RunTime:0.001001s ]
INFO: [ template_filter ] --END-- [ RunTime:0.001001s ]
INFO: Run Behavior\ParseTemplateBehavior [ RunTime:0.035002s ]
INFO: [ view_parse ] --END-- [ RunTime:0.036002s ]
INFO: [ view_filter ] --START--
INFO: Run Behavior\WriteHtmlCacheBehavior [ RunTime:0.000000s ]
INFO: [ view_filter ] --END-- [ RunTime:0.000000s ]
INFO: [ app_end ] --START--
INFO: Run Behavior\ShowPageTraceBehavior [ RunTime:0.000000s ]
INFO: [ app_end ] --END-- [ RunTime:0.000000s ]

[ 2017-08-28T14:35:37+08:00 ] 127.0.0.1 /Article/readChapter/chapter_id/603298/book_id/2015.html
INFO: [ app_init ] --START--
INFO: Run Behavior\BuildLiteBehavior [ RunTime:0.001000s ]
INFO: [ app_init ] --END-- [ RunTime:0.001000s ]
INFO: [ app_begin ] --START--
INFO: Run Behavior\ReadHtmlCacheBehavior [ RunTime:0.001000s ]
INFO: [ app_begin ] --END-- [ RunTime:0.001000s ]
NOTIC: [8] Undefined index: usercode D:\xampp\htdocs\mobilebook\Application\Mobile\Controller\MobileBaseController.class.php 第 96 行.
ERR: 1146:Table 'acool.jieqi_article' doesn't exist
 [ SQL语句 ] : SHOW COLUMNS FROM `jieqi_article`
NOTIC: [8] Undefined index: uid D:\xampp\htdocs\mobilebook\Application\Mobile\Controller\ArticleController.class.php 第 859 行.
NOTIC: [8] Undefined index: uid D:\xampp\htdocs\mobilebook\Application\Mobile\Controller\ArticleController.class.php 第 890 行.
NOTIC: [8] Undefined index: uname D:\xampp\htdocs\mobilebook\Application\Mobile\Controller\ArticleController.class.php 第 892 行.
ERR: 1048:Column 'userid' cannot be null
 [ SQL语句 ] : INSERT INTO `jieqi_distribution_article_bookcase` (`articleid`,`articlename`,`userid`,`username`,`chapterid`,`chaptername`,`chapterorder`,`joindate`) VALUES ('2015','保安逆袭兵王归来',NULL,NULL,'603298','第001章 贼人进屋','1','1503902137')
NOTIC: [8] Undefined offset: 0 D:\xampp\htdocs\mobilebook\Application\Mobile\Controller\ArticleController.class.php 第 503 行.
ERR: 1064:You have an error in your SQL syntax; check the manual that corresponds to your MariaDB server version for the right syntax to use near ') ) LIMIT 1' at line 1
 [ SQL语句 ] : SELECT COUNT(*) AS tp_count FROM `jieqi_distribution_comment` WHERE ( articleid=2015 AND (ischeck=1 OR userid=) ) LIMIT 1  
INFO: [ view_parse ] --START--
INFO: [ template_filter ] --START--
INFO: Run Behavior\ContentReplaceBehavior [ RunTime:0.000000s ]
INFO: [ template_filter ] --END-- [ RunTime:0.000000s ]
INFO: Run Behavior\ParseTemplateBehavior [ RunTime:0.036002s ]
INFO: [ view_parse ] --END-- [ RunTime:0.036002s ]
INFO: [ view_filter ] --START--
INFO: Run Behavior\WriteHtmlCacheBehavior [ RunTime:0.000000s ]
INFO: [ view_filter ] --END-- [ RunTime:0.000000s ]
INFO: [ app_end ] --START--
INFO: Run Behavior\ShowPageTraceBehavior [ RunTime:0.000000s ]
INFO: [ app_end ] --END-- [ RunTime:0.000000s ]

[ 2017-08-28T14:36:10+08:00 ] 127.0.0.1 /Article/readChapter/chapter_id/603298/book_id/2015.html
INFO: [ app_init ] --START--
INFO: Run Behavior\BuildLiteBehavior [ RunTime:0.000000s ]
INFO: [ app_init ] --END-- [ RunTime:0.000000s ]
INFO: [ app_begin ] --START--
INFO: Run Behavior\ReadHtmlCacheBehavior [ RunTime:0.000000s ]
INFO: [ app_begin ] --END-- [ RunTime:0.000000s ]
NOTIC: [8] Undefined index: usercode D:\xampp\htdocs\mobilebook\Application\Mobile\Controller\MobileBaseController.class.php 第 96 行.
ERR: 1146:Table 'acool.jieqi_article' doesn't exist
 [ SQL语句 ] : SHOW COLUMNS FROM `jieqi_article`
NOTIC: [8] Undefined index: uid D:\xampp\htdocs\mobilebook\Application\Mobile\Controller\ArticleController.class.php 第 859 行.
NOTIC: [8] Undefined index: uid D:\xampp\htdocs\mobilebook\Application\Mobile\Controller\ArticleController.class.php 第 890 行.
NOTIC: [8] Undefined index: uname D:\xampp\htdocs\mobilebook\Application\Mobile\Controller\ArticleController.class.php 第 892 行.
ERR: 1048:Column 'userid' cannot be null
 [ SQL语句 ] : INSERT INTO `jieqi_distribution_article_bookcase` (`articleid`,`articlename`,`userid`,`username`,`chapterid`,`chaptername`,`chapterorder`,`joindate`) VALUES ('2015','保安逆袭兵王归来',NULL,NULL,'603298','第001章 贼人进屋','1','1503902170')
NOTIC: [8] Undefined offset: 0 D:\xampp\htdocs\mobilebook\Application\Mobile\Controller\ArticleController.class.php 第 503 行.
ERR: 1064:You have an error in your SQL syntax; check the manual that corresponds to your MariaDB server version for the right syntax to use near ') ) LIMIT 1' at line 1
 [ SQL语句 ] : SELECT COUNT(*) AS tp_count FROM `jieqi_distribution_comment` WHERE ( articleid=2015 AND (ischeck=1 OR userid=) ) LIMIT 1  
INFO: [ view_parse ] --START--
INFO: [ template_filter ] --START--
INFO: Run Behavior\ContentReplaceBehavior [ RunTime:0.001000s ]
INFO: [ template_filter ] --END-- [ RunTime:0.001000s ]
INFO: Run Behavior\ParseTemplateBehavior [ RunTime:0.035002s ]
INFO: [ view_parse ] --END-- [ RunTime:0.036002s ]
INFO: [ view_filter ] --START--
INFO: Run Behavior\WriteHtmlCacheBehavior [ RunTime:0.001000s ]
INFO: [ view_filter ] --END-- [ RunTime:0.001000s ]
INFO: [ app_end ] --START--
INFO: Run Behavior\ShowPageTraceBehavior [ RunTime:0.001000s ]
INFO: [ app_end ] --END-- [ RunTime:0.001000s ]

[ 2017-08-28T14:36:13+08:00 ] 127.0.0.1 /Article/readChapter/chapter_id/603298/book_id/2015.html
INFO: [ app_init ] --START--
INFO: Run Behavior\BuildLiteBehavior [ RunTime:0.000000s ]
INFO: [ app_init ] --END-- [ RunTime:0.000000s ]
INFO: [ app_begin ] --START--
INFO: Run Behavior\ReadHtmlCacheBehavior [ RunTime:0.000000s ]
INFO: [ app_begin ] --END-- [ RunTime:0.001000s ]
NOTIC: [8] Undefined index: usercode D:\xampp\htdocs\mobilebook\Application\Mobile\Controller\MobileBaseController.class.php 第 96 行.
ERR: 1146:Table 'acool.jieqi_article' doesn't exist
 [ SQL语句 ] : SHOW COLUMNS FROM `jieqi_article`
NOTIC: [8] Undefined index: uid D:\xampp\htdocs\mobilebook\Application\Mobile\Controller\ArticleController.class.php 第 859 行.
NOTIC: [8] Undefined index: uid D:\xampp\htdocs\mobilebook\Application\Mobile\Controller\ArticleController.class.php 第 890 行.
NOTIC: [8] Undefined index: uname D:\xampp\htdocs\mobilebook\Application\Mobile\Controller\ArticleController.class.php 第 892 行.
ERR: 1048:Column 'userid' cannot be null
 [ SQL语句 ] : INSERT INTO `jieqi_distribution_article_bookcase` (`articleid`,`articlename`,`userid`,`username`,`chapterid`,`chaptername`,`chapterorder`,`joindate`) VALUES ('2015','保安逆袭兵王归来',NULL,NULL,'603298','第001章 贼人进屋','1','1503902173')
NOTIC: [8] Undefined offset: 0 D:\xampp\htdocs\mobilebook\Application\Mobile\Controller\ArticleController.class.php 第 503 行.
ERR: 1064:You have an error in your SQL syntax; check the manual that corresponds to your MariaDB server version for the right syntax to use near ') ) LIMIT 1' at line 1
 [ SQL语句 ] : SELECT COUNT(*) AS tp_count FROM `jieqi_distribution_comment` WHERE ( articleid=2015 AND (ischeck=1 OR userid=) ) LIMIT 1  
INFO: [ view_parse ] --START--
INFO: [ template_filter ] --START--
INFO: Run Behavior\ContentReplaceBehavior [ RunTime:0.001000s ]
INFO: [ template_filter ] --END-- [ RunTime:0.001000s ]
INFO: Run Behavior\ParseTemplateBehavior [ RunTime:0.037003s ]
INFO: [ view_parse ] --END-- [ RunTime:0.037003s ]
INFO: [ view_filter ] --START--
INFO: Run Behavior\WriteHtmlCacheBehavior [ RunTime:0.001000s ]
INFO: [ view_filter ] --END-- [ RunTime:0.001000s ]
INFO: [ app_end ] --START--
INFO: Run Behavior\ShowPageTraceBehavior [ RunTime:0.001000s ]
INFO: [ app_end ] --END-- [ RunTime:0.001000s ]

[ 2017-08-28T14:43:07+08:00 ] 127.0.0.1 /Article/readChapter/chapter_id/603298/book_id/2015.html
INFO: [ app_init ] --START--
INFO: Run Behavior\BuildLiteBehavior [ RunTime:0.000000s ]
INFO: [ app_init ] --END-- [ RunTime:0.001000s ]
INFO: [ app_begin ] --START--
INFO: Run Behavior\ReadHtmlCacheBehavior [ RunTime:0.001000s ]
INFO: [ app_begin ] --END-- [ RunTime:0.001000s ]
NOTIC: [8] Undefined index: usercode D:\xampp\htdocs\mobilebook\Application\Mobile\Controller\MobileBaseController.class.php 第 96 行.
ERR: 1146:Table 'acool.jieqi_article' doesn't exist
 [ SQL语句 ] : SHOW COLUMNS FROM `jieqi_article`
NOTIC: [8] Undefined index: uid D:\xampp\htdocs\mobilebook\Application\Mobile\Controller\ArticleController.class.php 第 859 行.
NOTIC: [8] Undefined index: uid D:\xampp\htdocs\mobilebook\Application\Mobile\Controller\ArticleController.class.php 第 890 行.
NOTIC: [8] Undefined index: uname D:\xampp\htdocs\mobilebook\Application\Mobile\Controller\ArticleController.class.php 第 892 行.
ERR: 1048:Column 'userid' cannot be null
 [ SQL语句 ] : INSERT INTO `jieqi_distribution_article_bookcase` (`articleid`,`articlename`,`userid`,`username`,`chapterid`,`chaptername`,`chapterorder`,`joindate`) VALUES ('2015','保安逆袭兵王归来',NULL,NULL,'603298','第001章 贼人进屋','1','1503902586')
NOTIC: [8] Undefined offset: 0 D:\xampp\htdocs\mobilebook\Application\Mobile\Controller\ArticleController.class.php 第 503 行.
ERR: 1064:You have an error in your SQL syntax; check the manual that corresponds to your MariaDB server version for the right syntax to use near ') ) LIMIT 1' at line 1
 [ SQL语句 ] : SELECT COUNT(*) AS tp_count FROM `jieqi_distribution_comment` WHERE ( articleid=2015 AND (ischeck=1 OR userid=) ) LIMIT 1  
INFO: [ view_parse ] --START--
INFO: [ template_filter ] --START--
INFO: Run Behavior\ContentReplaceBehavior [ RunTime:0.001000s ]
INFO: [ template_filter ] --END-- [ RunTime:0.001000s ]
INFO: Run Behavior\ParseTemplateBehavior [ RunTime:0.037002s ]
INFO: [ view_parse ] --END-- [ RunTime:0.037002s ]
INFO: [ view_filter ] --START--
INFO: Run Behavior\WriteHtmlCacheBehavior [ RunTime:0.000000s ]
INFO: [ view_filter ] --END-- [ RunTime:0.000000s ]
INFO: [ app_end ] --START--
INFO: Run Behavior\ShowPageTraceBehavior [ RunTime:0.000000s ]
INFO: [ app_end ] --END-- [ RunTime:0.000000s ]

[ 2017-08-28T14:46:21+08:00 ] 127.0.0.1 /Article/readChapter/chapter_id/603298/book_id/2015.html
INFO: [ app_init ] --START--
INFO: Run Behavior\BuildLiteBehavior [ RunTime:0.000000s ]
INFO: [ app_init ] --END-- [ RunTime:0.001000s ]
INFO: [ app_begin ] --START--
INFO: Run Behavior\ReadHtmlCacheBehavior [ RunTime:0.001000s ]
INFO: [ app_begin ] --END-- [ RunTime:0.001000s ]
NOTIC: [8] Undefined index: usercode D:\xampp\htdocs\mobilebook\Application\Mobile\Controller\MobileBaseController.class.php 第 96 行.
ERR: 1146:Table 'acool.jieqi_article' doesn't exist
 [ SQL语句 ] : SHOW COLUMNS FROM `jieqi_article`
NOTIC: [8] Undefined index: uid D:\xampp\htdocs\mobilebook\Application\Mobile\Controller\ArticleController.class.php 第 859 行.
NOTIC: [8] Undefined index: uid D:\xampp\htdocs\mobilebook\Application\Mobile\Controller\ArticleController.class.php 第 890 行.
NOTIC: [8] Undefined index: uname D:\xampp\htdocs\mobilebook\Application\Mobile\Controller\ArticleController.class.php 第 892 行.
ERR: 1048:Column 'userid' cannot be null
 [ SQL语句 ] : INSERT INTO `jieqi_distribution_article_bookcase` (`articleid`,`articlename`,`userid`,`username`,`chapterid`,`chaptername`,`chapterorder`,`joindate`) VALUES ('2015','保安逆袭兵王归来',NULL,NULL,'603298','第001章 贼人进屋','1','1503902781')
NOTIC: [8] Undefined offset: 0 D:\xampp\htdocs\mobilebook\Application\Mobile\Controller\ArticleController.class.php 第 503 行.
ERR: 1064:You have an error in your SQL syntax; check the manual that corresponds to your MariaDB server version for the right syntax to use near ') ) LIMIT 1' at line 1
 [ SQL语句 ] : SELECT COUNT(*) AS tp_count FROM `jieqi_distribution_comment` WHERE ( articleid=2015 AND (ischeck=1 OR userid=) ) LIMIT 1  
INFO: [ view_parse ] --START--
INFO: [ template_filter ] --START--
INFO: Run Behavior\ContentReplaceBehavior [ RunTime:0.000000s ]
INFO: [ template_filter ] --END-- [ RunTime:0.001000s ]
INFO: Run Behavior\ParseTemplateBehavior [ RunTime:0.039002s ]
INFO: [ view_parse ] --END-- [ RunTime:0.040002s ]
INFO: [ view_filter ] --START--
INFO: Run Behavior\WriteHtmlCacheBehavior [ RunTime:0.000000s ]
INFO: [ view_filter ] --END-- [ RunTime:0.001000s ]
INFO: [ app_end ] --START--
INFO: Run Behavior\ShowPageTraceBehavior [ RunTime:0.000000s ]
INFO: [ app_end ] --END-- [ RunTime:0.001000s ]

[ 2017-08-28T14:47:23+08:00 ] 127.0.0.1 /Article/readChapter/chapter_id/603298/book_id/2015.html
INFO: [ app_init ] --START--
INFO: Run Behavior\BuildLiteBehavior [ RunTime:0.000000s ]
INFO: [ app_init ] --END-- [ RunTime:0.001000s ]
INFO: [ app_begin ] --START--
INFO: Run Behavior\ReadHtmlCacheBehavior [ RunTime:0.000000s ]
INFO: [ app_begin ] --END-- [ RunTime:0.001000s ]
NOTIC: [8] Undefined index: usercode D:\xampp\htdocs\mobilebook\Application\Mobile\Controller\MobileBaseController.class.php 第 96 行.
ERR: 1146:Table 'acool.jieqi_article' doesn't exist
 [ SQL语句 ] : SHOW COLUMNS FROM `jieqi_article`
NOTIC: [8] Undefined index: uid D:\xampp\htdocs\mobilebook\Application\Mobile\Controller\ArticleController.class.php 第 859 行.
NOTIC: [8] Undefined index: uid D:\xampp\htdocs\mobilebook\Application\Mobile\Controller\ArticleController.class.php 第 890 行.
NOTIC: [8] Undefined index: uname D:\xampp\htdocs\mobilebook\Application\Mobile\Controller\ArticleController.class.php 第 892 行.
ERR: 1048:Column 'userid' cannot be null
 [ SQL语句 ] : INSERT INTO `jieqi_distribution_article_bookcase` (`articleid`,`articlename`,`userid`,`username`,`chapterid`,`chaptername`,`chapterorder`,`joindate`) VALUES ('2015','保安逆袭兵王归来',NULL,NULL,'603298','第001章 贼人进屋','1','1503902843')
NOTIC: [8] Undefined offset: 0 D:\xampp\htdocs\mobilebook\Application\Mobile\Controller\ArticleController.class.php 第 503 行.
ERR: 1064:You have an error in your SQL syntax; check the manual that corresponds to your MariaDB server version for the right syntax to use near ') ) LIMIT 1' at line 1
 [ SQL语句 ] : SELECT COUNT(*) AS tp_count FROM `jieqi_distribution_comment` WHERE ( articleid=2015 AND (ischeck=1 OR userid=) ) LIMIT 1  
INFO: [ view_parse ] --START--
INFO: [ template_filter ] --START--
INFO: Run Behavior\ContentReplaceBehavior [ RunTime:0.001000s ]
INFO: [ template_filter ] --END-- [ RunTime:0.001000s ]
INFO: Run Behavior\ParseTemplateBehavior [ RunTime:0.038002s ]
INFO: [ view_parse ] --END-- [ RunTime:0.038002s ]
INFO: [ view_filter ] --START--
INFO: Run Behavior\WriteHtmlCacheBehavior [ RunTime:0.001000s ]
INFO: [ view_filter ] --END-- [ RunTime:0.001000s ]
INFO: [ app_end ] --START--
INFO: Run Behavior\ShowPageTraceBehavior [ RunTime:0.001001s ]
INFO: [ app_end ] --END-- [ RunTime:0.001001s ]

[ 2017-08-28T15:13:26+08:00 ] 127.0.0.1 /Article/readChapter/chapter_id/603298/book_id/2015.html
INFO: [ app_init ] --START--
INFO: Run Behavior\BuildLiteBehavior [ RunTime:0.000000s ]
INFO: [ app_init ] --END-- [ RunTime:0.001000s ]
INFO: [ app_begin ] --START--
INFO: Run Behavior\ReadHtmlCacheBehavior [ RunTime:0.001000s ]
INFO: [ app_begin ] --END-- [ RunTime:0.001000s ]
NOTIC: [8] Undefined index: usercode D:\xampp\htdocs\mobilebook\Application\Mobile\Controller\MobileBaseController.class.php 第 96 行.
ERR: 1146:Table 'acool.jieqi_article' doesn't exist
 [ SQL语句 ] : SHOW COLUMNS FROM `jieqi_article`
NOTIC: [8] Undefined index: uid D:\xampp\htdocs\mobilebook\Application\Mobile\Controller\ArticleController.class.php 第 859 行.
NOTIC: [8] Undefined index: uid D:\xampp\htdocs\mobilebook\Application\Mobile\Controller\ArticleController.class.php 第 890 行.
NOTIC: [8] Undefined index: uname D:\xampp\htdocs\mobilebook\Application\Mobile\Controller\ArticleController.class.php 第 892 行.
ERR: 1048:Column 'userid' cannot be null
 [ SQL语句 ] : INSERT INTO `jieqi_distribution_article_bookcase` (`articleid`,`articlename`,`userid`,`username`,`chapterid`,`chaptername`,`chapterorder`,`joindate`) VALUES ('2015','保安逆袭兵王归来',NULL,NULL,'603298','第001章 贼人进屋','1','1503904406')
NOTIC: [8] Undefined offset: 0 D:\xampp\htdocs\mobilebook\Application\Mobile\Controller\ArticleController.class.php 第 503 行.
ERR: 1064:You have an error in your SQL syntax; check the manual that corresponds to your MariaDB server version for the right syntax to use near ') ) LIMIT 1' at line 1
 [ SQL语句 ] : SELECT COUNT(*) AS tp_count FROM `jieqi_distribution_comment` WHERE ( articleid=2015 AND (ischeck=1 OR userid=) ) LIMIT 1  
INFO: [ view_parse ] --START--
INFO: [ template_filter ] --START--
INFO: Run Behavior\ContentReplaceBehavior [ RunTime:0.001000s ]
INFO: [ template_filter ] --END-- [ RunTime:0.001000s ]
INFO: Run Behavior\ParseTemplateBehavior [ RunTime:0.039003s ]
INFO: [ view_parse ] --END-- [ RunTime:0.039003s ]
INFO: [ view_filter ] --START--
INFO: Run Behavior\WriteHtmlCacheBehavior [ RunTime:0.000000s ]
INFO: [ view_filter ] --END-- [ RunTime:0.001000s ]
INFO: [ app_end ] --START--
INFO: Run Behavior\ShowPageTraceBehavior [ RunTime:0.001000s ]
INFO: [ app_end ] --END-- [ RunTime:0.001000s ]

[ 2017-08-28T15:20:17+08:00 ] 127.0.0.1 /Article/readChapter/chapter_id/603298/book_id/2015.html
INFO: [ app_init ] --START--
INFO: Run Behavior\BuildLiteBehavior [ RunTime:0.000000s ]
INFO: [ app_init ] --END-- [ RunTime:0.000000s ]
INFO: [ app_begin ] --START--
INFO: Run Behavior\ReadHtmlCacheBehavior [ RunTime:0.000000s ]
INFO: [ app_begin ] --END-- [ RunTime:0.000000s ]
NOTIC: [8] Undefined index: usercode D:\xampp\htdocs\mobilebook\Application\Mobile\Controller\MobileBaseController.class.php 第 96 行.
ERR: 1146:Table 'acool.jieqi_article' doesn't exist
 [ SQL语句 ] : SHOW COLUMNS FROM `jieqi_article`
NOTIC: [8] Undefined index: uid D:\xampp\htdocs\mobilebook\Application\Mobile\Controller\ArticleController.class.php 第 859 行.
NOTIC: [8] Undefined index: uid D:\xampp\htdocs\mobilebook\Application\Mobile\Controller\ArticleController.class.php 第 890 行.
NOTIC: [8] Undefined index: uname D:\xampp\htdocs\mobilebook\Application\Mobile\Controller\ArticleController.class.php 第 892 行.
ERR: 1048:Column 'userid' cannot be null
 [ SQL语句 ] : INSERT INTO `jieqi_distribution_article_bookcase` (`articleid`,`articlename`,`userid`,`username`,`chapterid`,`chaptername`,`chapterorder`,`joindate`) VALUES ('2015','保安逆袭兵王归来',NULL,NULL,'603298','第001章 贼人进屋','1','1503904817')
NOTIC: [8] Undefined offset: 0 D:\xampp\htdocs\mobilebook\Application\Mobile\Controller\ArticleController.class.php 第 503 行.
ERR: 1064:You have an error in your SQL syntax; check the manual that corresponds to your MariaDB server version for the right syntax to use near ') ) LIMIT 1' at line 1
 [ SQL语句 ] : SELECT COUNT(*) AS tp_count FROM `jieqi_distribution_comment` WHERE ( articleid=2015 AND (ischeck=1 OR userid=) ) LIMIT 1  
INFO: [ view_parse ] --START--
INFO: [ template_filter ] --START--
INFO: Run Behavior\ContentReplaceBehavior [ RunTime:0.001000s ]
INFO: [ template_filter ] --END-- [ RunTime:0.001000s ]
INFO: Run Behavior\ParseTemplateBehavior [ RunTime:0.039003s ]
INFO: [ view_parse ] --END-- [ RunTime:0.039003s ]
INFO: [ view_filter ] --START--
INFO: Run Behavior\WriteHtmlCacheBehavior [ RunTime:0.001000s ]
INFO: [ view_filter ] --END-- [ RunTime:0.001000s ]
INFO: [ app_end ] --START--
INFO: Run Behavior\ShowPageTraceBehavior [ RunTime:0.001000s ]
INFO: [ app_end ] --END-- [ RunTime:0.001000s ]

