[ 2017-08-25T08:33:56+08:00 ] 127.0.0.1 /User/test
INFO: [ app_init ] --START--
INFO: Run Behavior\BuildLiteBehavior [ RunTime:0.000000s ]
INFO: [ app_init ] --END-- [ RunTime:0.001000s ]
INFO: [ app_begin ] --START--
INFO: Run Behavior\ReadHtmlCacheBehavior [ RunTime:0.047003s ]
INFO: [ app_begin ] --END-- [ RunTime:0.047003s ]
NOTIC: [8] Undefined index: usercode D:\xampp\htdocs\mobilebook\Application\Mobile\Controller\MobileBaseController.class.php 第 96 行.
ERR: 1146:Table 'acool.jieqi_users' doesn't exist
 [ SQL语句 ] : SHOW COLUMNS FROM `jieqi_users`
INFO: [ app_end ] --START--
INFO: Run Behavior\ShowPageTraceBehavior [ RunTime:0.016001s ]
INFO: [ app_end ] --END-- [ RunTime:0.016001s ]

[ 2017-08-25T08:38:00+08:00 ] 127.0.0.1 /User/test
INFO: [ app_init ] --START--
INFO: Run Behavior\BuildLiteBehavior [ RunTime:0.000000s ]
INFO: [ app_init ] --END-- [ RunTime:0.001000s ]
INFO: [ app_begin ] --START--
INFO: Run Behavior\ReadHtmlCacheBehavior [ RunTime:0.001000s ]
INFO: [ app_begin ] --END-- [ RunTime:0.001000s ]
NOTIC: [8] Undefined index: usercode D:\xampp\htdocs\mobilebook\Application\Mobile\Controller\MobileBaseController.class.php 第 96 行.
ERR: 1146:Table 'acool.jieqi_users' doesn't exist
 [ SQL语句 ] : SHOW COLUMNS FROM `jieqi_users`
ERR: 1062:Duplicate entry '622' for key 'PRIMARY'
 [ SQL语句 ] : INSERT INTO `jieqi_distribution_payment` (`askid`,`status`,`asktime`,`askmoney`,`paymoney`,`channelid`,`proportion`,`addtime`,`paydate`,`isall`,`paycount`) VALUES ('622','2','2017-08-25','30','27','22','0.9','1503621236','1503590400','0','1')
INFO: [ app_end ] --START--
INFO: Run Behavior\ShowPageTraceBehavior [ RunTime:0.000000s ]
INFO: [ app_end ] --END-- [ RunTime:0.000000s ]

[ 2017-08-25T08:38:17+08:00 ] 127.0.0.1 /User/test
INFO: [ app_init ] --START--
INFO: Run Behavior\BuildLiteBehavior [ RunTime:0.000000s ]
INFO: [ app_init ] --END-- [ RunTime:0.001000s ]
INFO: [ app_begin ] --START--
INFO: Run Behavior\ReadHtmlCacheBehavior [ RunTime:0.001000s ]
INFO: [ app_begin ] --END-- [ RunTime:0.001000s ]
NOTIC: [8] Undefined index: usercode D:\xampp\htdocs\mobilebook\Application\Mobile\Controller\MobileBaseController.class.php 第 96 行.
ERR: 1146:Table 'acool.jieqi_users' doesn't exist
 [ SQL语句 ] : SHOW COLUMNS FROM `jieqi_users`
ERR: 1062:Duplicate entry '622' for key 'PRIMARY'
 [ SQL语句 ] : INSERT INTO `jieqi_distribution_payment` (`askid`,`status`,`asktime`,`askmoney`,`paymoney`,`channelid`,`proportion`,`addtime`,`paydate`,`isall`,`paycount`) VALUES ('622','2','2017-08-25','60','54','22','0.9','1503621236','1503590400','0','2')
INFO: [ app_end ] --START--
INFO: Run Behavior\ShowPageTraceBehavior [ RunTime:0.000000s ]
INFO: [ app_end ] --END-- [ RunTime:0.001000s ]

[ 2017-08-25T08:39:11+08:00 ] 127.0.0.1 /User/test
INFO: [ app_init ] --START--
INFO: Run Behavior\BuildLiteBehavior [ RunTime:0.000000s ]
INFO: [ app_init ] --END-- [ RunTime:0.001000s ]
INFO: [ app_begin ] --START--
INFO: Run Behavior\ReadHtmlCacheBehavior [ RunTime:0.000000s ]
INFO: [ app_begin ] --END-- [ RunTime:0.001000s ]
NOTIC: [8] Undefined index: usercode D:\xampp\htdocs\mobilebook\Application\Mobile\Controller\MobileBaseController.class.php 第 96 行.
ERR: 1146:Table 'acool.jieqi_users' doesn't exist
 [ SQL语句 ] : SHOW COLUMNS FROM `jieqi_users`
ERR: 1062:Duplicate entry '622' for key 'PRIMARY'
 [ SQL语句 ] : INSERT INTO `jieqi_distribution_payment` (`askid`,`status`,`asktime`,`askmoney`,`paymoney`,`channelid`,`proportion`,`addtime`,`paydate`,`isall`,`paycount`) VALUES ('622','2','2017-08-25','90','81','22','0.9','1503621236','1503590400','0','3')
INFO: [ app_end ] --START--
INFO: Run Behavior\ShowPageTraceBehavior [ RunTime:0.000000s ]
INFO: [ app_end ] --END-- [ RunTime:0.001000s ]

[ 2017-08-25T08:39:30+08:00 ] 127.0.0.1 /User/test
INFO: [ app_init ] --START--
INFO: Run Behavior\BuildLiteBehavior [ RunTime:0.000000s ]
INFO: [ app_init ] --END-- [ RunTime:0.001000s ]
INFO: [ app_begin ] --START--
INFO: Run Behavior\ReadHtmlCacheBehavior [ RunTime:0.000000s ]
INFO: [ app_begin ] --END-- [ RunTime:0.001000s ]
NOTIC: [8] Undefined index: usercode D:\xampp\htdocs\mobilebook\Application\Mobile\Controller\MobileBaseController.class.php 第 96 行.
ERR: 1146:Table 'acool.jieqi_users' doesn't exist
 [ SQL语句 ] : SHOW COLUMNS FROM `jieqi_users`
ERR: 1062:Duplicate entry '622' for key 'PRIMARY'
 [ SQL语句 ] : INSERT INTO `jieqi_distribution_payment` (`askid`,`status`,`asktime`,`askmoney`,`paymoney`,`channelid`,`proportion`,`addtime`,`paydate`,`isall`,`paycount`) VALUES ('622','2','2017-08-25','120','108','22','0.9','1503621236','1503590400','0','4')
INFO: [ app_end ] --START--
INFO: Run Behavior\ShowPageTraceBehavior [ RunTime:0.001000s ]
INFO: [ app_end ] --END-- [ RunTime:0.001000s ]

[ 2017-08-25T08:44:38+08:00 ] 127.0.0.1 /User/test
INFO: [ app_init ] --START--
INFO: Run Behavior\BuildLiteBehavior [ RunTime:0.000000s ]
INFO: [ app_init ] --END-- [ RunTime:0.001000s ]
INFO: [ app_begin ] --START--
INFO: Run Behavior\ReadHtmlCacheBehavior [ RunTime:0.001000s ]
INFO: [ app_begin ] --END-- [ RunTime:0.001000s ]
NOTIC: [8] Undefined index: usercode D:\xampp\htdocs\mobilebook\Application\Mobile\Controller\MobileBaseController.class.php 第 96 行.
ERR: 1146:Table 'acool.jieqi_users' doesn't exist
 [ SQL语句 ] : SHOW COLUMNS FROM `jieqi_users`

[ 2017-08-25T09:31:46+08:00 ] 127.0.0.1 /User/test
INFO: [ app_init ] --START--
INFO: Run Behavior\BuildLiteBehavior [ RunTime:0.000000s ]
INFO: [ app_init ] --END-- [ RunTime:0.001000s ]
INFO: [ app_begin ] --START--
INFO: Run Behavior\ReadHtmlCacheBehavior [ RunTime:0.001000s ]
INFO: [ app_begin ] --END-- [ RunTime:0.001000s ]
NOTIC: [8] Undefined index: usercode D:\xampp\htdocs\mobilebook\Application\Mobile\Controller\MobileBaseController.class.php 第 96 行.
ERR: 1146:Table 'acool.jieqi_users' doesn't exist
 [ SQL语句 ] : SHOW COLUMNS FROM `jieqi_users`
ERR: 1062:Duplicate entry '622' for key 'PRIMARY'
 [ SQL语句 ] : INSERT INTO `jieqi_distribution_payment` (`askid`,`status`,`asktime`,`askmoney`,`paymoney`,`channelid`,`proportion`,`addtime`,`paydate`,`isall`,`paycount`) VALUES ('622','2','2017-08-25','180','162','22','0.9','1503621236','1503590400','0','6')

[ 2017-08-25T09:32:08+08:00 ] 127.0.0.1 /User/test
INFO: [ app_init ] --START--
INFO: Run Behavior\BuildLiteBehavior [ RunTime:0.000000s ]
INFO: [ app_init ] --END-- [ RunTime:0.001000s ]
INFO: [ app_begin ] --START--
INFO: Run Behavior\ReadHtmlCacheBehavior [ RunTime:0.000000s ]
INFO: [ app_begin ] --END-- [ RunTime:0.001000s ]
NOTIC: [8] Undefined index: usercode D:\xampp\htdocs\mobilebook\Application\Mobile\Controller\MobileBaseController.class.php 第 96 行.
ERR: 1146:Table 'acool.jieqi_users' doesn't exist
 [ SQL语句 ] : SHOW COLUMNS FROM `jieqi_users`
ERR: 1062:Duplicate entry '622' for key 'PRIMARY'
 [ SQL语句 ] : INSERT INTO `jieqi_distribution_payment` (`askid`,`status`,`asktime`,`askmoney`,`paymoney`,`channelid`,`proportion`,`addtime`,`paydate`,`isall`,`paycount`) VALUES ('622','2','2017-08-25','210','189','22','0.9','1503621236','1503590400','0','7')

[ 2017-08-25T09:35:26+08:00 ] 127.0.0.1 /User/test
INFO: [ app_init ] --START--
INFO: Run Behavior\BuildLiteBehavior [ RunTime:0.000000s ]
INFO: [ app_init ] --END-- [ RunTime:0.001000s ]
INFO: [ app_begin ] --START--
INFO: Run Behavior\ReadHtmlCacheBehavior [ RunTime:0.001000s ]
INFO: [ app_begin ] --END-- [ RunTime:0.001000s ]
NOTIC: [8] Undefined index: usercode D:\xampp\htdocs\mobilebook\Application\Mobile\Controller\MobileBaseController.class.php 第 96 行.
ERR: 1146:Table 'acool.jieqi_users' doesn't exist
 [ SQL语句 ] : SHOW COLUMNS FROM `jieqi_users`

[ 2017-08-25T10:24:18+08:00 ] 127.0.0.1 /User/test
INFO: [ app_init ] --START--
INFO: Run Behavior\BuildLiteBehavior [ RunTime:0.001000s ]
INFO: [ app_init ] --END-- [ RunTime:0.001000s ]
INFO: [ app_begin ] --START--
INFO: Run Behavior\ReadHtmlCacheBehavior [ RunTime:0.000000s ]
INFO: [ app_begin ] --END-- [ RunTime:0.000000s ]
NOTIC: [8] Undefined index: usercode D:\xampp\htdocs\mobilebook\Application\Mobile\Controller\MobileBaseController.class.php 第 96 行.
ERR: 1146:Table 'acool.jieqi_users' doesn't exist
 [ SQL语句 ] : SHOW COLUMNS FROM `jieqi_users`

[ 2017-08-25T10:24:42+08:00 ] 127.0.0.1 /User/test
INFO: [ app_init ] --START--
INFO: Run Behavior\BuildLiteBehavior [ RunTime:0.000000s ]
INFO: [ app_init ] --END-- [ RunTime:0.000000s ]
INFO: [ app_begin ] --START--
INFO: Run Behavior\ReadHtmlCacheBehavior [ RunTime:0.001000s ]
INFO: [ app_begin ] --END-- [ RunTime:0.001000s ]
NOTIC: [8] Undefined index: usercode D:\xampp\htdocs\mobilebook\Application\Mobile\Controller\MobileBaseController.class.php 第 96 行.
ERR: 1146:Table 'acool.jieqi_users' doesn't exist
 [ SQL语句 ] : SHOW COLUMNS FROM `jieqi_users`

[ 2017-08-25T10:24:43+08:00 ] 127.0.0.1 /User/test
INFO: [ app_init ] --START--
INFO: Run Behavior\BuildLiteBehavior [ RunTime:0.000000s ]
INFO: [ app_init ] --END-- [ RunTime:0.000000s ]
INFO: [ app_begin ] --START--
INFO: Run Behavior\ReadHtmlCacheBehavior [ RunTime:0.001000s ]
INFO: [ app_begin ] --END-- [ RunTime:0.001000s ]
NOTIC: [8] Undefined index: usercode D:\xampp\htdocs\mobilebook\Application\Mobile\Controller\MobileBaseController.class.php 第 96 行.
ERR: 1146:Table 'acool.jieqi_users' doesn't exist
 [ SQL语句 ] : SHOW COLUMNS FROM `jieqi_users`

[ 2017-08-25T10:24:53+08:00 ] 127.0.0.1 /User/test
INFO: [ app_init ] --START--
INFO: Run Behavior\BuildLiteBehavior [ RunTime:0.000000s ]
INFO: [ app_init ] --END-- [ RunTime:0.001000s ]
INFO: [ app_begin ] --START--
INFO: Run Behavior\ReadHtmlCacheBehavior [ RunTime:0.001000s ]
INFO: [ app_begin ] --END-- [ RunTime:0.001000s ]
NOTIC: [8] Undefined index: usercode D:\xampp\htdocs\mobilebook\Application\Mobile\Controller\MobileBaseController.class.php 第 96 行.
ERR: 1146:Table 'acool.jieqi_users' doesn't exist
 [ SQL语句 ] : SHOW COLUMNS FROM `jieqi_users`

[ 2017-08-25T10:25:26+08:00 ] 127.0.0.1 /User/test
INFO: [ app_init ] --START--
INFO: Run Behavior\BuildLiteBehavior [ RunTime:0.001000s ]
INFO: [ app_init ] --END-- [ RunTime:0.001000s ]
INFO: [ app_begin ] --START--
INFO: Run Behavior\ReadHtmlCacheBehavior [ RunTime:0.001000s ]
INFO: [ app_begin ] --END-- [ RunTime:0.001000s ]
NOTIC: [8] Undefined index: usercode D:\xampp\htdocs\mobilebook\Application\Mobile\Controller\MobileBaseController.class.php 第 96 行.
ERR: 1146:Table 'acool.jieqi_users' doesn't exist
 [ SQL语句 ] : SHOW COLUMNS FROM `jieqi_users`

[ 2017-08-25T10:25:56+08:00 ] 127.0.0.1 /User/test
INFO: [ app_init ] --START--
INFO: Run Behavior\BuildLiteBehavior [ RunTime:0.000000s ]
INFO: [ app_init ] --END-- [ RunTime:0.001000s ]
INFO: [ app_begin ] --START--
INFO: Run Behavior\ReadHtmlCacheBehavior [ RunTime:0.000000s ]
INFO: [ app_begin ] --END-- [ RunTime:0.000000s ]
NOTIC: [8] Undefined index: usercode D:\xampp\htdocs\mobilebook\Application\Mobile\Controller\MobileBaseController.class.php 第 96 行.
ERR: 1146:Table 'acool.jieqi_users' doesn't exist
 [ SQL语句 ] : SHOW COLUMNS FROM `jieqi_users`
ERR: 1062:Duplicate entry '622' for key 'PRIMARY'
 [ SQL语句 ] : INSERT INTO `jieqi_distribution_payment` (`askid`,`status`,`asktime`,`askmoney`,`paymoney`,`channelid`,`proportion`,`addtime`,`paydate`,`isall`,`paycount`) VALUES ('622','2','2017-08-25','420','378','22','0.9','1503621236','1503590400','0','14')

[ 2017-08-25T10:26:09+08:00 ] 127.0.0.1 /User/test
INFO: [ app_init ] --START--
INFO: Run Behavior\BuildLiteBehavior [ RunTime:0.000000s ]
INFO: [ app_init ] --END-- [ RunTime:0.000000s ]
INFO: [ app_begin ] --START--
INFO: Run Behavior\ReadHtmlCacheBehavior [ RunTime:0.001000s ]
INFO: [ app_begin ] --END-- [ RunTime:0.001000s ]
NOTIC: [8] Undefined index: usercode D:\xampp\htdocs\mobilebook\Application\Mobile\Controller\MobileBaseController.class.php 第 96 行.
ERR: 1146:Table 'acool.jieqi_users' doesn't exist
 [ SQL语句 ] : SHOW COLUMNS FROM `jieqi_users`

[ 2017-08-25T10:26:42+08:00 ] 127.0.0.1 /User/test
INFO: [ app_init ] --START--
INFO: Run Behavior\BuildLiteBehavior [ RunTime:0.000000s ]
INFO: [ app_init ] --END-- [ RunTime:0.000000s ]
INFO: [ app_begin ] --START--
INFO: Run Behavior\ReadHtmlCacheBehavior [ RunTime:0.000000s ]
INFO: [ app_begin ] --END-- [ RunTime:0.001000s ]
NOTIC: [8] Undefined index: usercode D:\xampp\htdocs\mobilebook\Application\Mobile\Controller\MobileBaseController.class.php 第 96 行.
ERR: 1146:Table 'acool.jieqi_users' doesn't exist
 [ SQL语句 ] : SHOW COLUMNS FROM `jieqi_users`

[ 2017-08-25T10:29:26+08:00 ] 127.0.0.1 /User/test
INFO: [ app_init ] --START--
INFO: Run Behavior\BuildLiteBehavior [ RunTime:0.000000s ]
INFO: [ app_init ] --END-- [ RunTime:0.001000s ]
INFO: [ app_begin ] --START--
INFO: Run Behavior\ReadHtmlCacheBehavior [ RunTime:0.001000s ]
INFO: [ app_begin ] --END-- [ RunTime:0.001000s ]
NOTIC: [8] Undefined index: usercode D:\xampp\htdocs\mobilebook\Application\Mobile\Controller\MobileBaseController.class.php 第 96 行.
ERR: 1146:Table 'acool.jieqi_users' doesn't exist
 [ SQL语句 ] : SHOW COLUMNS FROM `jieqi_users`
INFO: [ app_end ] --START--
INFO: Run Behavior\ShowPageTraceBehavior [ RunTime:0.001000s ]
INFO: [ app_end ] --END-- [ RunTime:0.001000s ]

[ 2017-08-25T10:29:46+08:00 ] 127.0.0.1 /User/test
INFO: [ app_init ] --START--
INFO: Run Behavior\BuildLiteBehavior [ RunTime:0.000000s ]
INFO: [ app_init ] --END-- [ RunTime:0.001000s ]
INFO: [ app_begin ] --START--
INFO: Run Behavior\ReadHtmlCacheBehavior [ RunTime:0.001000s ]
INFO: [ app_begin ] --END-- [ RunTime:0.001000s ]
NOTIC: [8] Undefined index: usercode D:\xampp\htdocs\mobilebook\Application\Mobile\Controller\MobileBaseController.class.php 第 96 行.
ERR: 1146:Table 'acool.jieqi_users' doesn't exist
 [ SQL语句 ] : SHOW COLUMNS FROM `jieqi_users`
NOTIC: [8] Undefined index: money D:\xampp\htdocs\mobilebook\Application\Mobile\Logic\UsersLogic.class.php 第 865 行.
NOTIC: [8] Undefined index: money D:\xampp\htdocs\mobilebook\Application\Mobile\Logic\UsersLogic.class.php 第 867 行.
INFO: [ app_end ] --START--
INFO: Run Behavior\ShowPageTraceBehavior [ RunTime:0.001000s ]
INFO: [ app_end ] --END-- [ RunTime:0.001000s ]

[ 2017-08-25T10:30:03+08:00 ] 127.0.0.1 /User/test
INFO: [ app_init ] --START--
INFO: Run Behavior\BuildLiteBehavior [ RunTime:0.000000s ]
INFO: [ app_init ] --END-- [ RunTime:0.000000s ]
INFO: [ app_begin ] --START--
INFO: Run Behavior\ReadHtmlCacheBehavior [ RunTime:0.000000s ]
INFO: [ app_begin ] --END-- [ RunTime:0.001000s ]
NOTIC: [8] Undefined index: usercode D:\xampp\htdocs\mobilebook\Application\Mobile\Controller\MobileBaseController.class.php 第 96 行.
ERR: 1146:Table 'acool.jieqi_users' doesn't exist
 [ SQL语句 ] : SHOW COLUMNS FROM `jieqi_users`
NOTIC: [8] Undefined index: money D:\xampp\htdocs\mobilebook\Application\Mobile\Logic\UsersLogic.class.php 第 865 行.
NOTIC: [8] Undefined index: money D:\xampp\htdocs\mobilebook\Application\Mobile\Logic\UsersLogic.class.php 第 867 行.
INFO: [ app_end ] --START--
INFO: Run Behavior\ShowPageTraceBehavior [ RunTime:0.001000s ]
INFO: [ app_end ] --END-- [ RunTime:0.001000s ]

[ 2017-08-25T10:30:36+08:00 ] 127.0.0.1 /User/test
INFO: [ app_init ] --START--
INFO: Run Behavior\BuildLiteBehavior [ RunTime:0.000000s ]
INFO: [ app_init ] --END-- [ RunTime:0.001000s ]
INFO: [ app_begin ] --START--
INFO: Run Behavior\ReadHtmlCacheBehavior [ RunTime:0.001000s ]
INFO: [ app_begin ] --END-- [ RunTime:0.001000s ]
NOTIC: [8] Undefined index: usercode D:\xampp\htdocs\mobilebook\Application\Mobile\Controller\MobileBaseController.class.php 第 96 行.
ERR: 1146:Table 'acool.jieqi_users' doesn't exist
 [ SQL语句 ] : SHOW COLUMNS FROM `jieqi_users`
NOTIC: [8] Undefined index: money D:\xampp\htdocs\mobilebook\Application\Mobile\Logic\UsersLogic.class.php 第 865 行.
NOTIC: [8] Undefined index: money D:\xampp\htdocs\mobilebook\Application\Mobile\Logic\UsersLogic.class.php 第 867 行.
INFO: [ app_end ] --START--
INFO: Run Behavior\ShowPageTraceBehavior [ RunTime:0.000000s ]
INFO: [ app_end ] --END-- [ RunTime:0.001000s ]

[ 2017-08-25T10:31:19+08:00 ] 127.0.0.1 /User/test
INFO: [ app_init ] --START--
INFO: Run Behavior\BuildLiteBehavior [ RunTime:0.000000s ]
INFO: [ app_init ] --END-- [ RunTime:0.000000s ]
INFO: [ app_begin ] --START--
INFO: Run Behavior\ReadHtmlCacheBehavior [ RunTime:0.001000s ]
INFO: [ app_begin ] --END-- [ RunTime:0.001000s ]
NOTIC: [8] Undefined index: usercode D:\xampp\htdocs\mobilebook\Application\Mobile\Controller\MobileBaseController.class.php 第 96 行.
ERR: 1146:Table 'acool.jieqi_users' doesn't exist
 [ SQL语句 ] : SHOW COLUMNS FROM `jieqi_users`
NOTIC: [8] Undefined index: money D:\xampp\htdocs\mobilebook\Application\Mobile\Logic\UsersLogic.class.php 第 865 行.
NOTIC: [8] Undefined index: money D:\xampp\htdocs\mobilebook\Application\Mobile\Logic\UsersLogic.class.php 第 867 行.
INFO: [ app_end ] --START--
INFO: Run Behavior\ShowPageTraceBehavior [ RunTime:0.000000s ]
INFO: [ app_end ] --END-- [ RunTime:0.001000s ]

[ 2017-08-25T10:31:52+08:00 ] 127.0.0.1 /User/test
INFO: [ app_init ] --START--
INFO: Run Behavior\BuildLiteBehavior [ RunTime:0.000000s ]
INFO: [ app_init ] --END-- [ RunTime:0.000000s ]
INFO: [ app_begin ] --START--
INFO: Run Behavior\ReadHtmlCacheBehavior [ RunTime:0.001000s ]
INFO: [ app_begin ] --END-- [ RunTime:0.001000s ]
NOTIC: [8] Undefined index: usercode D:\xampp\htdocs\mobilebook\Application\Mobile\Controller\MobileBaseController.class.php 第 96 行.
ERR: 1146:Table 'acool.jieqi_users' doesn't exist
 [ SQL语句 ] : SHOW COLUMNS FROM `jieqi_users`
NOTIC: [8] Undefined index: money D:\xampp\htdocs\mobilebook\Application\Mobile\Logic\UsersLogic.class.php 第 866 行.
NOTIC: [8] Undefined index: money D:\xampp\htdocs\mobilebook\Application\Mobile\Logic\UsersLogic.class.php 第 868 行.
INFO: [ app_end ] --START--
INFO: Run Behavior\ShowPageTraceBehavior [ RunTime:0.001000s ]
INFO: [ app_end ] --END-- [ RunTime:0.001000s ]

[ 2017-08-25T10:32:34+08:00 ] 127.0.0.1 /User/test
INFO: [ app_init ] --START--
INFO: Run Behavior\BuildLiteBehavior [ RunTime:0.000000s ]
INFO: [ app_init ] --END-- [ RunTime:0.001000s ]
INFO: [ app_begin ] --START--
INFO: Run Behavior\ReadHtmlCacheBehavior [ RunTime:0.001000s ]
INFO: [ app_begin ] --END-- [ RunTime:0.001000s ]
NOTIC: [8] Undefined index: usercode D:\xampp\htdocs\mobilebook\Application\Mobile\Controller\MobileBaseController.class.php 第 96 行.
ERR: 1146:Table 'acool.jieqi_users' doesn't exist
 [ SQL语句 ] : SHOW COLUMNS FROM `jieqi_users`
NOTIC: [8] Undefined index: money D:\xampp\htdocs\mobilebook\Application\Mobile\Logic\UsersLogic.class.php 第 866 行.
NOTIC: [8] Undefined index: money D:\xampp\htdocs\mobilebook\Application\Mobile\Logic\UsersLogic.class.php 第 868 行.

[ 2017-08-25T10:36:27+08:00 ] 127.0.0.1 /User/test
INFO: [ app_init ] --START--
INFO: Run Behavior\BuildLiteBehavior [ RunTime:0.000000s ]
INFO: [ app_init ] --END-- [ RunTime:0.001000s ]
INFO: [ app_begin ] --START--
INFO: Run Behavior\ReadHtmlCacheBehavior [ RunTime:0.001000s ]
INFO: [ app_begin ] --END-- [ RunTime:0.001000s ]
NOTIC: [8] Undefined index: usercode D:\xampp\htdocs\mobilebook\Application\Mobile\Controller\MobileBaseController.class.php 第 96 行.
ERR: 1146:Table 'acool.jieqi_users' doesn't exist
 [ SQL语句 ] : SHOW COLUMNS FROM `jieqi_users`
INFO: [ app_end ] --START--
INFO: Run Behavior\ShowPageTraceBehavior [ RunTime:0.000000s ]
INFO: [ app_end ] --END-- [ RunTime:0.000000s ]

[ 2017-08-25T10:36:38+08:00 ] 127.0.0.1 /User/test
INFO: [ app_init ] --START--
INFO: Run Behavior\BuildLiteBehavior [ RunTime:0.000000s ]
INFO: [ app_init ] --END-- [ RunTime:0.000000s ]
INFO: [ app_begin ] --START--
INFO: Run Behavior\ReadHtmlCacheBehavior [ RunTime:0.001000s ]
INFO: [ app_begin ] --END-- [ RunTime:0.001000s ]
NOTIC: [8] Undefined index: usercode D:\xampp\htdocs\mobilebook\Application\Mobile\Controller\MobileBaseController.class.php 第 96 行.
ERR: 1146:Table 'acool.jieqi_users' doesn't exist
 [ SQL语句 ] : SHOW COLUMNS FROM `jieqi_users`
INFO: [ app_end ] --START--
INFO: Run Behavior\ShowPageTraceBehavior [ RunTime:0.000000s ]
INFO: [ app_end ] --END-- [ RunTime:0.001000s ]

[ 2017-08-25T10:40:57+08:00 ] 127.0.0.1 /User/test
INFO: [ app_init ] --START--
INFO: Run Behavior\BuildLiteBehavior [ RunTime:0.000000s ]
INFO: [ app_init ] --END-- [ RunTime:0.000000s ]
INFO: [ app_begin ] --START--
INFO: Run Behavior\ReadHtmlCacheBehavior [ RunTime:0.000000s ]
INFO: [ app_begin ] --END-- [ RunTime:0.001000s ]
NOTIC: [8] Undefined index: usercode D:\xampp\htdocs\mobilebook\Application\Mobile\Controller\MobileBaseController.class.php 第 96 行.
ERR: 1146:Table 'acool.jieqi_users' doesn't exist
 [ SQL语句 ] : SHOW COLUMNS FROM `jieqi_users`
INFO: [ app_end ] --START--
INFO: Run Behavior\ShowPageTraceBehavior [ RunTime:0.001000s ]
INFO: [ app_end ] --END-- [ RunTime:0.001000s ]

[ 2017-08-25T10:42:05+08:00 ] 127.0.0.1 /User/test
INFO: [ app_init ] --START--
INFO: Run Behavior\BuildLiteBehavior [ RunTime:0.000000s ]
INFO: [ app_init ] --END-- [ RunTime:0.001000s ]
INFO: [ app_begin ] --START--
INFO: Run Behavior\ReadHtmlCacheBehavior [ RunTime:0.000000s ]
INFO: [ app_begin ] --END-- [ RunTime:0.001001s ]
NOTIC: [8] Undefined index: usercode D:\xampp\htdocs\mobilebook\Application\Mobile\Controller\MobileBaseController.class.php 第 96 行.
ERR: 1146:Table 'acool.jieqi_users' doesn't exist
 [ SQL语句 ] : SHOW COLUMNS FROM `jieqi_users`
INFO: [ app_end ] --START--
INFO: Run Behavior\ShowPageTraceBehavior [ RunTime:0.001000s ]
INFO: [ app_end ] --END-- [ RunTime:0.001000s ]

[ 2017-08-25T10:43:52+08:00 ] 127.0.0.1 /User/test
INFO: [ app_init ] --START--
INFO: Run Behavior\BuildLiteBehavior [ RunTime:0.000000s ]
INFO: [ app_init ] --END-- [ RunTime:0.001000s ]
INFO: [ app_begin ] --START--
INFO: Run Behavior\ReadHtmlCacheBehavior [ RunTime:0.001001s ]
INFO: [ app_begin ] --END-- [ RunTime:0.001001s ]
NOTIC: [8] Undefined index: usercode D:\xampp\htdocs\mobilebook\Application\Mobile\Controller\MobileBaseController.class.php 第 96 行.
ERR: 1146:Table 'acool.jieqi_users' doesn't exist
 [ SQL语句 ] : SHOW COLUMNS FROM `jieqi_users`
INFO: [ app_end ] --START--
INFO: Run Behavior\ShowPageTraceBehavior [ RunTime:0.000000s ]
INFO: [ app_end ] --END-- [ RunTime:0.000000s ]

[ 2017-08-25T10:44:03+08:00 ] 127.0.0.1 /User/test
INFO: [ app_init ] --START--
INFO: Run Behavior\BuildLiteBehavior [ RunTime:0.000000s ]
INFO: [ app_init ] --END-- [ RunTime:0.000000s ]
INFO: [ app_begin ] --START--
INFO: Run Behavior\ReadHtmlCacheBehavior [ RunTime:0.001000s ]
INFO: [ app_begin ] --END-- [ RunTime:0.001000s ]
NOTIC: [8] Undefined index: usercode D:\xampp\htdocs\mobilebook\Application\Mobile\Controller\MobileBaseController.class.php 第 96 行.
ERR: 1146:Table 'acool.jieqi_users' doesn't exist
 [ SQL语句 ] : SHOW COLUMNS FROM `jieqi_users`
INFO: [ app_end ] --START--
INFO: Run Behavior\ShowPageTraceBehavior [ RunTime:0.001000s ]
INFO: [ app_end ] --END-- [ RunTime:0.001000s ]

